<?xml version="1.0" encoding="UTF-8"?>
<testsuites tests="5" failures="0" errors="0" skipped="0">
  <testsuite name="TS Login 02 Verify the Login page" timestamp="2026-02-08T21:06:45" time="18.618" tests="5" failures="0" errors="0" skipped="0">
    <properties>
      <property name="specId" value="0"/>
      <property name="suiteName" value="[TS_Login_02] Verify the Login page"/>
      <property name="capabilities" value="chrome.144_0_7559_133.windows"/>
      <property name="file" value="file:///C:/Users/subra/OneDrive%20-%20ICAD%20Airports%20Pvt%20Ltd/Desktop/AIP%20Sentinel%20Automation%2005-10-2025/test/specs/LoginPage_test.e2e.ts"/>
    </properties>
    <testcase classname="chrome.144_0_7559_133.windows.[TS_Login_02]_Verify_the_Login_page" name="Manager should able to login with valid credentials" time="11.328">
      <system-out><![CDATA[
COMMAND: POST /session/35206a3b5c2ed5b5c17a10afde31a2c5/window/maximize - {}
RESULT: {}
COMMAND: POST /session/35206a3b5c2ed5b5c17a10afde31a2c5/element/f.011B2CC91934F5C782EF2912E2D5C42A.d.953F463212309EDE50E0CE89E8AC097C.e.14/click - {}
RESULT: {}
COMMAND: POST /session/35206a3b5c2ed5b5c17a10afde31a2c5/element/f.011B2CC91934F5C782EF2912E2D5C42A.d.953F463212309EDE50E0CE89E8AC097C.e.4/clear - {}
RESULT: {}
COMMAND: POST /session/35206a3b5c2ed5b5c17a10afde31a2c5/element/f.011B2CC91934F5C782EF2912E2D5C42A.d.953F463212309EDE50E0CE89E8AC097C.e.4/value - {"text":"subrat@sourceintegreta.com"}
RESULT: {"text":"subrat@sourceintegreta.com"}
COMMAND: POST /session/35206a3b5c2ed5b5c17a10afde31a2c5/element/f.011B2CC91934F5C782EF2912E2D5C42A.d.953F463212309EDE50E0CE89E8AC097C.e.5/clear - {}
RESULT: {}
COMMAND: POST /session/35206a3b5c2ed5b5c17a10afde31a2c5/element/f.011B2CC91934F5C782EF2912E2D5C42A.d.953F463212309EDE50E0CE89E8AC097C.e.5/value - {"text":"Bubun@1245"}
RESULT: {"text":"Bubun@1245"}
COMMAND: GET /session/35206a3b5c2ed5b5c17a10afde31a2c5/element/f.011B2CC91934F5C782EF2912E2D5C42A.d.953F463212309EDE50E0CE89E8AC097C.e.7/enabled - {}
RESULT: {}
COMMAND: GET /session/35206a3b5c2ed5b5c17a10afde31a2c5/element/f.011B2CC91934F5C782EF2912E2D5C42A.d.953F463212309EDE50E0CE89E8AC097C.e.21/text - {}
RESULT: {}
COMMAND: POST /session/35206a3b5c2ed5b5c17a10afde31a2c5/element/f.011B2CC91934F5C782EF2912E2D5C42A.d.953F463212309EDE50E0CE89E8AC097C.e.7/click - {}
RESULT: {}
COMMAND: GET /session/35206a3b5c2ed5b5c17a10afde31a2c5/element/f.011B2CC91934F5C782EF2912E2D5C42A.d.953F463212309EDE50E0CE89E8AC097C.e.22/text - {}
RESULT: {}
COMMAND: GET /session/35206a3b5c2ed5b5c17a10afde31a2c5/element/f.011B2CC91934F5C782EF2912E2D5C42A.d.953F463212309EDE50E0CE89E8AC097C.e.23/text - {}
RESULT: {}
COMMAND: POST /session/35206a3b5c2ed5b5c17a10afde31a2c5/element/f.011B2CC91934F5C782EF2912E2D5C42A.d.953F463212309EDE50E0CE89E8AC097C.e.24/click - {}
RESULT: {}
COMMAND: POST /session/35206a3b5c2ed5b5c17a10afde31a2c5/element/f.011B2CC91934F5C782EF2912E2D5C42A.d.953F463212309EDE50E0CE89E8AC097C.e.27/click - {}
RESULT: {}
COMMAND: GET /session/35206a3b5c2ed5b5c17a10afde31a2c5/element/Sign%20in%20to%20AIP%20DashboardSign%20in%20to%20AIP%20Dashboard/displayed - {}
RESULT: {}
]]></system-out>
    </testcase>
    <testcase classname="chrome.144_0_7559_133.windows.[TS_Login_02]_Verify_the_Login_page" name="Admin should able to login with valid credentials" time="2.823">
      <system-out><![CDATA[
COMMAND: POST /session/35206a3b5c2ed5b5c17a10afde31a2c5/window/maximize - {}
RESULT: {}
COMMAND: POST /session/35206a3b5c2ed5b5c17a10afde31a2c5/element/f.011B2CC91934F5C782EF2912E2D5C42A.d.09CF73EB6BE9FAA3A60FF05FB707DEA7.e.37/click - {}
RESULT: {}
COMMAND: POST /session/35206a3b5c2ed5b5c17a10afde31a2c5/element/f.011B2CC91934F5C782EF2912E2D5C42A.d.09CF73EB6BE9FAA3A60FF05FB707DEA7.e.41/clear - {}
RESULT: {}
COMMAND: POST /session/35206a3b5c2ed5b5c17a10afde31a2c5/element/f.011B2CC91934F5C782EF2912E2D5C42A.d.09CF73EB6BE9FAA3A60FF05FB707DEA7.e.41/value - {"text":"aip.admin@niairport.in"}
RESULT: {"text":"aip.admin@niairport.in"}
COMMAND: POST /session/35206a3b5c2ed5b5c17a10afde31a2c5/element/f.011B2CC91934F5C782EF2912E2D5C42A.d.09CF73EB6BE9FAA3A60FF05FB707DEA7.e.42/clear - {}
RESULT: {}
COMMAND: POST /session/35206a3b5c2ed5b5c17a10afde31a2c5/element/f.011B2CC91934F5C782EF2912E2D5C42A.d.09CF73EB6BE9FAA3A60FF05FB707DEA7.e.42/value - {"text":"MSI@Admin123"}
RESULT: {"text":"MSI@Admin123"}
COMMAND: GET /session/35206a3b5c2ed5b5c17a10afde31a2c5/element/f.011B2CC91934F5C782EF2912E2D5C42A.d.09CF73EB6BE9FAA3A60FF05FB707DEA7.e.44/enabled - {}
RESULT: {}
COMMAND: GET /session/35206a3b5c2ed5b5c17a10afde31a2c5/element/f.011B2CC91934F5C782EF2912E2D5C42A.d.09CF73EB6BE9FAA3A60FF05FB707DEA7.e.52/text - {}
RESULT: {}
COMMAND: POST /session/35206a3b5c2ed5b5c17a10afde31a2c5/element/f.011B2CC91934F5C782EF2912E2D5C42A.d.09CF73EB6BE9FAA3A60FF05FB707DEA7.e.44/click - {}
RESULT: {}
COMMAND: GET /session/35206a3b5c2ed5b5c17a10afde31a2c5/element/f.011B2CC91934F5C782EF2912E2D5C42A.d.09CF73EB6BE9FAA3A60FF05FB707DEA7.e.53/text - {}
RESULT: {}
COMMAND: GET /session/35206a3b5c2ed5b5c17a10afde31a2c5/element/f.011B2CC91934F5C782EF2912E2D5C42A.d.09CF73EB6BE9FAA3A60FF05FB707DEA7.e.54/text - {}
RESULT: {}
COMMAND: POST /session/35206a3b5c2ed5b5c17a10afde31a2c5/element/f.011B2CC91934F5C782EF2912E2D5C42A.d.09CF73EB6BE9FAA3A60FF05FB707DEA7.e.55/click - {}
RESULT: {}
COMMAND: POST /session/35206a3b5c2ed5b5c17a10afde31a2c5/element/f.011B2CC91934F5C782EF2912E2D5C42A.d.09CF73EB6BE9FAA3A60FF05FB707DEA7.e.58/click - {}
RESULT: {}
COMMAND: GET /session/35206a3b5c2ed5b5c17a10afde31a2c5/element/Sign%20in%20to%20AIP%20DashboardSign%20in%20to%20AIP%20Dashboard/displayed - {}
RESULT: {}
]]></system-out>
    </testcase>
    <testcase classname="chrome.144_0_7559_133.windows.[TS_Login_02]_Verify_the_Login_page" name="User should able to login with valid credentials" time="2.241">
      <system-out><![CDATA[
COMMAND: POST /session/35206a3b5c2ed5b5c17a10afde31a2c5/window/maximize - {}
RESULT: {}
COMMAND: POST /session/35206a3b5c2ed5b5c17a10afde31a2c5/element/f.011B2CC91934F5C782EF2912E2D5C42A.d.CEBC63AD476F38CF46860C62EC32D2B3.e.66/click - {}
RESULT: {}
COMMAND: POST /session/35206a3b5c2ed5b5c17a10afde31a2c5/element/f.011B2CC91934F5C782EF2912E2D5C42A.d.CEBC63AD476F38CF46860C62EC32D2B3.e.74/click - {}
RESULT: {}
COMMAND: POST /session/35206a3b5c2ed5b5c17a10afde31a2c5/element/f.011B2CC91934F5C782EF2912E2D5C42A.d.CEBC63AD476F38CF46860C62EC32D2B3.e.69/clear - {}
RESULT: {}
COMMAND: POST /session/35206a3b5c2ed5b5c17a10afde31a2c5/element/f.011B2CC91934F5C782EF2912E2D5C42A.d.CEBC63AD476F38CF46860C62EC32D2B3.e.69/value - {"text":"venkat@sourceintegreta.com"}
RESULT: {"text":"venkat@sourceintegreta.com"}
COMMAND: POST /session/35206a3b5c2ed5b5c17a10afde31a2c5/element/f.011B2CC91934F5C782EF2912E2D5C42A.d.CEBC63AD476F38CF46860C62EC32D2B3.e.70/clear - {}
RESULT: {}
COMMAND: POST /session/35206a3b5c2ed5b5c17a10afde31a2c5/element/f.011B2CC91934F5C782EF2912E2D5C42A.d.CEBC63AD476F38CF46860C62EC32D2B3.e.70/value - {"text":"Saikumar@979"}
RESULT: {"text":"Saikumar@979"}
COMMAND: GET /session/35206a3b5c2ed5b5c17a10afde31a2c5/element/f.011B2CC91934F5C782EF2912E2D5C42A.d.CEBC63AD476F38CF46860C62EC32D2B3.e.71/enabled - {}
RESULT: {}
COMMAND: GET /session/35206a3b5c2ed5b5c17a10afde31a2c5/element/f.011B2CC91934F5C782EF2912E2D5C42A.d.CEBC63AD476F38CF46860C62EC32D2B3.e.79/text - {}
RESULT: {}
COMMAND: POST /session/35206a3b5c2ed5b5c17a10afde31a2c5/element/f.011B2CC91934F5C782EF2912E2D5C42A.d.CEBC63AD476F38CF46860C62EC32D2B3.e.71/click - {}
RESULT: {}
COMMAND: GET /session/35206a3b5c2ed5b5c17a10afde31a2c5/element/f.011B2CC91934F5C782EF2912E2D5C42A.d.CEBC63AD476F38CF46860C62EC32D2B3.e.82/text - {}
RESULT: {}
COMMAND: GET /session/35206a3b5c2ed5b5c17a10afde31a2c5/element/f.011B2CC91934F5C782EF2912E2D5C42A.d.CEBC63AD476F38CF46860C62EC32D2B3.e.83/text - {}
RESULT: {}
COMMAND: POST /session/35206a3b5c2ed5b5c17a10afde31a2c5/element/f.011B2CC91934F5C782EF2912E2D5C42A.d.CEBC63AD476F38CF46860C62EC32D2B3.e.84/click - {}
RESULT: {}
COMMAND: POST /session/35206a3b5c2ed5b5c17a10afde31a2c5/element/f.011B2CC91934F5C782EF2912E2D5C42A.d.CEBC63AD476F38CF46860C62EC32D2B3.e.85/click - {}
RESULT: {}
COMMAND: GET /session/35206a3b5c2ed5b5c17a10afde31a2c5/element/Sign%20in%20to%20AIP%20DashboardSign%20in%20to%20AIP%20Dashboard/displayed - {}
RESULT: {}
]]></system-out>
    </testcase>
    <testcase classname="chrome.144_0_7559_133.windows.[TS_Login_02]_Verify_the_Login_page" name="Verify the functionality of Forgot password link and page asthetics of forgot password page" time="1.26">
      <system-out><![CDATA[
COMMAND: POST /session/35206a3b5c2ed5b5c17a10afde31a2c5/window/maximize - {}
RESULT: {}
COMMAND: POST /session/35206a3b5c2ed5b5c17a10afde31a2c5/element/f.011B2CC91934F5C782EF2912E2D5C42A.d.BC52872F8D6A10C875E2DC42A519EEC4.e.93/click - {}
RESULT: {}
COMMAND: GET /session/35206a3b5c2ed5b5c17a10afde31a2c5/element/f.011B2CC91934F5C782EF2912E2D5C42A.d.BC52872F8D6A10C875E2DC42A519EEC4.e.104/enabled - {}
RESULT: {}
COMMAND: POST /session/35206a3b5c2ed5b5c17a10afde31a2c5/element/f.011B2CC91934F5C782EF2912E2D5C42A.d.BC52872F8D6A10C875E2DC42A519EEC4.e.104/clear - {}
RESULT: {}
COMMAND: POST /session/35206a3b5c2ed5b5c17a10afde31a2c5/element/f.011B2CC91934F5C782EF2912E2D5C42A.d.BC52872F8D6A10C875E2DC42A519EEC4.e.104/value - {"text":"aip.admin@niairport.in"}
RESULT: {"text":"aip.admin@niairport.in"}
COMMAND: POST /session/35206a3b5c2ed5b5c17a10afde31a2c5/element/f.011B2CC91934F5C782EF2912E2D5C42A.d.BC52872F8D6A10C875E2DC42A519EEC4.e.109/click - {}
RESULT: {}
COMMAND: POST /session/35206a3b5c2ed5b5c17a10afde31a2c5/element/f.011B2CC91934F5C782EF2912E2D5C42A.d.BC52872F8D6A10C875E2DC42A519EEC4.e.110/click - {}
RESULT: {}
]]></system-out>
    </testcase>
    <testcase classname="chrome.144_0_7559_133.windows.[TS_Login_02]_Verify_the_Login_page" name="Verify that user enter unregistered email for forgot password" time="0.949">
      <system-out><![CDATA[
COMMAND: POST /session/35206a3b5c2ed5b5c17a10afde31a2c5/window/maximize - {}
RESULT: {}
COMMAND: POST /session/35206a3b5c2ed5b5c17a10afde31a2c5/element/f.011B2CC91934F5C782EF2912E2D5C42A.d.781040F27D0463A0469972599F4416A3.e.118/click - {}
RESULT: {}
COMMAND: POST /session/35206a3b5c2ed5b5c17a10afde31a2c5/element/f.011B2CC91934F5C782EF2912E2D5C42A.d.781040F27D0463A0469972599F4416A3.e.127/clear - {}
RESULT: {}
COMMAND: POST /session/35206a3b5c2ed5b5c17a10afde31a2c5/element/f.011B2CC91934F5C782EF2912E2D5C42A.d.781040F27D0463A0469972599F4416A3.e.127/value - {"text":"ABC231@gmail.com"}
RESULT: {"text":"ABC231@gmail.com"}
COMMAND: POST /session/35206a3b5c2ed5b5c17a10afde31a2c5/element/f.011B2CC91934F5C782EF2912E2D5C42A.d.781040F27D0463A0469972599F4416A3.e.131/click - {}
RESULT: {}
COMMAND: GET /session/35206a3b5c2ed5b5c17a10afde31a2c5/element/f.011B2CC91934F5C782EF2912E2D5C42A.d.781040F27D0463A0469972599F4416A3.e.132/text - {}
RESULT: {}
COMMAND: DELETE /session/35206a3b5c2ed5b5c17a10afde31a2c5 - {}
RESULT: {}
]]></system-out>
    </testcase>
  </testsuite>
</testsuites>