<?xml version="1.0" encoding="UTF-8"?>
<testsuites tests="1" failures="1" errors="0" skipped="0">
  <testsuite name="Dashboard Page Test Suite" timestamp="2026-02-08T21:06:45" time="10.935" tests="1" failures="1" errors="0" skipped="0">
    <properties>
      <property name="specId" value="0"/>
      <property name="suiteName" value="Dashboard Page Test Suite"/>
      <property name="capabilities" value="chrome.144_0_7559_133.windows"/>
      <property name="file" value="file:///C:/Users/subra/OneDrive%20-%20ICAD%20Airports%20Pvt%20Ltd/Desktop/AIP%20Sentinel%20Automation%2005-10-2025/test/specs/dashboardpage_test.e2e.ts"/>
    </properties>
    <testcase classname="chrome.144_0_7559_133.windows.Dashboard_Page_Test_Suite" name="should verify dashboard elements are displayed after login" time="10.878">
      <failure message="WebDriver Bidi command &quot;script.callFunction&quot; failed with error: invalid argument - Invalid input in &quot;arguments&quot;/0."/>
      <system-out><![CDATA[
COMMAND: POST /session/885c051594291c7b1c8fcc5f0408513c/window/maximize - {}
RESULT: {}
COMMAND: POST /session/885c051594291c7b1c8fcc5f0408513c/element/f.7EC918947FA55F6E0C8FD8D54E011E9B.d.3426797474A956F5731F360C8BD63470.e.14/click - {}
RESULT: {}
COMMAND: POST /session/885c051594291c7b1c8fcc5f0408513c/element/f.7EC918947FA55F6E0C8FD8D54E011E9B.d.3426797474A956F5731F360C8BD63470.e.6/clear - {}
RESULT: {}
COMMAND: POST /session/885c051594291c7b1c8fcc5f0408513c/element/f.7EC918947FA55F6E0C8FD8D54E011E9B.d.3426797474A956F5731F360C8BD63470.e.6/value - {"text":"aip.admin@niairport.in"}
RESULT: {"text":"aip.admin@niairport.in"}
COMMAND: POST /session/885c051594291c7b1c8fcc5f0408513c/element/f.7EC918947FA55F6E0C8FD8D54E011E9B.d.3426797474A956F5731F360C8BD63470.e.7/clear - {}
RESULT: {}
COMMAND: POST /session/885c051594291c7b1c8fcc5f0408513c/element/f.7EC918947FA55F6E0C8FD8D54E011E9B.d.3426797474A956F5731F360C8BD63470.e.7/value - {"text":"MSI@Admin123"}
RESULT: {"text":"MSI@Admin123"}
COMMAND: GET /session/885c051594291c7b1c8fcc5f0408513c/element/f.7EC918947FA55F6E0C8FD8D54E011E9B.d.3426797474A956F5731F360C8BD63470.e.9/enabled - {}
RESULT: {}
COMMAND: GET /session/885c051594291c7b1c8fcc5f0408513c/element/f.7EC918947FA55F6E0C8FD8D54E011E9B.d.3426797474A956F5731F360C8BD63470.e.21/text - {}
RESULT: {}
COMMAND: POST /session/885c051594291c7b1c8fcc5f0408513c/element/f.7EC918947FA55F6E0C8FD8D54E011E9B.d.3426797474A956F5731F360C8BD63470.e.9/click - {}
RESULT: {}
COMMAND: DELETE /session/885c051594291c7b1c8fcc5f0408513c - {}
RESULT: {}
]]></system-out>
      <system-err><![CDATA[
Error: WebDriver Bidi command "script.callFunction" failed with error: invalid argument - Invalid input in "arguments"/0.
    at Browser.wrapCommandFn (C:\Users\subra\OneDrive - ICAD Airports Pvt Ltd\Desktop\AIP Sentinel Automation 05-10-2025\node_modules\@wdio\utils\build\index.js:982:32)
    at Browser.<anonymous> (C:\Users\subra\OneDrive - ICAD Airports Pvt Ltd\Desktop\AIP Sentinel Automation 05-10-2025\node_modules\@wdio\utils\build\index.js:1097:20)
    at Browser.execute (C:\Users\subra\OneDrive - ICAD Airports Pvt Ltd\Desktop\AIP Sentinel Automation 05-10-2025\node_modules\webdriverio\build\node.js:3611:34)
    at async Browser.wrapCommandFn (C:\Users\subra\OneDrive - ICAD Airports Pvt Ltd\Desktop\AIP Sentinel Automation 05-10-2025\node_modules\@wdio\utils\build\index.js:982:23)
    at async Promise.all (index 1)
    at async Element.isDisplayed (C:\Users\subra\OneDrive - ICAD Airports Pvt Ltd\Desktop\AIP Sentinel Automation 05-10-2025\node_modules\webdriverio\build\node.js:6960:43)
]]></system-err>
    </testcase>
  </testsuite>
</testsuites>