<?xml version="1.0" encoding="UTF-8"?>
<testsuites tests="1" failures="0" errors="0" skipped="0">
  <testsuite name="Verify the sign up Page" timestamp="2026-02-09T17:32:30" time="14.649" tests="1" failures="0" errors="0" skipped="0">
    <properties>
      <property name="specId" value="0"/>
      <property name="suiteName" value="Verify the sign-up Page"/>
      <property name="capabilities" value="chrome.144_0_7559_133.windows"/>
      <property name="file" value="file:///C:/Users/subra/OneDrive%20-%20ICAD%20Airports%20Pvt%20Ltd/Desktop/AIP%20Sentinel%20Automation%2005-10-2025/test/specs/SignupPage_test.e2e.ts"/>
    </properties>
    <testcase classname="chrome.144_0_7559_133.windows.Verify_the_sign-up_Page" name="Signup As manager and check inline error message if any filed is missing" time="14.644">
      <system-out><![CDATA[
COMMAND: POST /session/bde54f0b06381f49a2b122064db7801e/window/maximize - {}
RESULT: {}
COMMAND: POST /session/bde54f0b06381f49a2b122064db7801e/element/f.4266F9D7690144F64192C9168FCD30D0.d.C1ED803184FCF02DE1919A611E67D172.e.12/click - {}
RESULT: {}
COMMAND: POST /session/bde54f0b06381f49a2b122064db7801e/element/f.4266F9D7690144F64192C9168FCD30D0.d.C1ED803184FCF02DE1919A611E67D172.e.18/click - {}
RESULT: {}
COMMAND: POST /session/bde54f0b06381f49a2b122064db7801e/actions - {"actions":[{"id":"key1","type":"key","parameters":{},"actions":[{"type":"keyDown","value":"M"},{"type":"keyDown","value":""},{"type":"pause","duration":10},{"type":"keyUp","value":"M"},{"type":"keyUp","value":""}]}]}
RESULT: {"actions":[{"id":"key1","type":"key","parameters":{},"actions":[{"type":"keyDown","value":"M"},{"type":"keyDown","value":""},{"type":"pause","duration":10},{"type":"keyUp","value":"M"},{"type":"keyUp","value":""}]}]}
COMMAND: GET /session/bde54f0b06381f49a2b122064db7801e/element/f.4266F9D7690144F64192C9168FCD30D0.d.C1ED803184FCF02DE1919A611E67D172.e.31/text - {}
RESULT: {}
COMMAND: POST /session/bde54f0b06381f49a2b122064db7801e/element/f.4266F9D7690144F64192C9168FCD30D0.d.C1ED803184FCF02DE1919A611E67D172.e.24/clear - {}
RESULT: {}
COMMAND: POST /session/bde54f0b06381f49a2b122064db7801e/element/f.4266F9D7690144F64192C9168FCD30D0.d.C1ED803184FCF02DE1919A611E67D172.e.24/value - {"text":"Test User 651"}
RESULT: {"text":"Test User 651"}
COMMAND: POST /session/bde54f0b06381f49a2b122064db7801e/element/f.4266F9D7690144F64192C9168FCD30D0.d.C1ED803184FCF02DE1919A611E67D172.e.25/clear - {}
RESULT: {}
COMMAND: POST /session/bde54f0b06381f49a2b122064db7801e/element/f.4266F9D7690144F64192C9168FCD30D0.d.C1ED803184FCF02DE1919A611E67D172.e.25/value - {"text":"Tester 651"}
RESULT: {"text":"Tester 651"}
COMMAND: POST /session/bde54f0b06381f49a2b122064db7801e/element/f.4266F9D7690144F64192C9168FCD30D0.d.C1ED803184FCF02DE1919A611E67D172.e.36/click - {}
RESULT: {}
COMMAND: POST /session/bde54f0b06381f49a2b122064db7801e/actions - {"actions":[{"id":"key2","type":"key","parameters":{},"actions":[{"type":"keyDown","value":"A"},{"type":"keyDown","value":""},{"type":"pause","duration":10},{"type":"keyUp","value":"A"},{"type":"keyUp","value":""}]}]}
RESULT: {"actions":[{"id":"key2","type":"key","parameters":{},"actions":[{"type":"keyDown","value":"A"},{"type":"keyDown","value":""},{"type":"pause","duration":10},{"type":"keyUp","value":"A"},{"type":"keyUp","value":""}]}]}
COMMAND: POST /session/bde54f0b06381f49a2b122064db7801e/element/f.4266F9D7690144F64192C9168FCD30D0.d.C1ED803184FCF02DE1919A611E67D172.e.26/clear - {}
RESULT: {}
COMMAND: POST /session/bde54f0b06381f49a2b122064db7801e/element/f.4266F9D7690144F64192C9168FCD30D0.d.C1ED803184FCF02DE1919A611E67D172.e.26/value - {"text":"+919638550914"}
RESULT: {"text":"+919638550914"}
COMMAND: POST /session/bde54f0b06381f49a2b122064db7801e/element/f.4266F9D7690144F64192C9168FCD30D0.d.C1ED803184FCF02DE1919A611E67D172.e.27/clear - {}
RESULT: {}
COMMAND: POST /session/bde54f0b06381f49a2b122064db7801e/element/f.4266F9D7690144F64192C9168FCD30D0.d.C1ED803184FCF02DE1919A611E67D172.e.27/value - {"text":"auto_1770638550914@yopmail.com"}
RESULT: {"text":"auto_1770638550914@yopmail.com"}
COMMAND: POST /session/bde54f0b06381f49a2b122064db7801e/element/f.4266F9D7690144F64192C9168FCD30D0.d.C1ED803184FCF02DE1919A611E67D172.e.28/clear - {}
RESULT: {}
COMMAND: POST /session/bde54f0b06381f49a2b122064db7801e/element/f.4266F9D7690144F64192C9168FCD30D0.d.C1ED803184FCF02DE1919A611E67D172.e.28/value - {"text":"TEST@123"}
RESULT: {"text":"TEST@123"}
COMMAND: POST /session/bde54f0b06381f49a2b122064db7801e/element/f.4266F9D7690144F64192C9168FCD30D0.d.C1ED803184FCF02DE1919A611E67D172.e.29/clear - {}
RESULT: {}
COMMAND: POST /session/bde54f0b06381f49a2b122064db7801e/element/f.4266F9D7690144F64192C9168FCD30D0.d.C1ED803184FCF02DE1919A611E67D172.e.29/value - {"text":"TEST@123"}
RESULT: {"text":"TEST@123"}
COMMAND: POST /session/bde54f0b06381f49a2b122064db7801e/element/f.4266F9D7690144F64192C9168FCD30D0.d.C1ED803184FCF02DE1919A611E67D172.e.22/click - {}
RESULT: {}
COMMAND: POST /session/bde54f0b06381f49a2b122064db7801e/element/f.4266F9D7690144F64192C9168FCD30D0.d.C1ED803184FCF02DE1919A611E67D172.e.51/click - {}
RESULT: {}
COMMAND: POST /session/bde54f0b06381f49a2b122064db7801e/element/f.4266F9D7690144F64192C9168FCD30D0.d.C1ED803184FCF02DE1919A611E67D172.e.54/click - {}
RESULT: {}
COMMAND: POST /session/bde54f0b06381f49a2b122064db7801e/element/f.4266F9D7690144F64192C9168FCD30D0.d.C1ED803184FCF02DE1919A611E67D172.e.49/clear - {}
RESULT: {}
COMMAND: POST /session/bde54f0b06381f49a2b122064db7801e/element/f.4266F9D7690144F64192C9168FCD30D0.d.C1ED803184FCF02DE1919A611E67D172.e.49/value - {"text":"aip.admin@niairport.in"}
RESULT: {"text":"aip.admin@niairport.in"}
COMMAND: POST /session/bde54f0b06381f49a2b122064db7801e/element/f.4266F9D7690144F64192C9168FCD30D0.d.C1ED803184FCF02DE1919A611E67D172.e.50/clear - {}
RESULT: {}
COMMAND: POST /session/bde54f0b06381f49a2b122064db7801e/element/f.4266F9D7690144F64192C9168FCD30D0.d.C1ED803184FCF02DE1919A611E67D172.e.50/value - {"text":"MSI@Admin123"}
RESULT: {"text":"MSI@Admin123"}
COMMAND: GET /session/bde54f0b06381f49a2b122064db7801e/element/f.4266F9D7690144F64192C9168FCD30D0.d.C1ED803184FCF02DE1919A611E67D172.e.53/enabled - {}
RESULT: {}
COMMAND: GET /session/bde54f0b06381f49a2b122064db7801e/element/f.4266F9D7690144F64192C9168FCD30D0.d.C1ED803184FCF02DE1919A611E67D172.e.59/text - {}
RESULT: {}
COMMAND: POST /session/bde54f0b06381f49a2b122064db7801e/element/f.4266F9D7690144F64192C9168FCD30D0.d.C1ED803184FCF02DE1919A611E67D172.e.53/click - {}
RESULT: {}
COMMAND: GET /session/bde54f0b06381f49a2b122064db7801e/element/f.4266F9D7690144F64192C9168FCD30D0.d.C1ED803184FCF02DE1919A611E67D172.e.62/text - {}
RESULT: {}
COMMAND: GET /session/bde54f0b06381f49a2b122064db7801e/element/f.4266F9D7690144F64192C9168FCD30D0.d.C1ED803184FCF02DE1919A611E67D172.e.63/text - {}
RESULT: {}
COMMAND: POST /session/bde54f0b06381f49a2b122064db7801e/element/f.4266F9D7690144F64192C9168FCD30D0.d.C1ED803184FCF02DE1919A611E67D172.e.64/click - {}
RESULT: {}
COMMAND: POST /session/bde54f0b06381f49a2b122064db7801e/element/f.4266F9D7690144F64192C9168FCD30D0.d.C1ED803184FCF02DE1919A611E67D172.e.71/click - {}
RESULT: {}
COMMAND: GET /session/bde54f0b06381f49a2b122064db7801e/element/f.4266F9D7690144F64192C9168FCD30D0.d.C1ED803184FCF02DE1919A611E67D172.e.73/text - {}
RESULT: {}
COMMAND: GET /session/bde54f0b06381f49a2b122064db7801e/element/f.4266F9D7690144F64192C9168FCD30D0.d.C1ED803184FCF02DE1919A611E67D172.e.73/text - {}
RESULT: {}
COMMAND: GET /session/bde54f0b06381f49a2b122064db7801e/element/f.4266F9D7690144F64192C9168FCD30D0.d.C1ED803184FCF02DE1919A611E67D172.e.97/text - {}
RESULT: {}
COMMAND: POST /session/bde54f0b06381f49a2b122064db7801e/element/f.4266F9D7690144F64192C9168FCD30D0.d.C1ED803184FCF02DE1919A611E67D172.e.97/element - {"using":"xpath","value":".//td[8]//button[contains(text(),'Reject')]"}
RESULT: {"using":"xpath","value":".//td[8]//button[contains(text(),'Reject')]"}
COMMAND: POST /session/bde54f0b06381f49a2b122064db7801e/element/f.4266F9D7690144F64192C9168FCD30D0.d.C1ED803184FCF02DE1919A611E67D172.e.97/element - {"using":"xpath","value":".//td[7]"}
RESULT: {"using":"xpath","value":".//td[7]"}
COMMAND: POST /session/bde54f0b06381f49a2b122064db7801e/element/f.4266F9D7690144F64192C9168FCD30D0.d.C1ED803184FCF02DE1919A611E67D172.e.97/elements - {"using":"xpath","value":".//td[7]"}
RESULT: {"using":"xpath","value":".//td[7]"}
COMMAND: GET /session/bde54f0b06381f49a2b122064db7801e/element/f.4266F9D7690144F64192C9168FCD30D0.d.C1ED803184FCF02DE1919A611E67D172.e.104/text - {}
RESULT: {}
COMMAND: POST /session/bde54f0b06381f49a2b122064db7801e/element/f.4266F9D7690144F64192C9168FCD30D0.d.C1ED803184FCF02DE1919A611E67D172.e.97/elements - {"using":"xpath","value":".//td[8]//button[contains(text(),'Reject')]"}
RESULT: {"using":"xpath","value":".//td[8]//button[contains(text(),'Reject')]"}
COMMAND: GET /session/bde54f0b06381f49a2b122064db7801e/element/f.4266F9D7690144F64192C9168FCD30D0.d.C1ED803184FCF02DE1919A611E67D172.e.106/rect - {}
RESULT: {}
COMMAND: GET /session/bde54f0b06381f49a2b122064db7801e/window/rect - {}
RESULT: {}
COMMAND: POST /session/bde54f0b06381f49a2b122064db7801e/actions - {"actions":[{"id":"wheel1","type":"wheel","parameters":{},"actions":[{"type":"scroll","x":-1460,"y":-36,"deltaX":0,"deltaY":0,"duration":0,"origin":{"element-6066-11e4-a52e-4f735466cecf":"f.4266F9D7690144F64192C9168FCD30D0.d.C1ED803184FCF02DE1919A611E67D172.e.106"}}]}]}
RESULT: {"actions":[{"id":"wheel1","type":"wheel","parameters":{},"actions":[{"type":"scroll","x":-1460,"y":-36,"deltaX":0,"deltaY":0,"duration":0,"origin":{"element-6066-11e4-a52e-4f735466cecf":"f.4266F9D7690144F64192C9168FCD30D0.d.C1ED803184FCF02DE1919A611E67D172.e.106"}}]}]}
COMMAND: POST /session/bde54f0b06381f49a2b122064db7801e/element/f.4266F9D7690144F64192C9168FCD30D0.d.C1ED803184FCF02DE1919A611E67D172.e.106/click - {}
RESULT: {}
COMMAND: POST /session/bde54f0b06381f49a2b122064db7801e/element/f.4266F9D7690144F64192C9168FCD30D0.d.C1ED803184FCF02DE1919A611E67D172.e.107/clear - {}
RESULT: {}
COMMAND: POST /session/bde54f0b06381f49a2b122064db7801e/element/f.4266F9D7690144F64192C9168FCD30D0.d.C1ED803184FCF02DE1919A611E67D172.e.107/value - {"text":"Rejecting for testing purpose"}
RESULT: {"text":"Rejecting for testing purpose"}
COMMAND: POST /session/bde54f0b06381f49a2b122064db7801e/element/f.4266F9D7690144F64192C9168FCD30D0.d.C1ED803184FCF02DE1919A611E67D172.e.111/click - {}
RESULT: {}
COMMAND: GET /session/bde54f0b06381f49a2b122064db7801e/element/f.4266F9D7690144F64192C9168FCD30D0.d.C1ED803184FCF02DE1919A611E67D172.e.104/text - {}
RESULT: {}
COMMAND: GET /session/bde54f0b06381f49a2b122064db7801e/element/f.4266F9D7690144F64192C9168FCD30D0.d.C1ED803184FCF02DE1919A611E67D172.e.104/text - {}
RESULT: {}
COMMAND: GET /session/bde54f0b06381f49a2b122064db7801e/element/f.4266F9D7690144F64192C9168FCD30D0.d.C1ED803184FCF02DE1919A611E67D172.e.104/text - {}
RESULT: {}
COMMAND: GET /session/bde54f0b06381f49a2b122064db7801e/element/f.4266F9D7690144F64192C9168FCD30D0.d.C1ED803184FCF02DE1919A611E67D172.e.104/text - {}
RESULT: {}
COMMAND: GET /session/bde54f0b06381f49a2b122064db7801e/element/f.4266F9D7690144F64192C9168FCD30D0.d.C1ED803184FCF02DE1919A611E67D172.e.104/text - {}
RESULT: {}
COMMAND: GET /session/bde54f0b06381f49a2b122064db7801e/element/f.4266F9D7690144F64192C9168FCD30D0.d.C1ED803184FCF02DE1919A611E67D172.e.104/text - {}
RESULT: {}
COMMAND: GET /session/bde54f0b06381f49a2b122064db7801e/element/f.4266F9D7690144F64192C9168FCD30D0.d.C1ED803184FCF02DE1919A611E67D172.e.104/text - {}
RESULT: {}
COMMAND: GET /session/bde54f0b06381f49a2b122064db7801e/element/f.4266F9D7690144F64192C9168FCD30D0.d.C1ED803184FCF02DE1919A611E67D172.e.104/text - {}
RESULT: {}
COMMAND: GET /session/bde54f0b06381f49a2b122064db7801e/element/f.4266F9D7690144F64192C9168FCD30D0.d.C1ED803184FCF02DE1919A611E67D172.e.104/text - {}
RESULT: {}
COMMAND: GET /session/bde54f0b06381f49a2b122064db7801e/element/f.4266F9D7690144F64192C9168FCD30D0.d.C1ED803184FCF02DE1919A611E67D172.e.104/text - {}
RESULT: {}
COMMAND: GET /session/bde54f0b06381f49a2b122064db7801e/element/f.4266F9D7690144F64192C9168FCD30D0.d.C1ED803184FCF02DE1919A611E67D172.e.104/text - {}
RESULT: {}
COMMAND: GET /session/bde54f0b06381f49a2b122064db7801e/element/f.4266F9D7690144F64192C9168FCD30D0.d.C1ED803184FCF02DE1919A611E67D172.e.104/text - {}
RESULT: {}
COMMAND: GET /session/bde54f0b06381f49a2b122064db7801e/element/f.4266F9D7690144F64192C9168FCD30D0.d.C1ED803184FCF02DE1919A611E67D172.e.104/text - {}
RESULT: {}
COMMAND: GET /session/bde54f0b06381f49a2b122064db7801e/element/f.4266F9D7690144F64192C9168FCD30D0.d.C1ED803184FCF02DE1919A611E67D172.e.104/text - {}
RESULT: {}
COMMAND: GET /session/bde54f0b06381f49a2b122064db7801e/element/f.4266F9D7690144F64192C9168FCD30D0.d.C1ED803184FCF02DE1919A611E67D172.e.97/text - {}
RESULT: {}
COMMAND: POST /session/bde54f0b06381f49a2b122064db7801e/element/f.4266F9D7690144F64192C9168FCD30D0.d.C1ED803184FCF02DE1919A611E67D172.e.97/element - {"using":"xpath","value":".//td[8]//button[contains(text(),'Reject')]"}
RESULT: {"using":"xpath","value":".//td[8]//button[contains(text(),'Reject')]"}
COMMAND: POST /session/bde54f0b06381f49a2b122064db7801e/element/f.4266F9D7690144F64192C9168FCD30D0.d.C1ED803184FCF02DE1919A611E67D172.e.97/element - {"using":"xpath","value":".//td[7]"}
RESULT: {"using":"xpath","value":".//td[7]"}
COMMAND: POST /session/bde54f0b06381f49a2b122064db7801e/element/f.4266F9D7690144F64192C9168FCD30D0.d.C1ED803184FCF02DE1919A611E67D172.e.97/elements - {"using":"xpath","value":".//td[7]"}
RESULT: {"using":"xpath","value":".//td[7]"}
COMMAND: GET /session/bde54f0b06381f49a2b122064db7801e/element/f.4266F9D7690144F64192C9168FCD30D0.d.C1ED803184FCF02DE1919A611E67D172.e.104/text - {}
RESULT: {}
COMMAND: POST /session/bde54f0b06381f49a2b122064db7801e/element/f.4266F9D7690144F64192C9168FCD30D0.d.C1ED803184FCF02DE1919A611E67D172.e.97/elements - {"using":"xpath","value":".//td[8]//button[contains(text(),'Reject')]"}
RESULT: {"using":"xpath","value":".//td[8]//button[contains(text(),'Reject')]"}
COMMAND: GET /session/bde54f0b06381f49a2b122064db7801e/element/f.4266F9D7690144F64192C9168FCD30D0.d.C1ED803184FCF02DE1919A611E67D172.e.74/text - {}
RESULT: {}
COMMAND: GET /session/bde54f0b06381f49a2b122064db7801e/element/f.4266F9D7690144F64192C9168FCD30D0.d.C1ED803184FCF02DE1919A611E67D172.e.97/text - {}
RESULT: {}
COMMAND: POST /session/bde54f0b06381f49a2b122064db7801e/element/f.4266F9D7690144F64192C9168FCD30D0.d.C1ED803184FCF02DE1919A611E67D172.e.97/element - {"using":"xpath","value":".//td[8]//button[contains(text(),'Reject')]"}
RESULT: {"using":"xpath","value":".//td[8]//button[contains(text(),'Reject')]"}
COMMAND: POST /session/bde54f0b06381f49a2b122064db7801e/element/f.4266F9D7690144F64192C9168FCD30D0.d.C1ED803184FCF02DE1919A611E67D172.e.97/element - {"using":"xpath","value":".//td[7]"}
RESULT: {"using":"xpath","value":".//td[7]"}
COMMAND: POST /session/bde54f0b06381f49a2b122064db7801e/element/f.4266F9D7690144F64192C9168FCD30D0.d.C1ED803184FCF02DE1919A611E67D172.e.97/elements - {"using":"xpath","value":".//td[7]"}
RESULT: {"using":"xpath","value":".//td[7]"}
COMMAND: GET /session/bde54f0b06381f49a2b122064db7801e/element/f.4266F9D7690144F64192C9168FCD30D0.d.C1ED803184FCF02DE1919A611E67D172.e.104/text - {}
RESULT: {}
COMMAND: POST /session/bde54f0b06381f49a2b122064db7801e/element/f.4266F9D7690144F64192C9168FCD30D0.d.C1ED803184FCF02DE1919A611E67D172.e.97/elements - {"using":"xpath","value":".//td[8]//button[contains(text(),'Reject')]"}
RESULT: {"using":"xpath","value":".//td[8]//button[contains(text(),'Reject')]"}
COMMAND: GET /session/bde54f0b06381f49a2b122064db7801e/element/f.4266F9D7690144F64192C9168FCD30D0.d.C1ED803184FCF02DE1919A611E67D172.e.74/text - {}
RESULT: {}
COMMAND: DELETE /session/bde54f0b06381f49a2b122064db7801e - {}
RESULT: {}
]]></system-out>
    </testcase>
  </testsuite>
</testsuites>