<?xml version="1.0" encoding="UTF-8"?>
<testsuites tests="1" failures="1" errors="0" skipped="0">
  <testsuite name="API Test Suite" timestamp="2026-02-08T21:06:45" time="10.872" tests="1" failures="1" errors="0" skipped="0">
    <properties>
      <property name="specId" value="0"/>
      <property name="suiteName" value="API Test Suite"/>
      <property name="capabilities" value="chrome.144_0_7559_133.windows"/>
      <property name="file" value="file:///C:/Users/subra/OneDrive%20-%20ICAD%20Airports%20Pvt%20Ltd/Desktop/AIP%20Sentinel%20Automation%2005-10-2025/test/specs/api_test.e2e.ts"/>
    </properties>
    <testcase classname="chrome.144_0_7559_133.windows.API_Test_Suite" name="should fetch system overview data via API after UI login" time="10.86">
      <failure message="WebDriver Bidi command &quot;script.callFunction&quot; failed with error: invalid argument - Invalid input in &quot;arguments&quot;/0."/>
      <system-out><![CDATA[
COMMAND: POST /session/123660489fa18ca6f5682f55dfe6acd7/window/maximize - {}
RESULT: {}
COMMAND: POST /session/123660489fa18ca6f5682f55dfe6acd7/element/f.28C1C47EAFBD75B7C36E70B17339211F.d.DF1D3FC1DEFD1AD240794E79C3F4FAD5.e.14/click - {}
RESULT: {}
COMMAND: POST /session/123660489fa18ca6f5682f55dfe6acd7/element/f.28C1C47EAFBD75B7C36E70B17339211F.d.DF1D3FC1DEFD1AD240794E79C3F4FAD5.e.4/clear - {}
RESULT: {}
COMMAND: POST /session/123660489fa18ca6f5682f55dfe6acd7/element/f.28C1C47EAFBD75B7C36E70B17339211F.d.DF1D3FC1DEFD1AD240794E79C3F4FAD5.e.4/value - {"text":"aip.admin@niairport.in"}
RESULT: {"text":"aip.admin@niairport.in"}
COMMAND: POST /session/123660489fa18ca6f5682f55dfe6acd7/element/f.28C1C47EAFBD75B7C36E70B17339211F.d.DF1D3FC1DEFD1AD240794E79C3F4FAD5.e.5/clear - {}
RESULT: {}
COMMAND: POST /session/123660489fa18ca6f5682f55dfe6acd7/element/f.28C1C47EAFBD75B7C36E70B17339211F.d.DF1D3FC1DEFD1AD240794E79C3F4FAD5.e.5/value - {"text":"MSI@Admin123"}
RESULT: {"text":"MSI@Admin123"}
COMMAND: GET /session/123660489fa18ca6f5682f55dfe6acd7/element/f.28C1C47EAFBD75B7C36E70B17339211F.d.DF1D3FC1DEFD1AD240794E79C3F4FAD5.e.7/enabled - {}
RESULT: {}
COMMAND: GET /session/123660489fa18ca6f5682f55dfe6acd7/element/f.28C1C47EAFBD75B7C36E70B17339211F.d.DF1D3FC1DEFD1AD240794E79C3F4FAD5.e.21/text - {}
RESULT: {}
COMMAND: POST /session/123660489fa18ca6f5682f55dfe6acd7/element/f.28C1C47EAFBD75B7C36E70B17339211F.d.DF1D3FC1DEFD1AD240794E79C3F4FAD5.e.7/click - {}
RESULT: {}
COMMAND: DELETE /session/123660489fa18ca6f5682f55dfe6acd7 - {}
RESULT: {}
]]></system-out>
      <system-err><![CDATA[
Error: WebDriver Bidi command "script.callFunction" failed with error: invalid argument - Invalid input in "arguments"/0.
    at Browser.wrapCommandFn (C:\Users\subra\OneDrive - ICAD Airports Pvt Ltd\Desktop\AIP Sentinel Automation 05-10-2025\node_modules\@wdio\utils\build\index.js:982:32)
    at Browser.<anonymous> (C:\Users\subra\OneDrive - ICAD Airports Pvt Ltd\Desktop\AIP Sentinel Automation 05-10-2025\node_modules\@wdio\utils\build\index.js:1097:20)
    at Browser.execute (C:\Users\subra\OneDrive - ICAD Airports Pvt Ltd\Desktop\AIP Sentinel Automation 05-10-2025\node_modules\webdriverio\build\node.js:3611:34)
    at async Browser.wrapCommandFn (C:\Users\subra\OneDrive - ICAD Airports Pvt Ltd\Desktop\AIP Sentinel Automation 05-10-2025\node_modules\@wdio\utils\build\index.js:982:23)
    at async Promise.all (index 1)
    at async Element.isDisplayed (C:\Users\subra\OneDrive - ICAD Airports Pvt Ltd\Desktop\AIP Sentinel Automation 05-10-2025\node_modules\webdriverio\build\node.js:6960:43)
]]></system-err>
    </testcase>
  </testsuite>
</testsuites>