<?xml version="1.0" encoding="UTF-8"?>
<testsuites tests="1" failures="0" errors="0" skipped="0">
  <testsuite name="API Test Suite" timestamp="2026-02-08T21:43:49" time="9.714" tests="1" failures="0" errors="0" skipped="0">
    <properties>
      <property name="specId" value="0"/>
      <property name="suiteName" value="API Test Suite"/>
      <property name="capabilities" value="chrome.144_0_7559_133.windows"/>
      <property name="file" value="file:///C:/Users/subra/OneDrive%20-%20ICAD%20Airports%20Pvt%20Ltd/Desktop/AIP%20Sentinel%20Automation%2005-10-2025/test/specs/api_test.e2e.ts"/>
    </properties>
    <testcase classname="chrome.144_0_7559_133.windows.API_Test_Suite" name="should fetch system overview data via API after UI login" time="9.707">
      <system-out><![CDATA[
COMMAND: POST /session/7fb237ddf5bbe4f1523681c29d639373/window/maximize - {}
RESULT: {}
COMMAND: POST /session/7fb237ddf5bbe4f1523681c29d639373/element/f.39001241DF101171218D326C71B6F0FE.d.46E6D78E7E98D0DA27CBB4DA6F8F20B1.e.14/click - {}
RESULT: {}
COMMAND: POST /session/7fb237ddf5bbe4f1523681c29d639373/element/f.39001241DF101171218D326C71B6F0FE.d.46E6D78E7E98D0DA27CBB4DA6F8F20B1.e.6/clear - {}
RESULT: {}
COMMAND: POST /session/7fb237ddf5bbe4f1523681c29d639373/element/f.39001241DF101171218D326C71B6F0FE.d.46E6D78E7E98D0DA27CBB4DA6F8F20B1.e.6/value - {"text":"aip.admin@niairport.in"}
RESULT: {"text":"aip.admin@niairport.in"}
COMMAND: POST /session/7fb237ddf5bbe4f1523681c29d639373/element/f.39001241DF101171218D326C71B6F0FE.d.46E6D78E7E98D0DA27CBB4DA6F8F20B1.e.7/clear - {}
RESULT: {}
COMMAND: POST /session/7fb237ddf5bbe4f1523681c29d639373/element/f.39001241DF101171218D326C71B6F0FE.d.46E6D78E7E98D0DA27CBB4DA6F8F20B1.e.7/value - {"text":"MSI@Admin123"}
RESULT: {"text":"MSI@Admin123"}
COMMAND: GET /session/7fb237ddf5bbe4f1523681c29d639373/element/f.39001241DF101171218D326C71B6F0FE.d.46E6D78E7E98D0DA27CBB4DA6F8F20B1.e.9/enabled - {}
RESULT: {}
COMMAND: GET /session/7fb237ddf5bbe4f1523681c29d639373/element/f.39001241DF101171218D326C71B6F0FE.d.46E6D78E7E98D0DA27CBB4DA6F8F20B1.e.21/text - {}
RESULT: {}
COMMAND: POST /session/7fb237ddf5bbe4f1523681c29d639373/element/f.39001241DF101171218D326C71B6F0FE.d.46E6D78E7E98D0DA27CBB4DA6F8F20B1.e.9/click - {}
RESULT: {}
COMMAND: GET /session/7fb237ddf5bbe4f1523681c29d639373/element/f.39001241DF101171218D326C71B6F0FE.d.46E6D78E7E98D0DA27CBB4DA6F8F20B1.e.22/text - {}
RESULT: {}
COMMAND: GET /session/7fb237ddf5bbe4f1523681c29d639373/element/f.39001241DF101171218D326C71B6F0FE.d.46E6D78E7E98D0DA27CBB4DA6F8F20B1.e.23/text - {}
RESULT: {}
COMMAND: GET /session/7fb237ddf5bbe4f1523681c29d639373/url - {}
RESULT: {}
COMMAND: DELETE /session/7fb237ddf5bbe4f1523681c29d639373 - {}
RESULT: {}
]]></system-out>
    </testcase>
  </testsuite>
</testsuites>