<?xml version="1.0" encoding="UTF-8"?>
<testsuites tests="2" failures="2" errors="0" skipped="0">
  <testsuite name="Verify the sign up Page" timestamp="2026-02-08T21:43:49" time="34.341" tests="2" failures="2" errors="0" skipped="0">
    <properties>
      <property name="specId" value="0"/>
      <property name="suiteName" value="Verify the sign-up Page"/>
      <property name="capabilities" value="chrome.144_0_7559_133.windows"/>
      <property name="file" value="file:///C:/Users/subra/OneDrive%20-%20ICAD%20Airports%20Pvt%20Ltd/Desktop/AIP%20Sentinel%20Automation%2005-10-2025/test/specs/SignupPage_test.e2e.ts"/>
    </properties>
    <testcase classname="chrome.144_0_7559_133.windows.Verify_the_sign-up_Page" name="Signup As manager and check inline error message if any filed is missing" time="21.529">
      <failure message="element (&quot;//h3[text()=&quot;Account Created Successfully!&quot;]&quot;) still not displayed after 10000ms"/>
      <system-out><![CDATA[
COMMAND: POST /session/a132802f3baf8f69b90893875081fbbe/window/maximize - {}
RESULT: {}
COMMAND: POST /session/a132802f3baf8f69b90893875081fbbe/element/f.30EDBB36A41A242D23A479E9D1E46DF6.d.AEB4C78026283A6E85E4EA51049E736F.e.14/click - {}
RESULT: {}
COMMAND: POST /session/a132802f3baf8f69b90893875081fbbe/element/f.30EDBB36A41A242D23A479E9D1E46DF6.d.AEB4C78026283A6E85E4EA51049E736F.e.19/click - {}
RESULT: {}
COMMAND: POST /session/a132802f3baf8f69b90893875081fbbe/actions - {"actions":[{"id":"key1","type":"key","parameters":{},"actions":[{"type":"keyDown","value":"M"},{"type":"keyDown","value":""},{"type":"pause","duration":10},{"type":"keyUp","value":"M"},{"type":"keyUp","value":""}]}]}
RESULT: {"actions":[{"id":"key1","type":"key","parameters":{},"actions":[{"type":"keyDown","value":"M"},{"type":"keyDown","value":""},{"type":"pause","duration":10},{"type":"keyUp","value":"M"},{"type":"keyUp","value":""}]}]}
COMMAND: GET /session/a132802f3baf8f69b90893875081fbbe/element/f.30EDBB36A41A242D23A479E9D1E46DF6.d.AEB4C78026283A6E85E4EA51049E736F.e.32/text - {}
RESULT: {}
COMMAND: POST /session/a132802f3baf8f69b90893875081fbbe/element/f.30EDBB36A41A242D23A479E9D1E46DF6.d.AEB4C78026283A6E85E4EA51049E736F.e.25/clear - {}
RESULT: {}
COMMAND: POST /session/a132802f3baf8f69b90893875081fbbe/element/f.30EDBB36A41A242D23A479E9D1E46DF6.d.AEB4C78026283A6E85E4EA51049E736F.e.25/value - {"text":"Test User 2286"}
RESULT: {"text":"Test User 2286"}
COMMAND: POST /session/a132802f3baf8f69b90893875081fbbe/element/f.30EDBB36A41A242D23A479E9D1E46DF6.d.AEB4C78026283A6E85E4EA51049E736F.e.26/clear - {}
RESULT: {}
COMMAND: POST /session/a132802f3baf8f69b90893875081fbbe/element/f.30EDBB36A41A242D23A479E9D1E46DF6.d.AEB4C78026283A6E85E4EA51049E736F.e.26/value - {"text":"Tester 2286"}
RESULT: {"text":"Tester 2286"}
COMMAND: POST /session/a132802f3baf8f69b90893875081fbbe/element/f.30EDBB36A41A242D23A479E9D1E46DF6.d.AEB4C78026283A6E85E4EA51049E736F.e.39/click - {}
RESULT: {}
COMMAND: POST /session/a132802f3baf8f69b90893875081fbbe/actions - {"actions":[{"id":"key2","type":"key","parameters":{},"actions":[{"type":"keyDown","value":"A"},{"type":"keyDown","value":""},{"type":"pause","duration":10},{"type":"keyUp","value":"A"},{"type":"keyUp","value":""}]}]}
RESULT: {"actions":[{"id":"key2","type":"key","parameters":{},"actions":[{"type":"keyDown","value":"A"},{"type":"keyDown","value":""},{"type":"pause","duration":10},{"type":"keyUp","value":"A"},{"type":"keyUp","value":""}]}]}
COMMAND: POST /session/a132802f3baf8f69b90893875081fbbe/element/f.30EDBB36A41A242D23A479E9D1E46DF6.d.AEB4C78026283A6E85E4EA51049E736F.e.27/clear - {}
RESULT: {}
COMMAND: POST /session/a132802f3baf8f69b90893875081fbbe/element/f.30EDBB36A41A242D23A479E9D1E46DF6.d.AEB4C78026283A6E85E4EA51049E736F.e.27/value - {"text":"+91 9567229135"}
RESULT: {"text":"+91 9567229135"}
COMMAND: POST /session/a132802f3baf8f69b90893875081fbbe/element/f.30EDBB36A41A242D23A479E9D1E46DF6.d.AEB4C78026283A6E85E4EA51049E736F.e.28/clear - {}
RESULT: {}
COMMAND: POST /session/a132802f3baf8f69b90893875081fbbe/element/f.30EDBB36A41A242D23A479E9D1E46DF6.d.AEB4C78026283A6E85E4EA51049E736F.e.28/value - {"text":"auto_1770567229135@yopmail.com"}
RESULT: {"text":"auto_1770567229135@yopmail.com"}
COMMAND: POST /session/a132802f3baf8f69b90893875081fbbe/element/f.30EDBB36A41A242D23A479E9D1E46DF6.d.AEB4C78026283A6E85E4EA51049E736F.e.29/clear - {}
RESULT: {}
COMMAND: POST /session/a132802f3baf8f69b90893875081fbbe/element/f.30EDBB36A41A242D23A479E9D1E46DF6.d.AEB4C78026283A6E85E4EA51049E736F.e.29/value - {"text":"TEST@123"}
RESULT: {"text":"TEST@123"}
COMMAND: POST /session/a132802f3baf8f69b90893875081fbbe/element/f.30EDBB36A41A242D23A479E9D1E46DF6.d.AEB4C78026283A6E85E4EA51049E736F.e.30/clear - {}
RESULT: {}
COMMAND: POST /session/a132802f3baf8f69b90893875081fbbe/element/f.30EDBB36A41A242D23A479E9D1E46DF6.d.AEB4C78026283A6E85E4EA51049E736F.e.30/value - {"text":"TEST@123"}
RESULT: {"text":"TEST@123"}
COMMAND: POST /session/a132802f3baf8f69b90893875081fbbe/element/f.30EDBB36A41A242D23A479E9D1E46DF6.d.AEB4C78026283A6E85E4EA51049E736F.e.23/click - {}
RESULT: {}
]]></system-out>
      <system-err><![CDATA[
Error: element ("//h3[text()="Account Created Successfully!"]") still not displayed after 10000ms
    at <anonymous> (C:\Users\subra\OneDrive - ICAD Airports Pvt Ltd\Desktop\AIP Sentinel Automation 05-10-2025\node_modules\webdriverio\build\node.js:5829:15)
    at async Element.wrapCommandFn (C:\Users\subra\OneDrive - ICAD Airports Pvt Ltd\Desktop\AIP Sentinel Automation 05-10-2025\node_modules\@wdio\utils\build\index.js:982:23)
    at async Element.elementErrorHandlerCallbackFn (C:\Users\subra\OneDrive - ICAD Airports Pvt Ltd\Desktop\AIP Sentinel Automation 05-10-2025\node_modules\webdriverio\build\node.js:8602:24)
    at async Element.wrapCommandFn (C:\Users\subra\OneDrive - ICAD Airports Pvt Ltd\Desktop\AIP Sentinel Automation 05-10-2025\node_modules\@wdio\utils\build\index.js:982:23)
    at async Element.wrapCommandFn (C:\Users\subra\OneDrive - ICAD Airports Pvt Ltd\Desktop\AIP Sentinel Automation 05-10-2025\node_modules\@wdio\utils\build\index.js:982:23)
    at async Element.elementErrorHandlerCallbackFn (C:\Users\subra\OneDrive - ICAD Airports Pvt Ltd\Desktop\AIP Sentinel Automation 05-10-2025\node_modules\webdriverio\build\node.js:8602:24)
    at async Element.wrapCommandFn (C:\Users\subra\OneDrive - ICAD Airports Pvt Ltd\Desktop\AIP Sentinel Automation 05-10-2025\node_modules\@wdio\utils\build\index.js:982:23)
    at async SignupPage.SignUp_Manager (C:\Users\subra\OneDrive - ICAD Airports Pvt Ltd\Desktop\AIP Sentinel Automation 05-10-2025\test\pageobjects\signup.page.ts:164:5)
    at async Context.<anonymous> (C:\Users\subra\OneDrive - ICAD Airports Pvt Ltd\Desktop\AIP Sentinel Automation 05-10-2025\test\specs\SignupPage_test.e2e.ts:11:5)
    at async Context.executeAsync (C:\Users\subra\OneDrive - ICAD Airports Pvt Ltd\Desktop\AIP Sentinel Automation 05-10-2025\node_modules\@wdio\utils\build\index.js:1108:20)
]]></system-err>
    </testcase>
    <testcase classname="chrome.144_0_7559_133.windows.Verify_the_sign-up_Page" name="Signup As User and check inline error message if any filed is missing" time="12.804">
      <failure message="element (&quot;//h3[text()=&quot;Account Created Successfully!&quot;]&quot;) still not displayed after 10000ms"/>
      <system-out><![CDATA[
COMMAND: POST /session/a132802f3baf8f69b90893875081fbbe/window/maximize - {}
RESULT: {}
COMMAND: POST /session/a132802f3baf8f69b90893875081fbbe/element/f.30EDBB36A41A242D23A479E9D1E46DF6.d.F1D031CF1FB0196AAE734C1168C2C581.e.50/click - {}
RESULT: {}
COMMAND: POST /session/a132802f3baf8f69b90893875081fbbe/element/f.30EDBB36A41A242D23A479E9D1E46DF6.d.F1D031CF1FB0196AAE734C1168C2C581.e.60/click - {}
RESULT: {}
COMMAND: POST /session/a132802f3baf8f69b90893875081fbbe/actions - {"actions":[{"id":"key3","type":"key","parameters":{},"actions":[{"type":"keyDown","value":"U"},{"type":"keyDown","value":""},{"type":"pause","duration":10},{"type":"keyUp","value":"U"},{"type":"keyUp","value":""}]}]}
RESULT: {"actions":[{"id":"key3","type":"key","parameters":{},"actions":[{"type":"keyDown","value":"U"},{"type":"keyDown","value":""},{"type":"pause","duration":10},{"type":"keyUp","value":"U"},{"type":"keyUp","value":""}]}]}
COMMAND: GET /session/a132802f3baf8f69b90893875081fbbe/element/f.30EDBB36A41A242D23A479E9D1E46DF6.d.F1D031CF1FB0196AAE734C1168C2C581.e.72/text - {}
RESULT: {}
COMMAND: POST /session/a132802f3baf8f69b90893875081fbbe/element/f.30EDBB36A41A242D23A479E9D1E46DF6.d.F1D031CF1FB0196AAE734C1168C2C581.e.65/clear - {}
RESULT: {}
COMMAND: POST /session/a132802f3baf8f69b90893875081fbbe/element/f.30EDBB36A41A242D23A479E9D1E46DF6.d.F1D031CF1FB0196AAE734C1168C2C581.e.65/value - {"text":"Test User 7839"}
RESULT: {"text":"Test User 7839"}
COMMAND: POST /session/a132802f3baf8f69b90893875081fbbe/element/f.30EDBB36A41A242D23A479E9D1E46DF6.d.F1D031CF1FB0196AAE734C1168C2C581.e.66/clear - {}
RESULT: {}
COMMAND: POST /session/a132802f3baf8f69b90893875081fbbe/element/f.30EDBB36A41A242D23A479E9D1E46DF6.d.F1D031CF1FB0196AAE734C1168C2C581.e.66/value - {"text":"Tester 7839"}
RESULT: {"text":"Tester 7839"}
COMMAND: POST /session/a132802f3baf8f69b90893875081fbbe/element/f.30EDBB36A41A242D23A479E9D1E46DF6.d.F1D031CF1FB0196AAE734C1168C2C581.e.79/click - {}
RESULT: {}
COMMAND: POST /session/a132802f3baf8f69b90893875081fbbe/actions - {"actions":[{"id":"key4","type":"key","parameters":{},"actions":[{"type":"keyDown","value":"A"},{"type":"keyDown","value":""},{"type":"pause","duration":10},{"type":"keyUp","value":"A"},{"type":"keyUp","value":""}]}]}
RESULT: {"actions":[{"id":"key4","type":"key","parameters":{},"actions":[{"type":"keyDown","value":"A"},{"type":"keyDown","value":""},{"type":"pause","duration":10},{"type":"keyUp","value":"A"},{"type":"keyUp","value":""}]}]}
COMMAND: POST /session/a132802f3baf8f69b90893875081fbbe/element/f.30EDBB36A41A242D23A479E9D1E46DF6.d.F1D031CF1FB0196AAE734C1168C2C581.e.67/clear - {}
RESULT: {}
COMMAND: POST /session/a132802f3baf8f69b90893875081fbbe/element/f.30EDBB36A41A242D23A479E9D1E46DF6.d.F1D031CF1FB0196AAE734C1168C2C581.e.67/value - {"text":"+91 9567250653"}
RESULT: {"text":"+91 9567250653"}
COMMAND: POST /session/a132802f3baf8f69b90893875081fbbe/element/f.30EDBB36A41A242D23A479E9D1E46DF6.d.F1D031CF1FB0196AAE734C1168C2C581.e.68/clear - {}
RESULT: {}
COMMAND: POST /session/a132802f3baf8f69b90893875081fbbe/element/f.30EDBB36A41A242D23A479E9D1E46DF6.d.F1D031CF1FB0196AAE734C1168C2C581.e.68/value - {"text":"auto_1770567250653@yopmail.com"}
RESULT: {"text":"auto_1770567250653@yopmail.com"}
COMMAND: POST /session/a132802f3baf8f69b90893875081fbbe/element/f.30EDBB36A41A242D23A479E9D1E46DF6.d.F1D031CF1FB0196AAE734C1168C2C581.e.69/clear - {}
RESULT: {}
COMMAND: POST /session/a132802f3baf8f69b90893875081fbbe/element/f.30EDBB36A41A242D23A479E9D1E46DF6.d.F1D031CF1FB0196AAE734C1168C2C581.e.69/value - {"text":"TEST@123"}
RESULT: {"text":"TEST@123"}
COMMAND: POST /session/a132802f3baf8f69b90893875081fbbe/element/f.30EDBB36A41A242D23A479E9D1E46DF6.d.F1D031CF1FB0196AAE734C1168C2C581.e.70/clear - {}
RESULT: {}
COMMAND: POST /session/a132802f3baf8f69b90893875081fbbe/element/f.30EDBB36A41A242D23A479E9D1E46DF6.d.F1D031CF1FB0196AAE734C1168C2C581.e.70/value - {"text":"TEST@123"}
RESULT: {"text":"TEST@123"}
COMMAND: POST /session/a132802f3baf8f69b90893875081fbbe/element/f.30EDBB36A41A242D23A479E9D1E46DF6.d.F1D031CF1FB0196AAE734C1168C2C581.e.63/click - {}
RESULT: {}
COMMAND: DELETE /session/a132802f3baf8f69b90893875081fbbe - {}
RESULT: {}
]]></system-out>
      <system-err><![CDATA[
Error: element ("//h3[text()="Account Created Successfully!"]") still not displayed after 10000ms
    at <anonymous> (C:\Users\subra\OneDrive - ICAD Airports Pvt Ltd\Desktop\AIP Sentinel Automation 05-10-2025\node_modules\webdriverio\build\node.js:5829:15)
    at async Element.wrapCommandFn (C:\Users\subra\OneDrive - ICAD Airports Pvt Ltd\Desktop\AIP Sentinel Automation 05-10-2025\node_modules\@wdio\utils\build\index.js:982:23)
    at async Element.elementErrorHandlerCallbackFn (C:\Users\subra\OneDrive - ICAD Airports Pvt Ltd\Desktop\AIP Sentinel Automation 05-10-2025\node_modules\webdriverio\build\node.js:8602:24)
    at async Element.wrapCommandFn (C:\Users\subra\OneDrive - ICAD Airports Pvt Ltd\Desktop\AIP Sentinel Automation 05-10-2025\node_modules\@wdio\utils\build\index.js:982:23)
    at async Element.wrapCommandFn (C:\Users\subra\OneDrive - ICAD Airports Pvt Ltd\Desktop\AIP Sentinel Automation 05-10-2025\node_modules\@wdio\utils\build\index.js:982:23)
    at async Element.elementErrorHandlerCallbackFn (C:\Users\subra\OneDrive - ICAD Airports Pvt Ltd\Desktop\AIP Sentinel Automation 05-10-2025\node_modules\webdriverio\build\node.js:8602:24)
    at async Element.wrapCommandFn (C:\Users\subra\OneDrive - ICAD Airports Pvt Ltd\Desktop\AIP Sentinel Automation 05-10-2025\node_modules\@wdio\utils\build\index.js:982:23)
    at async SignupPage.SignUp_User (C:\Users\subra\OneDrive - ICAD Airports Pvt Ltd\Desktop\AIP Sentinel Automation 05-10-2025\test\pageobjects\signup.page.ts:206:5)
    at async Context.<anonymous> (C:\Users\subra\OneDrive - ICAD Airports Pvt Ltd\Desktop\AIP Sentinel Automation 05-10-2025\test\specs\SignupPage_test.e2e.ts:24:5)
    at async Context.executeAsync (C:\Users\subra\OneDrive - ICAD Airports Pvt Ltd\Desktop\AIP Sentinel Automation 05-10-2025\node_modules\@wdio\utils\build\index.js:1108:20)
]]></system-err>
    </testcase>
  </testsuite>
</testsuites>