<?xml version="1.0" encoding="UTF-8"?>
<testsuites tests="1" failures="0" errors="0" skipped="0">
  <testsuite name="Dashboard Page Test Suite" timestamp="2026-02-08T21:43:48" time="13.182" tests="1" failures="0" errors="0" skipped="0">
    <properties>
      <property name="specId" value="0"/>
      <property name="suiteName" value="Dashboard Page Test Suite"/>
      <property name="capabilities" value="chrome.144_0_7559_133.windows"/>
      <property name="file" value="file:///C:/Users/subra/OneDrive%20-%20ICAD%20Airports%20Pvt%20Ltd/Desktop/AIP%20Sentinel%20Automation%2005-10-2025/test/specs/dashboardpage_test.e2e.ts"/>
    </properties>
    <testcase classname="chrome.144_0_7559_133.windows.Dashboard_Page_Test_Suite" name="should verify dashboard elements are displayed after login" time="13.152">
      <system-out><![CDATA[
COMMAND: POST /session/20995fcf94165834c2e4af5607ecdd19/window/maximize - {}
RESULT: {}
COMMAND: POST /session/20995fcf94165834c2e4af5607ecdd19/element/f.0C0951F639C80423FDC0141E054A1707.d.8C75CAAA29F713B708206BBE7317C14D.e.14/click - {}
RESULT: {}
COMMAND: POST /session/20995fcf94165834c2e4af5607ecdd19/element/f.0C0951F639C80423FDC0141E054A1707.d.8C75CAAA29F713B708206BBE7317C14D.e.6/clear - {}
RESULT: {}
COMMAND: POST /session/20995fcf94165834c2e4af5607ecdd19/element/f.0C0951F639C80423FDC0141E054A1707.d.8C75CAAA29F713B708206BBE7317C14D.e.6/value - {"text":"aip.admin@niairport.in"}
RESULT: {"text":"aip.admin@niairport.in"}
COMMAND: POST /session/20995fcf94165834c2e4af5607ecdd19/element/f.0C0951F639C80423FDC0141E054A1707.d.8C75CAAA29F713B708206BBE7317C14D.e.7/clear - {}
RESULT: {}
COMMAND: POST /session/20995fcf94165834c2e4af5607ecdd19/element/f.0C0951F639C80423FDC0141E054A1707.d.8C75CAAA29F713B708206BBE7317C14D.e.7/value - {"text":"MSI@Admin123"}
RESULT: {"text":"MSI@Admin123"}
COMMAND: GET /session/20995fcf94165834c2e4af5607ecdd19/element/f.0C0951F639C80423FDC0141E054A1707.d.8C75CAAA29F713B708206BBE7317C14D.e.9/enabled - {}
RESULT: {}
COMMAND: GET /session/20995fcf94165834c2e4af5607ecdd19/element/f.0C0951F639C80423FDC0141E054A1707.d.8C75CAAA29F713B708206BBE7317C14D.e.21/text - {}
RESULT: {}
COMMAND: POST /session/20995fcf94165834c2e4af5607ecdd19/element/f.0C0951F639C80423FDC0141E054A1707.d.8C75CAAA29F713B708206BBE7317C14D.e.9/click - {}
RESULT: {}
COMMAND: GET /session/20995fcf94165834c2e4af5607ecdd19/element/f.0C0951F639C80423FDC0141E054A1707.d.8C75CAAA29F713B708206BBE7317C14D.e.22/text - {}
RESULT: {}
COMMAND: GET /session/20995fcf94165834c2e4af5607ecdd19/element/f.0C0951F639C80423FDC0141E054A1707.d.8C75CAAA29F713B708206BBE7317C14D.e.23/text - {}
RESULT: {}
COMMAND: GET /session/20995fcf94165834c2e4af5607ecdd19/element/f.0C0951F639C80423FDC0141E054A1707.d.8C75CAAA29F713B708206BBE7317C14D.e.25/text - {}
RESULT: {}
COMMAND: GET /session/20995fcf94165834c2e4af5607ecdd19/element/f.0C0951F639C80423FDC0141E054A1707.d.8C75CAAA29F713B708206BBE7317C14D.e.26/text - {}
RESULT: {}
COMMAND: GET /session/20995fcf94165834c2e4af5607ecdd19/element/f.0C0951F639C80423FDC0141E054A1707.d.8C75CAAA29F713B708206BBE7317C14D.e.27/text - {}
RESULT: {}
COMMAND: GET /session/20995fcf94165834c2e4af5607ecdd19/element/f.0C0951F639C80423FDC0141E054A1707.d.8C75CAAA29F713B708206BBE7317C14D.e.28/text - {}
RESULT: {}
COMMAND: GET /session/20995fcf94165834c2e4af5607ecdd19/element/f.0C0951F639C80423FDC0141E054A1707.d.8C75CAAA29F713B708206BBE7317C14D.e.29/text - {}
RESULT: {}
COMMAND: GET /session/20995fcf94165834c2e4af5607ecdd19/element/f.0C0951F639C80423FDC0141E054A1707.d.8C75CAAA29F713B708206BBE7317C14D.e.32/rect - {}
RESULT: {}
COMMAND: GET /session/20995fcf94165834c2e4af5607ecdd19/window/rect - {}
RESULT: {}
COMMAND: POST /session/20995fcf94165834c2e4af5607ecdd19/actions - {"actions":[{"id":"wheel1","type":"wheel","parameters":{},"actions":[{"type":"scroll","x":-1409,"y":-24,"deltaX":0,"deltaY":0,"duration":0,"origin":{"element-6066-11e4-a52e-4f735466cecf":"f.0C0951F639C80423FDC0141E054A1707.d.8C75CAAA29F713B708206BBE7317C14D.e.32"}}]}]}
RESULT: {"actions":[{"id":"wheel1","type":"wheel","parameters":{},"actions":[{"type":"scroll","x":-1409,"y":-24,"deltaX":0,"deltaY":0,"duration":0,"origin":{"element-6066-11e4-a52e-4f735466cecf":"f.0C0951F639C80423FDC0141E054A1707.d.8C75CAAA29F713B708206BBE7317C14D.e.32"}}]}]}
COMMAND: GET /session/20995fcf94165834c2e4af5607ecdd19/element/f.0C0951F639C80423FDC0141E054A1707.d.8C75CAAA29F713B708206BBE7317C14D.e.31/text - {}
RESULT: {}
COMMAND: GET /session/20995fcf94165834c2e4af5607ecdd19/element/f.0C0951F639C80423FDC0141E054A1707.d.8C75CAAA29F713B708206BBE7317C14D.e.37/rect - {}
RESULT: {}
COMMAND: GET /session/20995fcf94165834c2e4af5607ecdd19/window/rect - {}
RESULT: {}
COMMAND: POST /session/20995fcf94165834c2e4af5607ecdd19/actions - {"actions":[{"id":"wheel2","type":"wheel","parameters":{},"actions":[{"type":"scroll","x":-1496,"y":-24,"deltaX":0,"deltaY":0,"duration":0,"origin":{"element-6066-11e4-a52e-4f735466cecf":"f.0C0951F639C80423FDC0141E054A1707.d.8C75CAAA29F713B708206BBE7317C14D.e.37"}}]}]}
RESULT: {"actions":[{"id":"wheel2","type":"wheel","parameters":{},"actions":[{"type":"scroll","x":-1496,"y":-24,"deltaX":0,"deltaY":0,"duration":0,"origin":{"element-6066-11e4-a52e-4f735466cecf":"f.0C0951F639C80423FDC0141E054A1707.d.8C75CAAA29F713B708206BBE7317C14D.e.37"}}]}]}
COMMAND: GET /session/20995fcf94165834c2e4af5607ecdd19/element/f.0C0951F639C80423FDC0141E054A1707.d.8C75CAAA29F713B708206BBE7317C14D.e.36/text - {}
RESULT: {}
COMMAND: GET /session/20995fcf94165834c2e4af5607ecdd19/element/f.0C0951F639C80423FDC0141E054A1707.d.8C75CAAA29F713B708206BBE7317C14D.e.39/rect - {}
RESULT: {}
COMMAND: GET /session/20995fcf94165834c2e4af5607ecdd19/window/rect - {}
RESULT: {}
COMMAND: POST /session/20995fcf94165834c2e4af5607ecdd19/actions - {"actions":[{"id":"wheel3","type":"wheel","parameters":{},"actions":[{"type":"scroll","x":-1498,"y":-24,"deltaX":0,"deltaY":0,"duration":0,"origin":{"element-6066-11e4-a52e-4f735466cecf":"f.0C0951F639C80423FDC0141E054A1707.d.8C75CAAA29F713B708206BBE7317C14D.e.39"}}]}]}
RESULT: {"actions":[{"id":"wheel3","type":"wheel","parameters":{},"actions":[{"type":"scroll","x":-1498,"y":-24,"deltaX":0,"deltaY":0,"duration":0,"origin":{"element-6066-11e4-a52e-4f735466cecf":"f.0C0951F639C80423FDC0141E054A1707.d.8C75CAAA29F713B708206BBE7317C14D.e.39"}}]}]}
COMMAND: GET /session/20995fcf94165834c2e4af5607ecdd19/element/f.0C0951F639C80423FDC0141E054A1707.d.8C75CAAA29F713B708206BBE7317C14D.e.38/text - {}
RESULT: {}
COMMAND: POST /session/20995fcf94165834c2e4af5607ecdd19/execute/sync - {"script":"<script> [19 bytes]","args":[{"sessionId":"20995fcf94165834c2e4af5607ecdd19","elementId":"f.0C0951F639C80423FDC0141E054A1707.d.8C75CAAA29F713B708206BBE7317C14D.e.39","element-6066-11e4-a52e-4f735466cecf":"f.0C0951F639C80423FDC0141E054A1707.d.8C75CAAA29F713B708206BBE7317C14D.e.39","locator":{"type":"xpath","value":"//h3[contains(normalize-space(), 'MQ')]"},"selector":"//h3[contains(normalize-space(), 'MQ')]","parent":{"capabilities":{"acceptInsecureCerts":true,"browserName":"chrome","browserVersion":"144.0.7559.133","chrome":{"chromedriverVersion":"144.0.7559.133 (7da823b1d594d1b49797911900e003ec96a8c0e7-refs/branch-heads/7559@{#4253})","userDataDir":"C:\\Users\\subra\\AppData\\Local\\Temp\\wdio-chrome-0-3-1770567223635"},"fedcm:accounts":true,"goog:chromeOptions":{"debuggerAddress":"localhost:62735"},"goog:processID":28100,"networkConnectionEnabled":false,"pageLoadStrategy":"normal","platformName":"windows","_":"12 more keys: [\"proxy\",\"setWindowRect\",\"strictFileInteractability\",\"timeouts\",\"unhandledPromptBehavior\",\"webSocketUrl\",\"webauthn:extension:credBlob\",\"webauthn:extension:largeBlob\",\"webauthn:extension:minPinLength\",\"webauthn:extension:prf\",\"webauthn:virtualAuthenticators\",\"wdio:driverPID\"]"},"visualService":{"defaultOptions":{"addressBarShadowPadding":6,"autoElementScroll":true,"addIOSBezelCorners":false,"autoSaveBaseline":true,"clearFolder":false,"userBasedFullPageScreenshot":false,"enableLegacyScreenshotMethod":false,"formatImageName":"{tag}-{browserName}-{width}x{height}-dpr-{dpr}","isHybridApp":false,"savePerInstance":false,"_":"10 more keys: [\"toolBarShadowPadding\",\"disableBlinkingCursor\",\"disableCSSAnimation\",\"enableLayoutTesting\",\"fullPageScrollTimeout\",\"hideScrollBars\",\"waitForFontsLoaded\",\"alwaysSaveActualImage\",\"compareOptions\",\"tabbableOptions\"]"},"folders":{"actualFolder":".tmp\\actual","baselineFolder":"__snapshots__\\","diffFolder":".tmp\\diff"},"_contextManager":{"cachedViewport":{"bottomBar":{"y":0,"x":0,"width":0,"height":0},"homeBar":{"y":0,"x":0,"width":0,"height":0},"leftSidePadding":{"y":0,"x":0,"width":0,"height":0},"rightSidePadding":{"y":0,"x":0,"width":0,"height":0},"statusBar":{"y":0,"x":0,"width":0,"height":0},"statusBarAndAddressBar":{"y":0,"x":0,"width":0,"height":0},"screenSize":{"width":0,"height":0},"viewport":{"y":0,"x":0,"width":0,"height":0}}},"_contextManagers":{}}},"isReactElement":false,"isShadowElement":false}]}
RESULT: {"script":"<script> [19 bytes]","args":[{"sessionId":"20995fcf94165834c2e4af5607ecdd19","elementId":"f.0C0951F639C80423FDC0141E054A1707.d.8C75CAAA29F713B708206BBE7317C14D.e.39","element-6066-11e4-a52e-4f735466cecf":"f.0C0951F639C80423FDC0141E054A1707.d.8C75CAAA29F713B708206BBE7317C14D.e.39","locator":{"type":"xpath","value":"//h3[contains(normalize-space(), 'MQ')]"},"selector":"//h3[contains(normalize-space(), 'MQ')]","parent":{"capabilities":{"acceptInsecureCerts":true,"browserName":"chrome","browserVersion":"144.0.7559.133","chrome":{"chromedriverVersion":"144.0.7559.133 (7da823b1d594d1b49797911900e003ec96a8c0e7-refs/branch-heads/7559@{#4253})","userDataDir":"C:\\Users\\subra\\AppData\\Local\\Temp\\wdio-chrome-0-3-1770567223635"},"fedcm:accounts":true,"goog:chromeOptions":{"debuggerAddress":"localhost:62735"},"goog:processID":28100,"networkConnectionEnabled":false,"pageLoadStrategy":"normal","platformName":"windows","_":"12 more keys: [\"proxy\",\"setWindowRect\",\"strictFileInteractability\",\"timeouts\",\"unhandledPromptBehavior\",\"webSocketUrl\",\"webauthn:extension:credBlob\",\"webauthn:extension:largeBlob\",\"webauthn:extension:minPinLength\",\"webauthn:extension:prf\",\"webauthn:virtualAuthenticators\",\"wdio:driverPID\"]"},"visualService":{"defaultOptions":{"addressBarShadowPadding":6,"autoElementScroll":true,"addIOSBezelCorners":false,"autoSaveBaseline":true,"clearFolder":false,"userBasedFullPageScreenshot":false,"enableLegacyScreenshotMethod":false,"formatImageName":"{tag}-{browserName}-{width}x{height}-dpr-{dpr}","isHybridApp":false,"savePerInstance":false,"_":"10 more keys: [\"toolBarShadowPadding\",\"disableBlinkingCursor\",\"disableCSSAnimation\",\"enableLayoutTesting\",\"fullPageScrollTimeout\",\"hideScrollBars\",\"waitForFontsLoaded\",\"alwaysSaveActualImage\",\"compareOptions\",\"tabbableOptions\"]"},"folders":{"actualFolder":".tmp\\actual","baselineFolder":"__snapshots__\\","diffFolder":".tmp\\diff"},"_contextManager":{"cachedViewport":{"bottomBar":{"y":0,"x":0,"width":0,"height":0},"homeBar":{"y":0,"x":0,"width":0,"height":0},"leftSidePadding":{"y":0,"x":0,"width":0,"height":0},"rightSidePadding":{"y":0,"x":0,"width":0,"height":0},"statusBar":{"y":0,"x":0,"width":0,"height":0},"statusBarAndAddressBar":{"y":0,"x":0,"width":0,"height":0},"screenSize":{"width":0,"height":0},"viewport":{"y":0,"x":0,"width":0,"height":0}}},"_contextManagers":{}}},"isReactElement":false,"isShadowElement":false}]}
COMMAND: POST /session/20995fcf94165834c2e4af5607ecdd19/execute/sync - {"script":"<script> [19 bytes]","args":[{"sessionId":"20995fcf94165834c2e4af5607ecdd19","elementId":"f.0C0951F639C80423FDC0141E054A1707.d.8C75CAAA29F713B708206BBE7317C14D.e.40","element-6066-11e4-a52e-4f735466cecf":"f.0C0951F639C80423FDC0141E054A1707.d.8C75CAAA29F713B708206BBE7317C14D.e.40","parent":{"sessionId":"20995fcf94165834c2e4af5607ecdd19","elementId":"f.0C0951F639C80423FDC0141E054A1707.d.8C75CAAA29F713B708206BBE7317C14D.e.39","element-6066-11e4-a52e-4f735466cecf":"f.0C0951F639C80423FDC0141E054A1707.d.8C75CAAA29F713B708206BBE7317C14D.e.39","locator":{"type":"xpath","value":"//h3[contains(normalize-space(), 'MQ')]"},"selector":"//h3[contains(normalize-space(), 'MQ')]","parent":{"capabilities":{"acceptInsecureCerts":true,"browserName":"chrome","browserVersion":"144.0.7559.133","chrome":{"chromedriverVersion":"144.0.7559.133 (7da823b1d594d1b49797911900e003ec96a8c0e7-refs/branch-heads/7559@{#4253})","userDataDir":"C:\\Users\\subra\\AppData\\Local\\Temp\\wdio-chrome-0-3-1770567223635"},"fedcm:accounts":true,"goog:chromeOptions":{"debuggerAddress":"localhost:62735"},"goog:processID":28100,"networkConnectionEnabled":false,"pageLoadStrategy":"normal","platformName":"windows","_":"12 more keys: [\"proxy\",\"setWindowRect\",\"strictFileInteractability\",\"timeouts\",\"unhandledPromptBehavior\",\"webSocketUrl\",\"webauthn:extension:credBlob\",\"webauthn:extension:largeBlob\",\"webauthn:extension:minPinLength\",\"webauthn:extension:prf\",\"webauthn:virtualAuthenticators\",\"wdio:driverPID\"]"},"visualService":{"defaultOptions":{"addressBarShadowPadding":6,"autoElementScroll":true,"addIOSBezelCorners":false,"autoSaveBaseline":true,"clearFolder":false,"userBasedFullPageScreenshot":false,"enableLegacyScreenshotMethod":false,"formatImageName":"{tag}-{browserName}-{width}x{height}-dpr-{dpr}","isHybridApp":false,"savePerInstance":false,"_":"10 more keys: [\"toolBarShadowPadding\",\"disableBlinkingCursor\",\"disableCSSAnimation\",\"enableLayoutTesting\",\"fullPageScrollTimeout\",\"hideScrollBars\",\"waitForFontsLoaded\",\"alwaysSaveActualImage\",\"compareOptions\",\"tabbableOptions\"]"},"folders":{"actualFolder":".tmp\\actual","baselineFolder":"__snapshots__\\","diffFolder":".tmp\\diff"},"_contextManager":{"cachedViewport":{"bottomBar":{"y":0,"x":0,"width":0,"height":0},"homeBar":{"y":0,"x":0,"width":0,"height":0},"leftSidePadding":{"y":0,"x":0,"width":0,"height":0},"rightSidePadding":{"y":0,"x":0,"width":0,"height":0},"statusBar":{"y":0,"x":0,"width":0,"height":0},"statusBarAndAddressBar":{"y":0,"x":0,"width":0,"height":0},"screenSize":{"width":0,"height":0},"viewport":{"y":0,"x":0,"width":0,"height":0}}},"_contextManagers":{}}},"isReactElement":false,"isShadowElement":false},"isReactElement":false,"isShadowElement":false}]}
RESULT: {"script":"<script> [19 bytes]","args":[{"sessionId":"20995fcf94165834c2e4af5607ecdd19","elementId":"f.0C0951F639C80423FDC0141E054A1707.d.8C75CAAA29F713B708206BBE7317C14D.e.40","element-6066-11e4-a52e-4f735466cecf":"f.0C0951F639C80423FDC0141E054A1707.d.8C75CAAA29F713B708206BBE7317C14D.e.40","parent":{"sessionId":"20995fcf94165834c2e4af5607ecdd19","elementId":"f.0C0951F639C80423FDC0141E054A1707.d.8C75CAAA29F713B708206BBE7317C14D.e.39","element-6066-11e4-a52e-4f735466cecf":"f.0C0951F639C80423FDC0141E054A1707.d.8C75CAAA29F713B708206BBE7317C14D.e.39","locator":{"type":"xpath","value":"//h3[contains(normalize-space(), 'MQ')]"},"selector":"//h3[contains(normalize-space(), 'MQ')]","parent":{"capabilities":{"acceptInsecureCerts":true,"browserName":"chrome","browserVersion":"144.0.7559.133","chrome":{"chromedriverVersion":"144.0.7559.133 (7da823b1d594d1b49797911900e003ec96a8c0e7-refs/branch-heads/7559@{#4253})","userDataDir":"C:\\Users\\subra\\AppData\\Local\\Temp\\wdio-chrome-0-3-1770567223635"},"fedcm:accounts":true,"goog:chromeOptions":{"debuggerAddress":"localhost:62735"},"goog:processID":28100,"networkConnectionEnabled":false,"pageLoadStrategy":"normal","platformName":"windows","_":"12 more keys: [\"proxy\",\"setWindowRect\",\"strictFileInteractability\",\"timeouts\",\"unhandledPromptBehavior\",\"webSocketUrl\",\"webauthn:extension:credBlob\",\"webauthn:extension:largeBlob\",\"webauthn:extension:minPinLength\",\"webauthn:extension:prf\",\"webauthn:virtualAuthenticators\",\"wdio:driverPID\"]"},"visualService":{"defaultOptions":{"addressBarShadowPadding":6,"autoElementScroll":true,"addIOSBezelCorners":false,"autoSaveBaseline":true,"clearFolder":false,"userBasedFullPageScreenshot":false,"enableLegacyScreenshotMethod":false,"formatImageName":"{tag}-{browserName}-{width}x{height}-dpr-{dpr}","isHybridApp":false,"savePerInstance":false,"_":"10 more keys: [\"toolBarShadowPadding\",\"disableBlinkingCursor\",\"disableCSSAnimation\",\"enableLayoutTesting\",\"fullPageScrollTimeout\",\"hideScrollBars\",\"waitForFontsLoaded\",\"alwaysSaveActualImage\",\"compareOptions\",\"tabbableOptions\"]"},"folders":{"actualFolder":".tmp\\actual","baselineFolder":"__snapshots__\\","diffFolder":".tmp\\diff"},"_contextManager":{"cachedViewport":{"bottomBar":{"y":0,"x":0,"width":0,"height":0},"homeBar":{"y":0,"x":0,"width":0,"height":0},"leftSidePadding":{"y":0,"x":0,"width":0,"height":0},"rightSidePadding":{"y":0,"x":0,"width":0,"height":0},"statusBar":{"y":0,"x":0,"width":0,"height":0},"statusBarAndAddressBar":{"y":0,"x":0,"width":0,"height":0},"screenSize":{"width":0,"height":0},"viewport":{"y":0,"x":0,"width":0,"height":0}}},"_contextManagers":{}}},"isReactElement":false,"isShadowElement":false},"isReactElement":false,"isShadowElement":false}]}
COMMAND: POST /session/20995fcf94165834c2e4af5607ecdd19/element/f.0C0951F639C80423FDC0141E054A1707.d.8C75CAAA29F713B708206BBE7317C14D.e.41/element - {"using":"xpath","value":".//div[text()='All systems operational']"}
RESULT: {"using":"xpath","value":".//div[text()='All systems operational']"}
COMMAND: POST /session/20995fcf94165834c2e4af5607ecdd19/element/f.0C0951F639C80423FDC0141E054A1707.d.8C75CAAA29F713B708206BBE7317C14D.e.41/elements - {"using":"xpath","value":".//div[text()='All systems operational']"}
RESULT: {"using":"xpath","value":".//div[text()='All systems operational']"}
COMMAND: GET /session/20995fcf94165834c2e4af5607ecdd19/element/f.0C0951F639C80423FDC0141E054A1707.d.8C75CAAA29F713B708206BBE7317C14D.e.45/rect - {}
RESULT: {}
COMMAND: GET /session/20995fcf94165834c2e4af5607ecdd19/window/rect - {}
RESULT: {}
COMMAND: POST /session/20995fcf94165834c2e4af5607ecdd19/actions - {"actions":[{"id":"wheel4","type":"wheel","parameters":{},"actions":[{"type":"scroll","x":-1433,"y":-24,"deltaX":0,"deltaY":0,"duration":0,"origin":{"element-6066-11e4-a52e-4f735466cecf":"f.0C0951F639C80423FDC0141E054A1707.d.8C75CAAA29F713B708206BBE7317C14D.e.45"}}]}]}
RESULT: {"actions":[{"id":"wheel4","type":"wheel","parameters":{},"actions":[{"type":"scroll","x":-1433,"y":-24,"deltaX":0,"deltaY":0,"duration":0,"origin":{"element-6066-11e4-a52e-4f735466cecf":"f.0C0951F639C80423FDC0141E054A1707.d.8C75CAAA29F713B708206BBE7317C14D.e.45"}}]}]}
COMMAND: GET /session/20995fcf94165834c2e4af5607ecdd19/element/f.0C0951F639C80423FDC0141E054A1707.d.8C75CAAA29F713B708206BBE7317C14D.e.44/text - {}
RESULT: {}
COMMAND: POST /session/20995fcf94165834c2e4af5607ecdd19/execute/sync - {"script":"<script> [19 bytes]","args":[{"sessionId":"20995fcf94165834c2e4af5607ecdd19","elementId":"f.0C0951F639C80423FDC0141E054A1707.d.8C75CAAA29F713B708206BBE7317C14D.e.45","element-6066-11e4-a52e-4f735466cecf":"f.0C0951F639C80423FDC0141E054A1707.d.8C75CAAA29F713B708206BBE7317C14D.e.45","locator":{"type":"xpath","value":"//h3[contains(normalize-space(), 'Physical Infra')]"},"selector":"//h3[contains(normalize-space(), 'Physical Infra')]","parent":{"capabilities":{"acceptInsecureCerts":true,"browserName":"chrome","browserVersion":"144.0.7559.133","chrome":{"chromedriverVersion":"144.0.7559.133 (7da823b1d594d1b49797911900e003ec96a8c0e7-refs/branch-heads/7559@{#4253})","userDataDir":"C:\\Users\\subra\\AppData\\Local\\Temp\\wdio-chrome-0-3-1770567223635"},"fedcm:accounts":true,"goog:chromeOptions":{"debuggerAddress":"localhost:62735"},"goog:processID":28100,"networkConnectionEnabled":false,"pageLoadStrategy":"normal","platformName":"windows","_":"12 more keys: [\"proxy\",\"setWindowRect\",\"strictFileInteractability\",\"timeouts\",\"unhandledPromptBehavior\",\"webSocketUrl\",\"webauthn:extension:credBlob\",\"webauthn:extension:largeBlob\",\"webauthn:extension:minPinLength\",\"webauthn:extension:prf\",\"webauthn:virtualAuthenticators\",\"wdio:driverPID\"]"},"visualService":{"defaultOptions":{"addressBarShadowPadding":6,"autoElementScroll":true,"addIOSBezelCorners":false,"autoSaveBaseline":true,"clearFolder":false,"userBasedFullPageScreenshot":false,"enableLegacyScreenshotMethod":false,"formatImageName":"{tag}-{browserName}-{width}x{height}-dpr-{dpr}","isHybridApp":false,"savePerInstance":false,"_":"10 more keys: [\"toolBarShadowPadding\",\"disableBlinkingCursor\",\"disableCSSAnimation\",\"enableLayoutTesting\",\"fullPageScrollTimeout\",\"hideScrollBars\",\"waitForFontsLoaded\",\"alwaysSaveActualImage\",\"compareOptions\",\"tabbableOptions\"]"},"folders":{"actualFolder":".tmp\\actual","baselineFolder":"__snapshots__\\","diffFolder":".tmp\\diff"},"_contextManager":{"cachedViewport":{"bottomBar":{"y":0,"x":0,"width":0,"height":0},"homeBar":{"y":0,"x":0,"width":0,"height":0},"leftSidePadding":{"y":0,"x":0,"width":0,"height":0},"rightSidePadding":{"y":0,"x":0,"width":0,"height":0},"statusBar":{"y":0,"x":0,"width":0,"height":0},"statusBarAndAddressBar":{"y":0,"x":0,"width":0,"height":0},"screenSize":{"width":0,"height":0},"viewport":{"y":0,"x":0,"width":0,"height":0}}},"_contextManagers":{}}},"isReactElement":false,"isShadowElement":false}]}
RESULT: {"script":"<script> [19 bytes]","args":[{"sessionId":"20995fcf94165834c2e4af5607ecdd19","elementId":"f.0C0951F639C80423FDC0141E054A1707.d.8C75CAAA29F713B708206BBE7317C14D.e.45","element-6066-11e4-a52e-4f735466cecf":"f.0C0951F639C80423FDC0141E054A1707.d.8C75CAAA29F713B708206BBE7317C14D.e.45","locator":{"type":"xpath","value":"//h3[contains(normalize-space(), 'Physical Infra')]"},"selector":"//h3[contains(normalize-space(), 'Physical Infra')]","parent":{"capabilities":{"acceptInsecureCerts":true,"browserName":"chrome","browserVersion":"144.0.7559.133","chrome":{"chromedriverVersion":"144.0.7559.133 (7da823b1d594d1b49797911900e003ec96a8c0e7-refs/branch-heads/7559@{#4253})","userDataDir":"C:\\Users\\subra\\AppData\\Local\\Temp\\wdio-chrome-0-3-1770567223635"},"fedcm:accounts":true,"goog:chromeOptions":{"debuggerAddress":"localhost:62735"},"goog:processID":28100,"networkConnectionEnabled":false,"pageLoadStrategy":"normal","platformName":"windows","_":"12 more keys: [\"proxy\",\"setWindowRect\",\"strictFileInteractability\",\"timeouts\",\"unhandledPromptBehavior\",\"webSocketUrl\",\"webauthn:extension:credBlob\",\"webauthn:extension:largeBlob\",\"webauthn:extension:minPinLength\",\"webauthn:extension:prf\",\"webauthn:virtualAuthenticators\",\"wdio:driverPID\"]"},"visualService":{"defaultOptions":{"addressBarShadowPadding":6,"autoElementScroll":true,"addIOSBezelCorners":false,"autoSaveBaseline":true,"clearFolder":false,"userBasedFullPageScreenshot":false,"enableLegacyScreenshotMethod":false,"formatImageName":"{tag}-{browserName}-{width}x{height}-dpr-{dpr}","isHybridApp":false,"savePerInstance":false,"_":"10 more keys: [\"toolBarShadowPadding\",\"disableBlinkingCursor\",\"disableCSSAnimation\",\"enableLayoutTesting\",\"fullPageScrollTimeout\",\"hideScrollBars\",\"waitForFontsLoaded\",\"alwaysSaveActualImage\",\"compareOptions\",\"tabbableOptions\"]"},"folders":{"actualFolder":".tmp\\actual","baselineFolder":"__snapshots__\\","diffFolder":".tmp\\diff"},"_contextManager":{"cachedViewport":{"bottomBar":{"y":0,"x":0,"width":0,"height":0},"homeBar":{"y":0,"x":0,"width":0,"height":0},"leftSidePadding":{"y":0,"x":0,"width":0,"height":0},"rightSidePadding":{"y":0,"x":0,"width":0,"height":0},"statusBar":{"y":0,"x":0,"width":0,"height":0},"statusBarAndAddressBar":{"y":0,"x":0,"width":0,"height":0},"screenSize":{"width":0,"height":0},"viewport":{"y":0,"x":0,"width":0,"height":0}}},"_contextManagers":{}}},"isReactElement":false,"isShadowElement":false}]}
COMMAND: POST /session/20995fcf94165834c2e4af5607ecdd19/execute/sync - {"script":"<script> [19 bytes]","args":[{"sessionId":"20995fcf94165834c2e4af5607ecdd19","elementId":"f.0C0951F639C80423FDC0141E054A1707.d.8C75CAAA29F713B708206BBE7317C14D.e.46","element-6066-11e4-a52e-4f735466cecf":"f.0C0951F639C80423FDC0141E054A1707.d.8C75CAAA29F713B708206BBE7317C14D.e.46","parent":{"sessionId":"20995fcf94165834c2e4af5607ecdd19","elementId":"f.0C0951F639C80423FDC0141E054A1707.d.8C75CAAA29F713B708206BBE7317C14D.e.45","element-6066-11e4-a52e-4f735466cecf":"f.0C0951F639C80423FDC0141E054A1707.d.8C75CAAA29F713B708206BBE7317C14D.e.45","locator":{"type":"xpath","value":"//h3[contains(normalize-space(), 'Physical Infra')]"},"selector":"//h3[contains(normalize-space(), 'Physical Infra')]","parent":{"capabilities":{"acceptInsecureCerts":true,"browserName":"chrome","browserVersion":"144.0.7559.133","chrome":{"chromedriverVersion":"144.0.7559.133 (7da823b1d594d1b49797911900e003ec96a8c0e7-refs/branch-heads/7559@{#4253})","userDataDir":"C:\\Users\\subra\\AppData\\Local\\Temp\\wdio-chrome-0-3-1770567223635"},"fedcm:accounts":true,"goog:chromeOptions":{"debuggerAddress":"localhost:62735"},"goog:processID":28100,"networkConnectionEnabled":false,"pageLoadStrategy":"normal","platformName":"windows","_":"12 more keys: [\"proxy\",\"setWindowRect\",\"strictFileInteractability\",\"timeouts\",\"unhandledPromptBehavior\",\"webSocketUrl\",\"webauthn:extension:credBlob\",\"webauthn:extension:largeBlob\",\"webauthn:extension:minPinLength\",\"webauthn:extension:prf\",\"webauthn:virtualAuthenticators\",\"wdio:driverPID\"]"},"visualService":{"defaultOptions":{"addressBarShadowPadding":6,"autoElementScroll":true,"addIOSBezelCorners":false,"autoSaveBaseline":true,"clearFolder":false,"userBasedFullPageScreenshot":false,"enableLegacyScreenshotMethod":false,"formatImageName":"{tag}-{browserName}-{width}x{height}-dpr-{dpr}","isHybridApp":false,"savePerInstance":false,"_":"10 more keys: [\"toolBarShadowPadding\",\"disableBlinkingCursor\",\"disableCSSAnimation\",\"enableLayoutTesting\",\"fullPageScrollTimeout\",\"hideScrollBars\",\"waitForFontsLoaded\",\"alwaysSaveActualImage\",\"compareOptions\",\"tabbableOptions\"]"},"folders":{"actualFolder":".tmp\\actual","baselineFolder":"__snapshots__\\","diffFolder":".tmp\\diff"},"_contextManager":{"cachedViewport":{"bottomBar":{"y":0,"x":0,"width":0,"height":0},"homeBar":{"y":0,"x":0,"width":0,"height":0},"leftSidePadding":{"y":0,"x":0,"width":0,"height":0},"rightSidePadding":{"y":0,"x":0,"width":0,"height":0},"statusBar":{"y":0,"x":0,"width":0,"height":0},"statusBarAndAddressBar":{"y":0,"x":0,"width":0,"height":0},"screenSize":{"width":0,"height":0},"viewport":{"y":0,"x":0,"width":0,"height":0}}},"_contextManagers":{}}},"isReactElement":false,"isShadowElement":false},"isReactElement":false,"isShadowElement":false}]}
RESULT: {"script":"<script> [19 bytes]","args":[{"sessionId":"20995fcf94165834c2e4af5607ecdd19","elementId":"f.0C0951F639C80423FDC0141E054A1707.d.8C75CAAA29F713B708206BBE7317C14D.e.46","element-6066-11e4-a52e-4f735466cecf":"f.0C0951F639C80423FDC0141E054A1707.d.8C75CAAA29F713B708206BBE7317C14D.e.46","parent":{"sessionId":"20995fcf94165834c2e4af5607ecdd19","elementId":"f.0C0951F639C80423FDC0141E054A1707.d.8C75CAAA29F713B708206BBE7317C14D.e.45","element-6066-11e4-a52e-4f735466cecf":"f.0C0951F639C80423FDC0141E054A1707.d.8C75CAAA29F713B708206BBE7317C14D.e.45","locator":{"type":"xpath","value":"//h3[contains(normalize-space(), 'Physical Infra')]"},"selector":"//h3[contains(normalize-space(), 'Physical Infra')]","parent":{"capabilities":{"acceptInsecureCerts":true,"browserName":"chrome","browserVersion":"144.0.7559.133","chrome":{"chromedriverVersion":"144.0.7559.133 (7da823b1d594d1b49797911900e003ec96a8c0e7-refs/branch-heads/7559@{#4253})","userDataDir":"C:\\Users\\subra\\AppData\\Local\\Temp\\wdio-chrome-0-3-1770567223635"},"fedcm:accounts":true,"goog:chromeOptions":{"debuggerAddress":"localhost:62735"},"goog:processID":28100,"networkConnectionEnabled":false,"pageLoadStrategy":"normal","platformName":"windows","_":"12 more keys: [\"proxy\",\"setWindowRect\",\"strictFileInteractability\",\"timeouts\",\"unhandledPromptBehavior\",\"webSocketUrl\",\"webauthn:extension:credBlob\",\"webauthn:extension:largeBlob\",\"webauthn:extension:minPinLength\",\"webauthn:extension:prf\",\"webauthn:virtualAuthenticators\",\"wdio:driverPID\"]"},"visualService":{"defaultOptions":{"addressBarShadowPadding":6,"autoElementScroll":true,"addIOSBezelCorners":false,"autoSaveBaseline":true,"clearFolder":false,"userBasedFullPageScreenshot":false,"enableLegacyScreenshotMethod":false,"formatImageName":"{tag}-{browserName}-{width}x{height}-dpr-{dpr}","isHybridApp":false,"savePerInstance":false,"_":"10 more keys: [\"toolBarShadowPadding\",\"disableBlinkingCursor\",\"disableCSSAnimation\",\"enableLayoutTesting\",\"fullPageScrollTimeout\",\"hideScrollBars\",\"waitForFontsLoaded\",\"alwaysSaveActualImage\",\"compareOptions\",\"tabbableOptions\"]"},"folders":{"actualFolder":".tmp\\actual","baselineFolder":"__snapshots__\\","diffFolder":".tmp\\diff"},"_contextManager":{"cachedViewport":{"bottomBar":{"y":0,"x":0,"width":0,"height":0},"homeBar":{"y":0,"x":0,"width":0,"height":0},"leftSidePadding":{"y":0,"x":0,"width":0,"height":0},"rightSidePadding":{"y":0,"x":0,"width":0,"height":0},"statusBar":{"y":0,"x":0,"width":0,"height":0},"statusBarAndAddressBar":{"y":0,"x":0,"width":0,"height":0},"screenSize":{"width":0,"height":0},"viewport":{"y":0,"x":0,"width":0,"height":0}}},"_contextManagers":{}}},"isReactElement":false,"isShadowElement":false},"isReactElement":false,"isShadowElement":false}]}
COMMAND: POST /session/20995fcf94165834c2e4af5607ecdd19/element/f.0C0951F639C80423FDC0141E054A1707.d.8C75CAAA29F713B708206BBE7317C14D.e.47/element - {"using":"xpath","value":".//div[text()='All systems operational']"}
RESULT: {"using":"xpath","value":".//div[text()='All systems operational']"}
COMMAND: POST /session/20995fcf94165834c2e4af5607ecdd19/element/f.0C0951F639C80423FDC0141E054A1707.d.8C75CAAA29F713B708206BBE7317C14D.e.47/elements - {"using":"xpath","value":".//div[text()='All systems operational']"}
RESULT: {"using":"xpath","value":".//div[text()='All systems operational']"}
COMMAND: DELETE /session/20995fcf94165834c2e4af5607ecdd19 - {}
RESULT: {}
]]></system-out>
    </testcase>
  </testsuite>
</testsuites>