<?xml version="1.0" encoding="UTF-8"?>
<testsuites tests="8" failures="0" errors="0" skipped="0">
  <testsuite name="Signup and manage approvals" timestamp="2026-02-14T17:59:39" time="129.073" tests="8" failures="0" errors="0" skipped="0">
    <properties>
      <property name="specId" value="0"/>
      <property name="suiteName" value="Signup and manage approvals"/>
      <property name="capabilities" value="chrome.144_0_7559_133.windows"/>
      <property name="file" value="file:///C:/Users/subra/OneDrive%20-%20ICAD%20Airports%20Pvt%20Ltd/Desktop/AIP%20Sentinel%20Automation%2005-10-2025/test/specs/SignupPage_test.e2e.ts"/>
    </properties>
    <testcase classname="chrome.144_0_7559_133.windows.Signup_and_manage_approvals" name="Signup As Manager and check manager rejection flow as Admin" time="14.168">
      <system-out><![CDATA[
COMMAND: POST /session/5dd02ced34a05cc82551188db4a752d4/window/maximize - {}
RESULT: {}
COMMAND: POST /session/5dd02ced34a05cc82551188db4a752d4/element/f.2A9B76482B7011523197029A34881C34.d.FD2B39A8FB49E5C3B796C3BD4DB54DED.e.9/click - {}
RESULT: {}
COMMAND: POST /session/5dd02ced34a05cc82551188db4a752d4/element/f.2A9B76482B7011523197029A34881C34.d.FD2B39A8FB49E5C3B796C3BD4DB54DED.e.18/click - {}
RESULT: {}
COMMAND: POST /session/5dd02ced34a05cc82551188db4a752d4/actions - {"actions":[{"id":"key1","type":"key","parameters":{},"actions":[{"type":"keyDown","value":"M"},{"type":"keyDown","value":""},{"type":"pause","duration":10},{"type":"keyUp","value":"M"},{"type":"keyUp","value":""}]}]}
RESULT: {"actions":[{"id":"key1","type":"key","parameters":{},"actions":[{"type":"keyDown","value":"M"},{"type":"keyDown","value":""},{"type":"pause","duration":10},{"type":"keyUp","value":"M"},{"type":"keyUp","value":""}]}]}
COMMAND: GET /session/5dd02ced34a05cc82551188db4a752d4/element/f.2A9B76482B7011523197029A34881C34.d.FD2B39A8FB49E5C3B796C3BD4DB54DED.e.30/text - {}
RESULT: {}
COMMAND: POST /session/5dd02ced34a05cc82551188db4a752d4/element/f.2A9B76482B7011523197029A34881C34.d.FD2B39A8FB49E5C3B796C3BD4DB54DED.e.23/clear - {}
RESULT: {}
COMMAND: POST /session/5dd02ced34a05cc82551188db4a752d4/element/f.2A9B76482B7011523197029A34881C34.d.FD2B39A8FB49E5C3B796C3BD4DB54DED.e.23/value - {"text":"Test User 7695"}
RESULT: {"text":"Test User 7695"}
COMMAND: POST /session/5dd02ced34a05cc82551188db4a752d4/element/f.2A9B76482B7011523197029A34881C34.d.FD2B39A8FB49E5C3B796C3BD4DB54DED.e.24/clear - {}
RESULT: {}
COMMAND: POST /session/5dd02ced34a05cc82551188db4a752d4/element/f.2A9B76482B7011523197029A34881C34.d.FD2B39A8FB49E5C3B796C3BD4DB54DED.e.24/value - {"text":"Tester 7695"}
RESULT: {"text":"Tester 7695"}
COMMAND: POST /session/5dd02ced34a05cc82551188db4a752d4/element/f.2A9B76482B7011523197029A34881C34.d.FD2B39A8FB49E5C3B796C3BD4DB54DED.e.35/click - {}
RESULT: {}
COMMAND: POST /session/5dd02ced34a05cc82551188db4a752d4/actions - {"actions":[{"id":"key2","type":"key","parameters":{},"actions":[{"type":"keyDown","value":"A"},{"type":"keyDown","value":""},{"type":"pause","duration":10},{"type":"keyUp","value":"A"},{"type":"keyUp","value":""}]}]}
RESULT: {"actions":[{"id":"key2","type":"key","parameters":{},"actions":[{"type":"keyDown","value":"A"},{"type":"keyDown","value":""},{"type":"pause","duration":10},{"type":"keyUp","value":"A"},{"type":"keyUp","value":""}]}]}
COMMAND: POST /session/5dd02ced34a05cc82551188db4a752d4/element/f.2A9B76482B7011523197029A34881C34.d.FD2B39A8FB49E5C3B796C3BD4DB54DED.e.25/clear - {}
RESULT: {}
COMMAND: POST /session/5dd02ced34a05cc82551188db4a752d4/element/f.2A9B76482B7011523197029A34881C34.d.FD2B39A8FB49E5C3B796C3BD4DB54DED.e.25/value - {"text":"+919072179040"}
RESULT: {"text":"+919072179040"}
COMMAND: POST /session/5dd02ced34a05cc82551188db4a752d4/element/f.2A9B76482B7011523197029A34881C34.d.FD2B39A8FB49E5C3B796C3BD4DB54DED.e.26/clear - {}
RESULT: {}
COMMAND: POST /session/5dd02ced34a05cc82551188db4a752d4/element/f.2A9B76482B7011523197029A34881C34.d.FD2B39A8FB49E5C3B796C3BD4DB54DED.e.26/value - {"text":"auto_1771072179040@yopmail.com"}
RESULT: {"text":"auto_1771072179040@yopmail.com"}
COMMAND: POST /session/5dd02ced34a05cc82551188db4a752d4/element/f.2A9B76482B7011523197029A34881C34.d.FD2B39A8FB49E5C3B796C3BD4DB54DED.e.27/clear - {}
RESULT: {}
COMMAND: POST /session/5dd02ced34a05cc82551188db4a752d4/element/f.2A9B76482B7011523197029A34881C34.d.FD2B39A8FB49E5C3B796C3BD4DB54DED.e.27/value - {"text":"TEST@123"}
RESULT: {"text":"TEST@123"}
COMMAND: POST /session/5dd02ced34a05cc82551188db4a752d4/element/f.2A9B76482B7011523197029A34881C34.d.FD2B39A8FB49E5C3B796C3BD4DB54DED.e.28/clear - {}
RESULT: {}
COMMAND: POST /session/5dd02ced34a05cc82551188db4a752d4/element/f.2A9B76482B7011523197029A34881C34.d.FD2B39A8FB49E5C3B796C3BD4DB54DED.e.28/value - {"text":"TEST@123"}
RESULT: {"text":"TEST@123"}
COMMAND: POST /session/5dd02ced34a05cc82551188db4a752d4/element/f.2A9B76482B7011523197029A34881C34.d.FD2B39A8FB49E5C3B796C3BD4DB54DED.e.21/click - {}
RESULT: {}
COMMAND: POST /session/5dd02ced34a05cc82551188db4a752d4/element/f.2A9B76482B7011523197029A34881C34.d.FD2B39A8FB49E5C3B796C3BD4DB54DED.e.50/click - {}
RESULT: {}
COMMAND: POST /session/5dd02ced34a05cc82551188db4a752d4/element/f.2A9B76482B7011523197029A34881C34.d.FD2B39A8FB49E5C3B796C3BD4DB54DED.e.53/click - {}
RESULT: {}
COMMAND: POST /session/5dd02ced34a05cc82551188db4a752d4/element/f.2A9B76482B7011523197029A34881C34.d.FD2B39A8FB49E5C3B796C3BD4DB54DED.e.48/clear - {}
RESULT: {}
COMMAND: POST /session/5dd02ced34a05cc82551188db4a752d4/element/f.2A9B76482B7011523197029A34881C34.d.FD2B39A8FB49E5C3B796C3BD4DB54DED.e.48/value - {"text":"aip.admin@niairport.in"}
RESULT: {"text":"aip.admin@niairport.in"}
COMMAND: POST /session/5dd02ced34a05cc82551188db4a752d4/element/f.2A9B76482B7011523197029A34881C34.d.FD2B39A8FB49E5C3B796C3BD4DB54DED.e.49/clear - {}
RESULT: {}
COMMAND: POST /session/5dd02ced34a05cc82551188db4a752d4/element/f.2A9B76482B7011523197029A34881C34.d.FD2B39A8FB49E5C3B796C3BD4DB54DED.e.49/value - {"text":"MSI@Admin123"}
RESULT: {"text":"MSI@Admin123"}
COMMAND: GET /session/5dd02ced34a05cc82551188db4a752d4/element/f.2A9B76482B7011523197029A34881C34.d.FD2B39A8FB49E5C3B796C3BD4DB54DED.e.52/enabled - {}
RESULT: {}
COMMAND: GET /session/5dd02ced34a05cc82551188db4a752d4/element/f.2A9B76482B7011523197029A34881C34.d.FD2B39A8FB49E5C3B796C3BD4DB54DED.e.58/text - {}
RESULT: {}
COMMAND: POST /session/5dd02ced34a05cc82551188db4a752d4/element/f.2A9B76482B7011523197029A34881C34.d.FD2B39A8FB49E5C3B796C3BD4DB54DED.e.52/click - {}
RESULT: {}
COMMAND: GET /session/5dd02ced34a05cc82551188db4a752d4/element/f.2A9B76482B7011523197029A34881C34.d.FD2B39A8FB49E5C3B796C3BD4DB54DED.e.61/text - {}
RESULT: {}
COMMAND: GET /session/5dd02ced34a05cc82551188db4a752d4/element/f.2A9B76482B7011523197029A34881C34.d.FD2B39A8FB49E5C3B796C3BD4DB54DED.e.62/text - {}
RESULT: {}
COMMAND: POST /session/5dd02ced34a05cc82551188db4a752d4/element/f.2A9B76482B7011523197029A34881C34.d.FD2B39A8FB49E5C3B796C3BD4DB54DED.e.68/click - {}
RESULT: {}
COMMAND: POST /session/5dd02ced34a05cc82551188db4a752d4/element/f.2A9B76482B7011523197029A34881C34.d.FD2B39A8FB49E5C3B796C3BD4DB54DED.e.70/click - {}
RESULT: {}
COMMAND: GET /session/5dd02ced34a05cc82551188db4a752d4/element/f.2A9B76482B7011523197029A34881C34.d.FD2B39A8FB49E5C3B796C3BD4DB54DED.e.72/rect - {}
RESULT: {}
COMMAND: GET /session/5dd02ced34a05cc82551188db4a752d4/window/rect - {}
RESULT: {}
COMMAND: POST /session/5dd02ced34a05cc82551188db4a752d4/actions - {"actions":[{"id":"wheel1","type":"wheel","parameters":{},"actions":[{"type":"scroll","x":-160,"y":-402,"deltaX":0,"deltaY":0,"duration":0,"origin":{"element-6066-11e4-a52e-4f735466cecf":"f.2A9B76482B7011523197029A34881C34.d.FD2B39A8FB49E5C3B796C3BD4DB54DED.e.72"}}]}]}
RESULT: {"actions":[{"id":"wheel1","type":"wheel","parameters":{},"actions":[{"type":"scroll","x":-160,"y":-402,"deltaX":0,"deltaY":0,"duration":0,"origin":{"element-6066-11e4-a52e-4f735466cecf":"f.2A9B76482B7011523197029A34881C34.d.FD2B39A8FB49E5C3B796C3BD4DB54DED.e.72"}}]}]}
COMMAND: GET /session/5dd02ced34a05cc82551188db4a752d4/element/f.2A9B76482B7011523197029A34881C34.d.FD2B39A8FB49E5C3B796C3BD4DB54DED.e.98/text - {}
RESULT: {}
COMMAND: GET /session/5dd02ced34a05cc82551188db4a752d4/element/f.2A9B76482B7011523197029A34881C34.d.FD2B39A8FB49E5C3B796C3BD4DB54DED.e.103/text - {}
RESULT: {}
COMMAND: GET /session/5dd02ced34a05cc82551188db4a752d4/element/f.2A9B76482B7011523197029A34881C34.d.FD2B39A8FB49E5C3B796C3BD4DB54DED.e.98/text - {}
RESULT: {}
COMMAND: POST /session/5dd02ced34a05cc82551188db4a752d4/element/f.2A9B76482B7011523197029A34881C34.d.FD2B39A8FB49E5C3B796C3BD4DB54DED.e.97/element - {"using":"xpath","value":".//button[normalize-space()='Reject'] | .//button[contains(.,'Reject')]"}
RESULT: {"using":"xpath","value":".//button[normalize-space()='Reject'] | .//button[contains(.,'Reject')]"}
COMMAND: GET /session/5dd02ced34a05cc82551188db4a752d4/element/f.2A9B76482B7011523197029A34881C34.d.FD2B39A8FB49E5C3B796C3BD4DB54DED.e.105/rect - {}
RESULT: {}
COMMAND: GET /session/5dd02ced34a05cc82551188db4a752d4/window/rect - {}
RESULT: {}
COMMAND: POST /session/5dd02ced34a05cc82551188db4a752d4/actions - {"actions":[{"id":"wheel2","type":"wheel","parameters":{},"actions":[{"type":"scroll","x":-92,"y":-398,"deltaX":0,"deltaY":0,"duration":0,"origin":{"element-6066-11e4-a52e-4f735466cecf":"f.2A9B76482B7011523197029A34881C34.d.FD2B39A8FB49E5C3B796C3BD4DB54DED.e.105"}}]}]}
RESULT: {"actions":[{"id":"wheel2","type":"wheel","parameters":{},"actions":[{"type":"scroll","x":-92,"y":-398,"deltaX":0,"deltaY":0,"duration":0,"origin":{"element-6066-11e4-a52e-4f735466cecf":"f.2A9B76482B7011523197029A34881C34.d.FD2B39A8FB49E5C3B796C3BD4DB54DED.e.105"}}]}]}
COMMAND: POST /session/5dd02ced34a05cc82551188db4a752d4/element/f.2A9B76482B7011523197029A34881C34.d.FD2B39A8FB49E5C3B796C3BD4DB54DED.e.105/click - {}
RESULT: {}
COMMAND: POST /session/5dd02ced34a05cc82551188db4a752d4/element/f.2A9B76482B7011523197029A34881C34.d.FD2B39A8FB49E5C3B796C3BD4DB54DED.e.106/clear - {}
RESULT: {}
COMMAND: POST /session/5dd02ced34a05cc82551188db4a752d4/element/f.2A9B76482B7011523197029A34881C34.d.FD2B39A8FB49E5C3B796C3BD4DB54DED.e.106/value - {"text":"Rejecting for testing purpose"}
RESULT: {"text":"Rejecting for testing purpose"}
COMMAND: POST /session/5dd02ced34a05cc82551188db4a752d4/element/f.2A9B76482B7011523197029A34881C34.d.FD2B39A8FB49E5C3B796C3BD4DB54DED.e.109/click - {}
RESULT: {}
COMMAND: POST /session/5dd02ced34a05cc82551188db4a752d4/element/f.2A9B76482B7011523197029A34881C34.d.FD2B39A8FB49E5C3B796C3BD4DB54DED.e.93/element - {"using":"xpath","value":".//tr[contains(., 'Test User 7695')]"}
RESULT: {"using":"xpath","value":".//tr[contains(., 'Test User 7695')]"}
COMMAND: POST /session/5dd02ced34a05cc82551188db4a752d4/element/f.2A9B76482B7011523197029A34881C34.d.FD2B39A8FB49E5C3B796C3BD4DB54DED.e.93/elements - {"using":"xpath","value":".//tr[contains(., 'Test User 7695')]"}
RESULT: {"using":"xpath","value":".//tr[contains(., 'Test User 7695')]"}
COMMAND: GET /session/5dd02ced34a05cc82551188db4a752d4/element/f.2A9B76482B7011523197029A34881C34.d.FD2B39A8FB49E5C3B796C3BD4DB54DED.e.103/text - {}
RESULT: {}
COMMAND: POST /session/5dd02ced34a05cc82551188db4a752d4/element/f.2A9B76482B7011523197029A34881C34.d.FD2B39A8FB49E5C3B796C3BD4DB54DED.e.93/element - {"using":"xpath","value":".//tr[contains(., 'Test User 7695')]"}
RESULT: {"using":"xpath","value":".//tr[contains(., 'Test User 7695')]"}
COMMAND: POST /session/5dd02ced34a05cc82551188db4a752d4/element/f.2A9B76482B7011523197029A34881C34.d.FD2B39A8FB49E5C3B796C3BD4DB54DED.e.93/elements - {"using":"xpath","value":".//tr[contains(., 'Test User 7695')]"}
RESULT: {"using":"xpath","value":".//tr[contains(., 'Test User 7695')]"}
COMMAND: GET /session/5dd02ced34a05cc82551188db4a752d4/element/f.2A9B76482B7011523197029A34881C34.d.FD2B39A8FB49E5C3B796C3BD4DB54DED.e.103/text - {}
RESULT: {}
COMMAND: POST /session/5dd02ced34a05cc82551188db4a752d4/element/f.2A9B76482B7011523197029A34881C34.d.FD2B39A8FB49E5C3B796C3BD4DB54DED.e.93/element - {"using":"xpath","value":".//tr[contains(., 'Test User 7695')]"}
RESULT: {"using":"xpath","value":".//tr[contains(., 'Test User 7695')]"}
COMMAND: POST /session/5dd02ced34a05cc82551188db4a752d4/element/f.2A9B76482B7011523197029A34881C34.d.FD2B39A8FB49E5C3B796C3BD4DB54DED.e.93/elements - {"using":"xpath","value":".//tr[contains(., 'Test User 7695')]"}
RESULT: {"using":"xpath","value":".//tr[contains(., 'Test User 7695')]"}
COMMAND: GET /session/5dd02ced34a05cc82551188db4a752d4/element/f.2A9B76482B7011523197029A34881C34.d.FD2B39A8FB49E5C3B796C3BD4DB54DED.e.103/text - {}
RESULT: {}
COMMAND: POST /session/5dd02ced34a05cc82551188db4a752d4/element/f.2A9B76482B7011523197029A34881C34.d.FD2B39A8FB49E5C3B796C3BD4DB54DED.e.93/element - {"using":"xpath","value":".//tr[contains(., 'Test User 7695')]"}
RESULT: {"using":"xpath","value":".//tr[contains(., 'Test User 7695')]"}
COMMAND: POST /session/5dd02ced34a05cc82551188db4a752d4/element/f.2A9B76482B7011523197029A34881C34.d.FD2B39A8FB49E5C3B796C3BD4DB54DED.e.93/elements - {"using":"xpath","value":".//tr[contains(., 'Test User 7695')]"}
RESULT: {"using":"xpath","value":".//tr[contains(., 'Test User 7695')]"}
COMMAND: GET /session/5dd02ced34a05cc82551188db4a752d4/element/f.2A9B76482B7011523197029A34881C34.d.FD2B39A8FB49E5C3B796C3BD4DB54DED.e.103/text - {}
RESULT: {}
COMMAND: POST /session/5dd02ced34a05cc82551188db4a752d4/element/f.2A9B76482B7011523197029A34881C34.d.FD2B39A8FB49E5C3B796C3BD4DB54DED.e.93/element - {"using":"xpath","value":".//tr[contains(., 'Test User 7695')]"}
RESULT: {"using":"xpath","value":".//tr[contains(., 'Test User 7695')]"}
COMMAND: POST /session/5dd02ced34a05cc82551188db4a752d4/element/f.2A9B76482B7011523197029A34881C34.d.FD2B39A8FB49E5C3B796C3BD4DB54DED.e.93/elements - {"using":"xpath","value":".//tr[contains(., 'Test User 7695')]"}
RESULT: {"using":"xpath","value":".//tr[contains(., 'Test User 7695')]"}
COMMAND: GET /session/5dd02ced34a05cc82551188db4a752d4/element/f.2A9B76482B7011523197029A34881C34.d.FD2B39A8FB49E5C3B796C3BD4DB54DED.e.103/text - {}
RESULT: {}
COMMAND: POST /session/5dd02ced34a05cc82551188db4a752d4/element/f.2A9B76482B7011523197029A34881C34.d.FD2B39A8FB49E5C3B796C3BD4DB54DED.e.93/element - {"using":"xpath","value":".//tr[contains(., 'Test User 7695')]"}
RESULT: {"using":"xpath","value":".//tr[contains(., 'Test User 7695')]"}
COMMAND: POST /session/5dd02ced34a05cc82551188db4a752d4/element/f.2A9B76482B7011523197029A34881C34.d.FD2B39A8FB49E5C3B796C3BD4DB54DED.e.93/elements - {"using":"xpath","value":".//tr[contains(., 'Test User 7695')]"}
RESULT: {"using":"xpath","value":".//tr[contains(., 'Test User 7695')]"}
COMMAND: GET /session/5dd02ced34a05cc82551188db4a752d4/element/f.2A9B76482B7011523197029A34881C34.d.FD2B39A8FB49E5C3B796C3BD4DB54DED.e.103/text - {}
RESULT: {}
COMMAND: GET /session/5dd02ced34a05cc82551188db4a752d4/element/f.2A9B76482B7011523197029A34881C34.d.FD2B39A8FB49E5C3B796C3BD4DB54DED.e.98/text - {}
RESULT: {}
COMMAND: GET /session/5dd02ced34a05cc82551188db4a752d4/element/f.2A9B76482B7011523197029A34881C34.d.FD2B39A8FB49E5C3B796C3BD4DB54DED.e.103/text - {}
RESULT: {}
COMMAND: GET /session/5dd02ced34a05cc82551188db4a752d4/element/f.2A9B76482B7011523197029A34881C34.d.FD2B39A8FB49E5C3B796C3BD4DB54DED.e.72/rect - {}
RESULT: {}
COMMAND: GET /session/5dd02ced34a05cc82551188db4a752d4/window/rect - {}
RESULT: {}
COMMAND: POST /session/5dd02ced34a05cc82551188db4a752d4/actions - {"actions":[{"id":"wheel3","type":"wheel","parameters":{},"actions":[{"type":"scroll","x":-160,"y":-402,"deltaX":0,"deltaY":0,"duration":0,"origin":{"element-6066-11e4-a52e-4f735466cecf":"f.2A9B76482B7011523197029A34881C34.d.FD2B39A8FB49E5C3B796C3BD4DB54DED.e.72"}}]}]}
RESULT: {"actions":[{"id":"wheel3","type":"wheel","parameters":{},"actions":[{"type":"scroll","x":-160,"y":-402,"deltaX":0,"deltaY":0,"duration":0,"origin":{"element-6066-11e4-a52e-4f735466cecf":"f.2A9B76482B7011523197029A34881C34.d.FD2B39A8FB49E5C3B796C3BD4DB54DED.e.72"}}]}]}
COMMAND: GET /session/5dd02ced34a05cc82551188db4a752d4/element/f.2A9B76482B7011523197029A34881C34.d.FD2B39A8FB49E5C3B796C3BD4DB54DED.e.98/text - {}
RESULT: {}
COMMAND: GET /session/5dd02ced34a05cc82551188db4a752d4/element/f.2A9B76482B7011523197029A34881C34.d.FD2B39A8FB49E5C3B796C3BD4DB54DED.e.103/text - {}
RESULT: {}
COMMAND: GET /session/5dd02ced34a05cc82551188db4a752d4/element/f.2A9B76482B7011523197029A34881C34.d.FD2B39A8FB49E5C3B796C3BD4DB54DED.e.98/text - {}
RESULT: {}
COMMAND: GET /session/5dd02ced34a05cc82551188db4a752d4/element/f.2A9B76482B7011523197029A34881C34.d.FD2B39A8FB49E5C3B796C3BD4DB54DED.e.103/text - {}
RESULT: {}
COMMAND: POST /session/5dd02ced34a05cc82551188db4a752d4/element/f.2A9B76482B7011523197029A34881C34.d.FD2B39A8FB49E5C3B796C3BD4DB54DED.e.120/click - {}
RESULT: {}
COMMAND: POST /session/5dd02ced34a05cc82551188db4a752d4/element/f.2A9B76482B7011523197029A34881C34.d.FD2B39A8FB49E5C3B796C3BD4DB54DED.e.122/click - {}
RESULT: {}
]]></system-out>
    </testcase>
    <testcase classname="chrome.144_0_7559_133.windows.Signup_and_manage_approvals" name="Signup As User and check user rejection flow as Admin" time="17.144">
      <system-out><![CDATA[
COMMAND: POST /session/5dd02ced34a05cc82551188db4a752d4/window/maximize - {}
RESULT: {}
COMMAND: POST /session/5dd02ced34a05cc82551188db4a752d4/element/f.2A9B76482B7011523197029A34881C34.d.17F731E43B8B4FA86BF786DF5C71681C.e.131/click - {}
RESULT: {}
COMMAND: POST /session/5dd02ced34a05cc82551188db4a752d4/element/f.2A9B76482B7011523197029A34881C34.d.17F731E43B8B4FA86BF786DF5C71681C.e.142/click - {}
RESULT: {}
COMMAND: POST /session/5dd02ced34a05cc82551188db4a752d4/element/f.2A9B76482B7011523197029A34881C34.d.17F731E43B8B4FA86BF786DF5C71681C.e.143/click - {}
RESULT: {}
COMMAND: POST /session/5dd02ced34a05cc82551188db4a752d4/element/f.2A9B76482B7011523197029A34881C34.d.17F731E43B8B4FA86BF786DF5C71681C.e.160/click - {}
RESULT: {}
COMMAND: POST /session/5dd02ced34a05cc82551188db4a752d4/element/f.2A9B76482B7011523197029A34881C34.d.17F731E43B8B4FA86BF786DF5C71681C.e.161/click - {}
RESULT: {}
COMMAND: POST /session/5dd02ced34a05cc82551188db4a752d4/element/f.2A9B76482B7011523197029A34881C34.d.17F731E43B8B4FA86BF786DF5C71681C.e.150/clear - {}
RESULT: {}
COMMAND: POST /session/5dd02ced34a05cc82551188db4a752d4/element/f.2A9B76482B7011523197029A34881C34.d.17F731E43B8B4FA86BF786DF5C71681C.e.150/value - {"text":"Test User 4334"}
RESULT: {"text":"Test User 4334"}
COMMAND: POST /session/5dd02ced34a05cc82551188db4a752d4/element/f.2A9B76482B7011523197029A34881C34.d.17F731E43B8B4FA86BF786DF5C71681C.e.151/clear - {}
RESULT: {}
COMMAND: POST /session/5dd02ced34a05cc82551188db4a752d4/element/f.2A9B76482B7011523197029A34881C34.d.17F731E43B8B4FA86BF786DF5C71681C.e.151/value - {"text":"Tester 4334"}
RESULT: {"text":"Tester 4334"}
COMMAND: POST /session/5dd02ced34a05cc82551188db4a752d4/element/f.2A9B76482B7011523197029A34881C34.d.17F731E43B8B4FA86BF786DF5C71681C.e.165/click - {}
RESULT: {}
COMMAND: POST /session/5dd02ced34a05cc82551188db4a752d4/actions - {"actions":[{"id":"key3","type":"key","parameters":{},"actions":[{"type":"keyDown","value":"A"},{"type":"keyDown","value":""},{"type":"pause","duration":10},{"type":"keyUp","value":"A"},{"type":"keyUp","value":""}]}]}
RESULT: {"actions":[{"id":"key3","type":"key","parameters":{},"actions":[{"type":"keyDown","value":"A"},{"type":"keyDown","value":""},{"type":"pause","duration":10},{"type":"keyUp","value":"A"},{"type":"keyUp","value":""}]}]}
COMMAND: POST /session/5dd02ced34a05cc82551188db4a752d4/element/f.2A9B76482B7011523197029A34881C34.d.17F731E43B8B4FA86BF786DF5C71681C.e.152/clear - {}
RESULT: {}
COMMAND: POST /session/5dd02ced34a05cc82551188db4a752d4/element/f.2A9B76482B7011523197029A34881C34.d.17F731E43B8B4FA86BF786DF5C71681C.e.152/value - {"text":"+919072193206"}
RESULT: {"text":"+919072193206"}
COMMAND: POST /session/5dd02ced34a05cc82551188db4a752d4/element/f.2A9B76482B7011523197029A34881C34.d.17F731E43B8B4FA86BF786DF5C71681C.e.153/clear - {}
RESULT: {}
COMMAND: POST /session/5dd02ced34a05cc82551188db4a752d4/element/f.2A9B76482B7011523197029A34881C34.d.17F731E43B8B4FA86BF786DF5C71681C.e.153/value - {"text":"auto_1771072193206@yopmail.com"}
RESULT: {"text":"auto_1771072193206@yopmail.com"}
COMMAND: POST /session/5dd02ced34a05cc82551188db4a752d4/element/f.2A9B76482B7011523197029A34881C34.d.17F731E43B8B4FA86BF786DF5C71681C.e.155/clear - {}
RESULT: {}
COMMAND: POST /session/5dd02ced34a05cc82551188db4a752d4/element/f.2A9B76482B7011523197029A34881C34.d.17F731E43B8B4FA86BF786DF5C71681C.e.155/value - {"text":"TEST@123"}
RESULT: {"text":"TEST@123"}
COMMAND: POST /session/5dd02ced34a05cc82551188db4a752d4/element/f.2A9B76482B7011523197029A34881C34.d.17F731E43B8B4FA86BF786DF5C71681C.e.156/clear - {}
RESULT: {}
COMMAND: POST /session/5dd02ced34a05cc82551188db4a752d4/element/f.2A9B76482B7011523197029A34881C34.d.17F731E43B8B4FA86BF786DF5C71681C.e.156/value - {"text":"TEST@123"}
RESULT: {"text":"TEST@123"}
COMMAND: POST /session/5dd02ced34a05cc82551188db4a752d4/element/f.2A9B76482B7011523197029A34881C34.d.17F731E43B8B4FA86BF786DF5C71681C.e.146/click - {}
RESULT: {}
COMMAND: POST /session/5dd02ced34a05cc82551188db4a752d4/element/f.2A9B76482B7011523197029A34881C34.d.17F731E43B8B4FA86BF786DF5C71681C.e.177/click - {}
RESULT: {}
COMMAND: POST /session/5dd02ced34a05cc82551188db4a752d4/element/f.2A9B76482B7011523197029A34881C34.d.17F731E43B8B4FA86BF786DF5C71681C.e.180/click - {}
RESULT: {}
COMMAND: POST /session/5dd02ced34a05cc82551188db4a752d4/element/f.2A9B76482B7011523197029A34881C34.d.17F731E43B8B4FA86BF786DF5C71681C.e.175/clear - {}
RESULT: {}
COMMAND: POST /session/5dd02ced34a05cc82551188db4a752d4/element/f.2A9B76482B7011523197029A34881C34.d.17F731E43B8B4FA86BF786DF5C71681C.e.175/value - {"text":"aip.admin@niairport.in"}
RESULT: {"text":"aip.admin@niairport.in"}
COMMAND: POST /session/5dd02ced34a05cc82551188db4a752d4/element/f.2A9B76482B7011523197029A34881C34.d.17F731E43B8B4FA86BF786DF5C71681C.e.176/clear - {}
RESULT: {}
COMMAND: POST /session/5dd02ced34a05cc82551188db4a752d4/element/f.2A9B76482B7011523197029A34881C34.d.17F731E43B8B4FA86BF786DF5C71681C.e.176/value - {"text":"MSI@Admin123"}
RESULT: {"text":"MSI@Admin123"}
COMMAND: GET /session/5dd02ced34a05cc82551188db4a752d4/element/f.2A9B76482B7011523197029A34881C34.d.17F731E43B8B4FA86BF786DF5C71681C.e.179/enabled - {}
RESULT: {}
COMMAND: GET /session/5dd02ced34a05cc82551188db4a752d4/element/f.2A9B76482B7011523197029A34881C34.d.17F731E43B8B4FA86BF786DF5C71681C.e.185/text - {}
RESULT: {}
COMMAND: POST /session/5dd02ced34a05cc82551188db4a752d4/element/f.2A9B76482B7011523197029A34881C34.d.17F731E43B8B4FA86BF786DF5C71681C.e.179/click - {}
RESULT: {}
COMMAND: GET /session/5dd02ced34a05cc82551188db4a752d4/element/f.2A9B76482B7011523197029A34881C34.d.17F731E43B8B4FA86BF786DF5C71681C.e.188/text - {}
RESULT: {}
COMMAND: GET /session/5dd02ced34a05cc82551188db4a752d4/element/f.2A9B76482B7011523197029A34881C34.d.17F731E43B8B4FA86BF786DF5C71681C.e.194/text - {}
RESULT: {}
COMMAND: POST /session/5dd02ced34a05cc82551188db4a752d4/element/f.2A9B76482B7011523197029A34881C34.d.17F731E43B8B4FA86BF786DF5C71681C.e.195/click - {}
RESULT: {}
COMMAND: POST /session/5dd02ced34a05cc82551188db4a752d4/element/f.2A9B76482B7011523197029A34881C34.d.17F731E43B8B4FA86BF786DF5C71681C.e.197/click - {}
RESULT: {}
COMMAND: GET /session/5dd02ced34a05cc82551188db4a752d4/element/f.2A9B76482B7011523197029A34881C34.d.17F731E43B8B4FA86BF786DF5C71681C.e.220/rect - {}
RESULT: {}
COMMAND: GET /session/5dd02ced34a05cc82551188db4a752d4/window/rect - {}
RESULT: {}
COMMAND: POST /session/5dd02ced34a05cc82551188db4a752d4/actions - {"actions":[{"id":"wheel4","type":"wheel","parameters":{},"actions":[{"type":"scroll","x":-123,"y":-402,"deltaX":0,"deltaY":0,"duration":0,"origin":{"element-6066-11e4-a52e-4f735466cecf":"f.2A9B76482B7011523197029A34881C34.d.17F731E43B8B4FA86BF786DF5C71681C.e.220"}}]}]}
RESULT: {"actions":[{"id":"wheel4","type":"wheel","parameters":{},"actions":[{"type":"scroll","x":-123,"y":-402,"deltaX":0,"deltaY":0,"duration":0,"origin":{"element-6066-11e4-a52e-4f735466cecf":"f.2A9B76482B7011523197029A34881C34.d.17F731E43B8B4FA86BF786DF5C71681C.e.220"}}]}]}
COMMAND: DELETE /session/5dd02ced34a05cc82551188db4a752d4/actions - {}
RESULT: {}
COMMAND: GET /session/5dd02ced34a05cc82551188db4a752d4/element/f.2A9B76482B7011523197029A34881C34.d.17F731E43B8B4FA86BF786DF5C71681C.e.223/text - {}
RESULT: {}
COMMAND: GET /session/5dd02ced34a05cc82551188db4a752d4/element/f.2A9B76482B7011523197029A34881C34.d.17F731E43B8B4FA86BF786DF5C71681C.e.230/text - {}
RESULT: {}
COMMAND: GET /session/5dd02ced34a05cc82551188db4a752d4/element/f.2A9B76482B7011523197029A34881C34.d.17F731E43B8B4FA86BF786DF5C71681C.e.223/text - {}
RESULT: {}
COMMAND: POST /session/5dd02ced34a05cc82551188db4a752d4/element/f.2A9B76482B7011523197029A34881C34.d.17F731E43B8B4FA86BF786DF5C71681C.e.222/element - {"using":"xpath","value":".//button[normalize-space()='Reject'] | .//button[contains(.,'Reject')]"}
RESULT: {"using":"xpath","value":".//button[normalize-space()='Reject'] | .//button[contains(.,'Reject')]"}
COMMAND: GET /session/5dd02ced34a05cc82551188db4a752d4/element/f.2A9B76482B7011523197029A34881C34.d.17F731E43B8B4FA86BF786DF5C71681C.e.232/rect - {}
RESULT: {}
COMMAND: GET /session/5dd02ced34a05cc82551188db4a752d4/window/rect - {}
RESULT: {}
COMMAND: POST /session/5dd02ced34a05cc82551188db4a752d4/actions - {"actions":[{"id":"wheel5","type":"wheel","parameters":{},"actions":[{"type":"scroll","x":-92,"y":-398,"deltaX":0,"deltaY":0,"duration":0,"origin":{"element-6066-11e4-a52e-4f735466cecf":"f.2A9B76482B7011523197029A34881C34.d.17F731E43B8B4FA86BF786DF5C71681C.e.232"}}]}]}
RESULT: {"actions":[{"id":"wheel5","type":"wheel","parameters":{},"actions":[{"type":"scroll","x":-92,"y":-398,"deltaX":0,"deltaY":0,"duration":0,"origin":{"element-6066-11e4-a52e-4f735466cecf":"f.2A9B76482B7011523197029A34881C34.d.17F731E43B8B4FA86BF786DF5C71681C.e.232"}}]}]}
COMMAND: DELETE /session/5dd02ced34a05cc82551188db4a752d4/actions - {}
RESULT: {}
COMMAND: POST /session/5dd02ced34a05cc82551188db4a752d4/element/f.2A9B76482B7011523197029A34881C34.d.17F731E43B8B4FA86BF786DF5C71681C.e.232/click - {}
RESULT: {}
COMMAND: POST /session/5dd02ced34a05cc82551188db4a752d4/element/f.2A9B76482B7011523197029A34881C34.d.17F731E43B8B4FA86BF786DF5C71681C.e.235/clear - {}
RESULT: {}
COMMAND: POST /session/5dd02ced34a05cc82551188db4a752d4/element/f.2A9B76482B7011523197029A34881C34.d.17F731E43B8B4FA86BF786DF5C71681C.e.235/value - {"text":"Rejecting for testing purpose"}
RESULT: {"text":"Rejecting for testing purpose"}
COMMAND: POST /session/5dd02ced34a05cc82551188db4a752d4/element/f.2A9B76482B7011523197029A34881C34.d.17F731E43B8B4FA86BF786DF5C71681C.e.238/click - {}
RESULT: {}
COMMAND: POST /session/5dd02ced34a05cc82551188db4a752d4/element/f.2A9B76482B7011523197029A34881C34.d.17F731E43B8B4FA86BF786DF5C71681C.e.221/element - {"using":"xpath","value":".//tr[contains(., 'Test User 4334')]"}
RESULT: {"using":"xpath","value":".//tr[contains(., 'Test User 4334')]"}
COMMAND: POST /session/5dd02ced34a05cc82551188db4a752d4/element/f.2A9B76482B7011523197029A34881C34.d.17F731E43B8B4FA86BF786DF5C71681C.e.221/elements - {"using":"xpath","value":".//tr[contains(., 'Test User 4334')]"}
RESULT: {"using":"xpath","value":".//tr[contains(., 'Test User 4334')]"}
COMMAND: GET /session/5dd02ced34a05cc82551188db4a752d4/element/f.2A9B76482B7011523197029A34881C34.d.17F731E43B8B4FA86BF786DF5C71681C.e.230/text - {}
RESULT: {}
COMMAND: POST /session/5dd02ced34a05cc82551188db4a752d4/element/f.2A9B76482B7011523197029A34881C34.d.17F731E43B8B4FA86BF786DF5C71681C.e.221/element - {"using":"xpath","value":".//tr[contains(., 'Test User 4334')]"}
RESULT: {"using":"xpath","value":".//tr[contains(., 'Test User 4334')]"}
COMMAND: POST /session/5dd02ced34a05cc82551188db4a752d4/element/f.2A9B76482B7011523197029A34881C34.d.17F731E43B8B4FA86BF786DF5C71681C.e.221/elements - {"using":"xpath","value":".//tr[contains(., 'Test User 4334')]"}
RESULT: {"using":"xpath","value":".//tr[contains(., 'Test User 4334')]"}
COMMAND: GET /session/5dd02ced34a05cc82551188db4a752d4/element/f.2A9B76482B7011523197029A34881C34.d.17F731E43B8B4FA86BF786DF5C71681C.e.230/text - {}
RESULT: {}
COMMAND: POST /session/5dd02ced34a05cc82551188db4a752d4/element/f.2A9B76482B7011523197029A34881C34.d.17F731E43B8B4FA86BF786DF5C71681C.e.221/element - {"using":"xpath","value":".//tr[contains(., 'Test User 4334')]"}
RESULT: {"using":"xpath","value":".//tr[contains(., 'Test User 4334')]"}
COMMAND: POST /session/5dd02ced34a05cc82551188db4a752d4/element/f.2A9B76482B7011523197029A34881C34.d.17F731E43B8B4FA86BF786DF5C71681C.e.221/elements - {"using":"xpath","value":".//tr[contains(., 'Test User 4334')]"}
RESULT: {"using":"xpath","value":".//tr[contains(., 'Test User 4334')]"}
COMMAND: GET /session/5dd02ced34a05cc82551188db4a752d4/element/f.2A9B76482B7011523197029A34881C34.d.17F731E43B8B4FA86BF786DF5C71681C.e.230/text - {}
RESULT: {}
COMMAND: POST /session/5dd02ced34a05cc82551188db4a752d4/element/f.2A9B76482B7011523197029A34881C34.d.17F731E43B8B4FA86BF786DF5C71681C.e.221/element - {"using":"xpath","value":".//tr[contains(., 'Test User 4334')]"}
RESULT: {"using":"xpath","value":".//tr[contains(., 'Test User 4334')]"}
COMMAND: POST /session/5dd02ced34a05cc82551188db4a752d4/element/f.2A9B76482B7011523197029A34881C34.d.17F731E43B8B4FA86BF786DF5C71681C.e.221/elements - {"using":"xpath","value":".//tr[contains(., 'Test User 4334')]"}
RESULT: {"using":"xpath","value":".//tr[contains(., 'Test User 4334')]"}
COMMAND: GET /session/5dd02ced34a05cc82551188db4a752d4/element/f.2A9B76482B7011523197029A34881C34.d.17F731E43B8B4FA86BF786DF5C71681C.e.230/text - {}
RESULT: {}
COMMAND: POST /session/5dd02ced34a05cc82551188db4a752d4/element/f.2A9B76482B7011523197029A34881C34.d.17F731E43B8B4FA86BF786DF5C71681C.e.221/element - {"using":"xpath","value":".//tr[contains(., 'Test User 4334')]"}
RESULT: {"using":"xpath","value":".//tr[contains(., 'Test User 4334')]"}
COMMAND: POST /session/5dd02ced34a05cc82551188db4a752d4/element/f.2A9B76482B7011523197029A34881C34.d.17F731E43B8B4FA86BF786DF5C71681C.e.221/elements - {"using":"xpath","value":".//tr[contains(., 'Test User 4334')]"}
RESULT: {"using":"xpath","value":".//tr[contains(., 'Test User 4334')]"}
COMMAND: GET /session/5dd02ced34a05cc82551188db4a752d4/element/f.2A9B76482B7011523197029A34881C34.d.17F731E43B8B4FA86BF786DF5C71681C.e.230/text - {}
RESULT: {}
COMMAND: POST /session/5dd02ced34a05cc82551188db4a752d4/element/f.2A9B76482B7011523197029A34881C34.d.17F731E43B8B4FA86BF786DF5C71681C.e.221/element - {"using":"xpath","value":".//tr[contains(., 'Test User 4334')]"}
RESULT: {"using":"xpath","value":".//tr[contains(., 'Test User 4334')]"}
COMMAND: POST /session/5dd02ced34a05cc82551188db4a752d4/element/f.2A9B76482B7011523197029A34881C34.d.17F731E43B8B4FA86BF786DF5C71681C.e.221/elements - {"using":"xpath","value":".//tr[contains(., 'Test User 4334')]"}
RESULT: {"using":"xpath","value":".//tr[contains(., 'Test User 4334')]"}
COMMAND: GET /session/5dd02ced34a05cc82551188db4a752d4/element/f.2A9B76482B7011523197029A34881C34.d.17F731E43B8B4FA86BF786DF5C71681C.e.230/text - {}
RESULT: {}
COMMAND: POST /session/5dd02ced34a05cc82551188db4a752d4/element/f.2A9B76482B7011523197029A34881C34.d.17F731E43B8B4FA86BF786DF5C71681C.e.221/element - {"using":"xpath","value":".//tr[contains(., 'Test User 4334')]"}
RESULT: {"using":"xpath","value":".//tr[contains(., 'Test User 4334')]"}
COMMAND: POST /session/5dd02ced34a05cc82551188db4a752d4/element/f.2A9B76482B7011523197029A34881C34.d.17F731E43B8B4FA86BF786DF5C71681C.e.221/elements - {"using":"xpath","value":".//tr[contains(., 'Test User 4334')]"}
RESULT: {"using":"xpath","value":".//tr[contains(., 'Test User 4334')]"}
COMMAND: GET /session/5dd02ced34a05cc82551188db4a752d4/element/f.2A9B76482B7011523197029A34881C34.d.17F731E43B8B4FA86BF786DF5C71681C.e.230/text - {}
RESULT: {}
COMMAND: GET /session/5dd02ced34a05cc82551188db4a752d4/element/f.2A9B76482B7011523197029A34881C34.d.17F731E43B8B4FA86BF786DF5C71681C.e.223/text - {}
RESULT: {}
COMMAND: GET /session/5dd02ced34a05cc82551188db4a752d4/element/f.2A9B76482B7011523197029A34881C34.d.17F731E43B8B4FA86BF786DF5C71681C.e.230/text - {}
RESULT: {}
COMMAND: GET /session/5dd02ced34a05cc82551188db4a752d4/element/f.2A9B76482B7011523197029A34881C34.d.17F731E43B8B4FA86BF786DF5C71681C.e.220/rect - {}
RESULT: {}
COMMAND: GET /session/5dd02ced34a05cc82551188db4a752d4/window/rect - {}
RESULT: {}
COMMAND: POST /session/5dd02ced34a05cc82551188db4a752d4/actions - {"actions":[{"id":"wheel6","type":"wheel","parameters":{},"actions":[{"type":"scroll","x":-123,"y":-402,"deltaX":0,"deltaY":0,"duration":0,"origin":{"element-6066-11e4-a52e-4f735466cecf":"f.2A9B76482B7011523197029A34881C34.d.17F731E43B8B4FA86BF786DF5C71681C.e.220"}}]}]}
RESULT: {"actions":[{"id":"wheel6","type":"wheel","parameters":{},"actions":[{"type":"scroll","x":-123,"y":-402,"deltaX":0,"deltaY":0,"duration":0,"origin":{"element-6066-11e4-a52e-4f735466cecf":"f.2A9B76482B7011523197029A34881C34.d.17F731E43B8B4FA86BF786DF5C71681C.e.220"}}]}]}
COMMAND: DELETE /session/5dd02ced34a05cc82551188db4a752d4/actions - {}
RESULT: {}
COMMAND: GET /session/5dd02ced34a05cc82551188db4a752d4/element/f.2A9B76482B7011523197029A34881C34.d.17F731E43B8B4FA86BF786DF5C71681C.e.223/text - {}
RESULT: {}
COMMAND: GET /session/5dd02ced34a05cc82551188db4a752d4/element/f.2A9B76482B7011523197029A34881C34.d.17F731E43B8B4FA86BF786DF5C71681C.e.230/text - {}
RESULT: {}
COMMAND: GET /session/5dd02ced34a05cc82551188db4a752d4/element/f.2A9B76482B7011523197029A34881C34.d.17F731E43B8B4FA86BF786DF5C71681C.e.223/text - {}
RESULT: {}
COMMAND: GET /session/5dd02ced34a05cc82551188db4a752d4/element/f.2A9B76482B7011523197029A34881C34.d.17F731E43B8B4FA86BF786DF5C71681C.e.230/text - {}
RESULT: {}
COMMAND: POST /session/5dd02ced34a05cc82551188db4a752d4/element/f.2A9B76482B7011523197029A34881C34.d.17F731E43B8B4FA86BF786DF5C71681C.e.239/click - {}
RESULT: {}
COMMAND: POST /session/5dd02ced34a05cc82551188db4a752d4/element/f.2A9B76482B7011523197029A34881C34.d.17F731E43B8B4FA86BF786DF5C71681C.e.241/click - {}
RESULT: {}
]]></system-out>
    </testcase>
    <testcase classname="chrome.144_0_7559_133.windows.Signup_and_manage_approvals" name="Signup As Manager and check manager approval flow as Admin" time="12.425">
      <system-out><![CDATA[
COMMAND: POST /session/5dd02ced34a05cc82551188db4a752d4/window/maximize - {}
RESULT: {}
COMMAND: POST /session/5dd02ced34a05cc82551188db4a752d4/element/f.2A9B76482B7011523197029A34881C34.d.A284C732CD1BC700E95AC9791BAC96FE.e.250/click - {}
RESULT: {}
COMMAND: POST /session/5dd02ced34a05cc82551188db4a752d4/element/f.2A9B76482B7011523197029A34881C34.d.A284C732CD1BC700E95AC9791BAC96FE.e.261/click - {}
RESULT: {}
COMMAND: POST /session/5dd02ced34a05cc82551188db4a752d4/actions - {"actions":[{"id":"key4","type":"key","parameters":{},"actions":[{"type":"keyDown","value":"M"},{"type":"keyDown","value":""},{"type":"pause","duration":10},{"type":"keyUp","value":"M"},{"type":"keyUp","value":""}]}]}
RESULT: {"actions":[{"id":"key4","type":"key","parameters":{},"actions":[{"type":"keyDown","value":"M"},{"type":"keyDown","value":""},{"type":"pause","duration":10},{"type":"keyUp","value":"M"},{"type":"keyUp","value":""}]}]}
COMMAND: GET /session/5dd02ced34a05cc82551188db4a752d4/element/f.2A9B76482B7011523197029A34881C34.d.A284C732CD1BC700E95AC9791BAC96FE.e.273/text - {}
RESULT: {}
COMMAND: POST /session/5dd02ced34a05cc82551188db4a752d4/element/f.2A9B76482B7011523197029A34881C34.d.A284C732CD1BC700E95AC9791BAC96FE.e.263/clear - {}
RESULT: {}
COMMAND: POST /session/5dd02ced34a05cc82551188db4a752d4/element/f.2A9B76482B7011523197029A34881C34.d.A284C732CD1BC700E95AC9791BAC96FE.e.263/value - {"text":"Test User 2701"}
RESULT: {"text":"Test User 2701"}
COMMAND: POST /session/5dd02ced34a05cc82551188db4a752d4/element/f.2A9B76482B7011523197029A34881C34.d.A284C732CD1BC700E95AC9791BAC96FE.e.264/clear - {}
RESULT: {}
COMMAND: POST /session/5dd02ced34a05cc82551188db4a752d4/element/f.2A9B76482B7011523197029A34881C34.d.A284C732CD1BC700E95AC9791BAC96FE.e.264/value - {"text":"Tester 2701"}
RESULT: {"text":"Tester 2701"}
COMMAND: POST /session/5dd02ced34a05cc82551188db4a752d4/element/f.2A9B76482B7011523197029A34881C34.d.A284C732CD1BC700E95AC9791BAC96FE.e.278/click - {}
RESULT: {}
COMMAND: POST /session/5dd02ced34a05cc82551188db4a752d4/actions - {"actions":[{"id":"key5","type":"key","parameters":{},"actions":[{"type":"keyDown","value":"A"},{"type":"keyDown","value":""},{"type":"pause","duration":10},{"type":"keyUp","value":"A"},{"type":"keyUp","value":""}]}]}
RESULT: {"actions":[{"id":"key5","type":"key","parameters":{},"actions":[{"type":"keyDown","value":"A"},{"type":"keyDown","value":""},{"type":"pause","duration":10},{"type":"keyUp","value":"A"},{"type":"keyUp","value":""}]}]}
COMMAND: POST /session/5dd02ced34a05cc82551188db4a752d4/element/f.2A9B76482B7011523197029A34881C34.d.A284C732CD1BC700E95AC9791BAC96FE.e.265/clear - {}
RESULT: {}
COMMAND: POST /session/5dd02ced34a05cc82551188db4a752d4/element/f.2A9B76482B7011523197029A34881C34.d.A284C732CD1BC700E95AC9791BAC96FE.e.265/value - {"text":"+919072210350"}
RESULT: {"text":"+919072210350"}
COMMAND: POST /session/5dd02ced34a05cc82551188db4a752d4/element/f.2A9B76482B7011523197029A34881C34.d.A284C732CD1BC700E95AC9791BAC96FE.e.266/clear - {}
RESULT: {}
COMMAND: POST /session/5dd02ced34a05cc82551188db4a752d4/element/f.2A9B76482B7011523197029A34881C34.d.A284C732CD1BC700E95AC9791BAC96FE.e.266/value - {"text":"auto_1771072210350@yopmail.com"}
RESULT: {"text":"auto_1771072210350@yopmail.com"}
COMMAND: POST /session/5dd02ced34a05cc82551188db4a752d4/element/f.2A9B76482B7011523197029A34881C34.d.A284C732CD1BC700E95AC9791BAC96FE.e.267/clear - {}
RESULT: {}
COMMAND: POST /session/5dd02ced34a05cc82551188db4a752d4/element/f.2A9B76482B7011523197029A34881C34.d.A284C732CD1BC700E95AC9791BAC96FE.e.267/value - {"text":"TEST@123"}
RESULT: {"text":"TEST@123"}
COMMAND: POST /session/5dd02ced34a05cc82551188db4a752d4/element/f.2A9B76482B7011523197029A34881C34.d.A284C732CD1BC700E95AC9791BAC96FE.e.268/clear - {}
RESULT: {}
COMMAND: POST /session/5dd02ced34a05cc82551188db4a752d4/element/f.2A9B76482B7011523197029A34881C34.d.A284C732CD1BC700E95AC9791BAC96FE.e.268/value - {"text":"TEST@123"}
RESULT: {"text":"TEST@123"}
COMMAND: POST /session/5dd02ced34a05cc82551188db4a752d4/element/f.2A9B76482B7011523197029A34881C34.d.A284C732CD1BC700E95AC9791BAC96FE.e.271/click - {}
RESULT: {}
COMMAND: POST /session/5dd02ced34a05cc82551188db4a752d4/element/f.2A9B76482B7011523197029A34881C34.d.A284C732CD1BC700E95AC9791BAC96FE.e.293/click - {}
RESULT: {}
COMMAND: POST /session/5dd02ced34a05cc82551188db4a752d4/element/f.2A9B76482B7011523197029A34881C34.d.A284C732CD1BC700E95AC9791BAC96FE.e.296/click - {}
RESULT: {}
COMMAND: POST /session/5dd02ced34a05cc82551188db4a752d4/element/f.2A9B76482B7011523197029A34881C34.d.A284C732CD1BC700E95AC9791BAC96FE.e.291/clear - {}
RESULT: {}
COMMAND: POST /session/5dd02ced34a05cc82551188db4a752d4/element/f.2A9B76482B7011523197029A34881C34.d.A284C732CD1BC700E95AC9791BAC96FE.e.291/value - {"text":"aip.admin@niairport.in"}
RESULT: {"text":"aip.admin@niairport.in"}
COMMAND: POST /session/5dd02ced34a05cc82551188db4a752d4/element/f.2A9B76482B7011523197029A34881C34.d.A284C732CD1BC700E95AC9791BAC96FE.e.292/clear - {}
RESULT: {}
COMMAND: POST /session/5dd02ced34a05cc82551188db4a752d4/element/f.2A9B76482B7011523197029A34881C34.d.A284C732CD1BC700E95AC9791BAC96FE.e.292/value - {"text":"MSI@Admin123"}
RESULT: {"text":"MSI@Admin123"}
COMMAND: GET /session/5dd02ced34a05cc82551188db4a752d4/element/f.2A9B76482B7011523197029A34881C34.d.A284C732CD1BC700E95AC9791BAC96FE.e.295/enabled - {}
RESULT: {}
COMMAND: GET /session/5dd02ced34a05cc82551188db4a752d4/element/f.2A9B76482B7011523197029A34881C34.d.A284C732CD1BC700E95AC9791BAC96FE.e.301/text - {}
RESULT: {}
COMMAND: POST /session/5dd02ced34a05cc82551188db4a752d4/element/f.2A9B76482B7011523197029A34881C34.d.A284C732CD1BC700E95AC9791BAC96FE.e.295/click - {}
RESULT: {}
COMMAND: GET /session/5dd02ced34a05cc82551188db4a752d4/element/f.2A9B76482B7011523197029A34881C34.d.A284C732CD1BC700E95AC9791BAC96FE.e.305/text - {}
RESULT: {}
COMMAND: GET /session/5dd02ced34a05cc82551188db4a752d4/element/f.2A9B76482B7011523197029A34881C34.d.A284C732CD1BC700E95AC9791BAC96FE.e.306/text - {}
RESULT: {}
COMMAND: POST /session/5dd02ced34a05cc82551188db4a752d4/element/f.2A9B76482B7011523197029A34881C34.d.A284C732CD1BC700E95AC9791BAC96FE.e.312/click - {}
RESULT: {}
COMMAND: POST /session/5dd02ced34a05cc82551188db4a752d4/element/f.2A9B76482B7011523197029A34881C34.d.A284C732CD1BC700E95AC9791BAC96FE.e.314/click - {}
RESULT: {}
COMMAND: GET /session/5dd02ced34a05cc82551188db4a752d4/element/f.2A9B76482B7011523197029A34881C34.d.A284C732CD1BC700E95AC9791BAC96FE.e.316/rect - {}
RESULT: {}
COMMAND: GET /session/5dd02ced34a05cc82551188db4a752d4/window/rect - {}
RESULT: {}
COMMAND: POST /session/5dd02ced34a05cc82551188db4a752d4/actions - {"actions":[{"id":"wheel7","type":"wheel","parameters":{},"actions":[{"type":"scroll","x":-160,"y":-402,"deltaX":0,"deltaY":0,"duration":0,"origin":{"element-6066-11e4-a52e-4f735466cecf":"f.2A9B76482B7011523197029A34881C34.d.A284C732CD1BC700E95AC9791BAC96FE.e.316"}}]}]}
RESULT: {"actions":[{"id":"wheel7","type":"wheel","parameters":{},"actions":[{"type":"scroll","x":-160,"y":-402,"deltaX":0,"deltaY":0,"duration":0,"origin":{"element-6066-11e4-a52e-4f735466cecf":"f.2A9B76482B7011523197029A34881C34.d.A284C732CD1BC700E95AC9791BAC96FE.e.316"}}]}]}
COMMAND: POST /session/5dd02ced34a05cc82551188db4a752d4/element/f.2A9B76482B7011523197029A34881C34.d.A284C732CD1BC700E95AC9791BAC96FE.e.336/element - {"using":"xpath","value":".//tr[contains(., 'Test User 2701')]"}
RESULT: {"using":"xpath","value":".//tr[contains(., 'Test User 2701')]"}
COMMAND: POST /session/5dd02ced34a05cc82551188db4a752d4/element/f.2A9B76482B7011523197029A34881C34.d.A284C732CD1BC700E95AC9791BAC96FE.e.336/elements - {"using":"xpath","value":".//tr[contains(., 'Test User 2701')]"}
RESULT: {"using":"xpath","value":".//tr[contains(., 'Test User 2701')]"}
COMMAND: POST /session/5dd02ced34a05cc82551188db4a752d4/element/f.2A9B76482B7011523197029A34881C34.d.A284C732CD1BC700E95AC9791BAC96FE.e.336/elements - {"using":"xpath","value":".//tr[contains(., 'Test User 2701')]"}
RESULT: {"using":"xpath","value":".//tr[contains(., 'Test User 2701')]"}
COMMAND: GET /session/5dd02ced34a05cc82551188db4a752d4/element/f.2A9B76482B7011523197029A34881C34.d.A284C732CD1BC700E95AC9791BAC96FE.e.346/text - {}
RESULT: {}
COMMAND: POST /session/5dd02ced34a05cc82551188db4a752d4/element/f.2A9B76482B7011523197029A34881C34.d.A284C732CD1BC700E95AC9791BAC96FE.e.336/elements - {"using":"xpath","value":".//tr[contains(., 'Test User 2701')]"}
RESULT: {"using":"xpath","value":".//tr[contains(., 'Test User 2701')]"}
COMMAND: GET /session/5dd02ced34a05cc82551188db4a752d4/element/f.2A9B76482B7011523197029A34881C34.d.A284C732CD1BC700E95AC9791BAC96FE.e.339/name - {}
RESULT: {}
COMMAND: POST /session/5dd02ced34a05cc82551188db4a752d4/element/f.2A9B76482B7011523197029A34881C34.d.A284C732CD1BC700E95AC9791BAC96FE.e.339/element - {"using":"xpath","value":".//button[normalize-space()='Approve']"}
RESULT: {"using":"xpath","value":".//button[normalize-space()='Approve']"}
COMMAND: POST /session/5dd02ced34a05cc82551188db4a752d4/element/f.2A9B76482B7011523197029A34881C34.d.A284C732CD1BC700E95AC9791BAC96FE.e.339/elements - {"using":"xpath","value":".//button[normalize-space()='Approve']"}
RESULT: {"using":"xpath","value":".//button[normalize-space()='Approve']"}
COMMAND: GET /session/5dd02ced34a05cc82551188db4a752d4/element/f.2A9B76482B7011523197029A34881C34.d.A284C732CD1BC700E95AC9791BAC96FE.e.348/text - {}
RESULT: {}
COMMAND: GET /session/5dd02ced34a05cc82551188db4a752d4/element/f.2A9B76482B7011523197029A34881C34.d.A284C732CD1BC700E95AC9791BAC96FE.e.348/text - {}
RESULT: {}
COMMAND: GET /session/5dd02ced34a05cc82551188db4a752d4/element/f.2A9B76482B7011523197029A34881C34.d.A284C732CD1BC700E95AC9791BAC96FE.e.348/rect - {}
RESULT: {}
COMMAND: GET /session/5dd02ced34a05cc82551188db4a752d4/window/rect - {}
RESULT: {}
COMMAND: POST /session/5dd02ced34a05cc82551188db4a752d4/actions - {"actions":[{"id":"wheel8","type":"wheel","parameters":{},"actions":[{"type":"scroll","x":-106,"y":-398,"deltaX":0,"deltaY":0,"duration":0,"origin":{"element-6066-11e4-a52e-4f735466cecf":"f.2A9B76482B7011523197029A34881C34.d.A284C732CD1BC700E95AC9791BAC96FE.e.348"}}]}]}
RESULT: {"actions":[{"id":"wheel8","type":"wheel","parameters":{},"actions":[{"type":"scroll","x":-106,"y":-398,"deltaX":0,"deltaY":0,"duration":0,"origin":{"element-6066-11e4-a52e-4f735466cecf":"f.2A9B76482B7011523197029A34881C34.d.A284C732CD1BC700E95AC9791BAC96FE.e.348"}}]}]}
COMMAND: POST /session/5dd02ced34a05cc82551188db4a752d4/element/f.2A9B76482B7011523197029A34881C34.d.A284C732CD1BC700E95AC9791BAC96FE.e.348/click - {}
RESULT: {}
COMMAND: POST /session/5dd02ced34a05cc82551188db4a752d4/element/f.2A9B76482B7011523197029A34881C34.d.A284C732CD1BC700E95AC9791BAC96FE.e.336/element - {"using":"xpath","value":".//tr[contains(., 'Test User 2701')]"}
RESULT: {"using":"xpath","value":".//tr[contains(., 'Test User 2701')]"}
COMMAND: POST /session/5dd02ced34a05cc82551188db4a752d4/element/f.2A9B76482B7011523197029A34881C34.d.A284C732CD1BC700E95AC9791BAC96FE.e.336/elements - {"using":"xpath","value":".//tr[contains(., 'Test User 2701')]"}
RESULT: {"using":"xpath","value":".//tr[contains(., 'Test User 2701')]"}
COMMAND: GET /session/5dd02ced34a05cc82551188db4a752d4/element/f.2A9B76482B7011523197029A34881C34.d.A284C732CD1BC700E95AC9791BAC96FE.e.346/text - {}
RESULT: {}
COMMAND: POST /session/5dd02ced34a05cc82551188db4a752d4/element/f.2A9B76482B7011523197029A34881C34.d.A284C732CD1BC700E95AC9791BAC96FE.e.336/element - {"using":"xpath","value":".//tr[contains(., 'Test User 2701')]"}
RESULT: {"using":"xpath","value":".//tr[contains(., 'Test User 2701')]"}
COMMAND: POST /session/5dd02ced34a05cc82551188db4a752d4/element/f.2A9B76482B7011523197029A34881C34.d.A284C732CD1BC700E95AC9791BAC96FE.e.336/elements - {"using":"xpath","value":".//tr[contains(., 'Test User 2701')]"}
RESULT: {"using":"xpath","value":".//tr[contains(., 'Test User 2701')]"}
COMMAND: GET /session/5dd02ced34a05cc82551188db4a752d4/element/f.2A9B76482B7011523197029A34881C34.d.A284C732CD1BC700E95AC9791BAC96FE.e.346/text - {}
RESULT: {}
COMMAND: POST /session/5dd02ced34a05cc82551188db4a752d4/element/f.2A9B76482B7011523197029A34881C34.d.A284C732CD1BC700E95AC9791BAC96FE.e.336/element - {"using":"xpath","value":".//tr[contains(., 'Test User 2701')]"}
RESULT: {"using":"xpath","value":".//tr[contains(., 'Test User 2701')]"}
COMMAND: POST /session/5dd02ced34a05cc82551188db4a752d4/element/f.2A9B76482B7011523197029A34881C34.d.A284C732CD1BC700E95AC9791BAC96FE.e.336/elements - {"using":"xpath","value":".//tr[contains(., 'Test User 2701')]"}
RESULT: {"using":"xpath","value":".//tr[contains(., 'Test User 2701')]"}
COMMAND: GET /session/5dd02ced34a05cc82551188db4a752d4/element/f.2A9B76482B7011523197029A34881C34.d.A284C732CD1BC700E95AC9791BAC96FE.e.346/text - {}
RESULT: {}
COMMAND: POST /session/5dd02ced34a05cc82551188db4a752d4/element/f.2A9B76482B7011523197029A34881C34.d.A284C732CD1BC700E95AC9791BAC96FE.e.336/element - {"using":"xpath","value":".//tr[contains(., 'Test User 2701')]"}
RESULT: {"using":"xpath","value":".//tr[contains(., 'Test User 2701')]"}
COMMAND: POST /session/5dd02ced34a05cc82551188db4a752d4/element/f.2A9B76482B7011523197029A34881C34.d.A284C732CD1BC700E95AC9791BAC96FE.e.336/elements - {"using":"xpath","value":".//tr[contains(., 'Test User 2701')]"}
RESULT: {"using":"xpath","value":".//tr[contains(., 'Test User 2701')]"}
COMMAND: GET /session/5dd02ced34a05cc82551188db4a752d4/element/f.2A9B76482B7011523197029A34881C34.d.A284C732CD1BC700E95AC9791BAC96FE.e.346/text - {}
RESULT: {}
COMMAND: POST /session/5dd02ced34a05cc82551188db4a752d4/element/f.2A9B76482B7011523197029A34881C34.d.A284C732CD1BC700E95AC9791BAC96FE.e.336/element - {"using":"xpath","value":".//tr[contains(., 'Test User 2701')]"}
RESULT: {"using":"xpath","value":".//tr[contains(., 'Test User 2701')]"}
COMMAND: POST /session/5dd02ced34a05cc82551188db4a752d4/element/f.2A9B76482B7011523197029A34881C34.d.A284C732CD1BC700E95AC9791BAC96FE.e.336/elements - {"using":"xpath","value":".//tr[contains(., 'Test User 2701')]"}
RESULT: {"using":"xpath","value":".//tr[contains(., 'Test User 2701')]"}
COMMAND: GET /session/5dd02ced34a05cc82551188db4a752d4/element/f.2A9B76482B7011523197029A34881C34.d.A284C732CD1BC700E95AC9791BAC96FE.e.346/text - {}
RESULT: {}
COMMAND: POST /session/5dd02ced34a05cc82551188db4a752d4/element/f.2A9B76482B7011523197029A34881C34.d.A284C732CD1BC700E95AC9791BAC96FE.e.336/element - {"using":"xpath","value":".//tr[contains(., 'Test User 2701')]"}
RESULT: {"using":"xpath","value":".//tr[contains(., 'Test User 2701')]"}
COMMAND: POST /session/5dd02ced34a05cc82551188db4a752d4/element/f.2A9B76482B7011523197029A34881C34.d.A284C732CD1BC700E95AC9791BAC96FE.e.336/elements - {"using":"xpath","value":".//tr[contains(., 'Test User 2701')]"}
RESULT: {"using":"xpath","value":".//tr[contains(., 'Test User 2701')]"}
COMMAND: GET /session/5dd02ced34a05cc82551188db4a752d4/element/f.2A9B76482B7011523197029A34881C34.d.A284C732CD1BC700E95AC9791BAC96FE.e.346/text - {}
RESULT: {}
COMMAND: POST /session/5dd02ced34a05cc82551188db4a752d4/element/f.2A9B76482B7011523197029A34881C34.d.A284C732CD1BC700E95AC9791BAC96FE.e.336/element - {"using":"xpath","value":".//tr[contains(., 'Test User 2701')]"}
RESULT: {"using":"xpath","value":".//tr[contains(., 'Test User 2701')]"}
COMMAND: POST /session/5dd02ced34a05cc82551188db4a752d4/element/f.2A9B76482B7011523197029A34881C34.d.A284C732CD1BC700E95AC9791BAC96FE.e.336/elements - {"using":"xpath","value":".//tr[contains(., 'Test User 2701')]"}
RESULT: {"using":"xpath","value":".//tr[contains(., 'Test User 2701')]"}
COMMAND: GET /session/5dd02ced34a05cc82551188db4a752d4/element/f.2A9B76482B7011523197029A34881C34.d.A284C732CD1BC700E95AC9791BAC96FE.e.346/text - {}
RESULT: {}
COMMAND: POST /session/5dd02ced34a05cc82551188db4a752d4/element/f.2A9B76482B7011523197029A34881C34.d.A284C732CD1BC700E95AC9791BAC96FE.e.336/element - {"using":"xpath","value":".//tr[contains(., 'Test User 2701')]"}
RESULT: {"using":"xpath","value":".//tr[contains(., 'Test User 2701')]"}
COMMAND: POST /session/5dd02ced34a05cc82551188db4a752d4/element/f.2A9B76482B7011523197029A34881C34.d.A284C732CD1BC700E95AC9791BAC96FE.e.336/elements - {"using":"xpath","value":".//tr[contains(., 'Test User 2701')]"}
RESULT: {"using":"xpath","value":".//tr[contains(., 'Test User 2701')]"}
COMMAND: GET /session/5dd02ced34a05cc82551188db4a752d4/element/f.2A9B76482B7011523197029A34881C34.d.A284C732CD1BC700E95AC9791BAC96FE.e.346/text - {}
RESULT: {}
COMMAND: POST /session/5dd02ced34a05cc82551188db4a752d4/element/f.2A9B76482B7011523197029A34881C34.d.A284C732CD1BC700E95AC9791BAC96FE.e.336/element - {"using":"xpath","value":".//tr[contains(., 'Test User 2701')]"}
RESULT: {"using":"xpath","value":".//tr[contains(., 'Test User 2701')]"}
COMMAND: POST /session/5dd02ced34a05cc82551188db4a752d4/element/f.2A9B76482B7011523197029A34881C34.d.A284C732CD1BC700E95AC9791BAC96FE.e.336/elements - {"using":"xpath","value":".//tr[contains(., 'Test User 2701')]"}
RESULT: {"using":"xpath","value":".//tr[contains(., 'Test User 2701')]"}
COMMAND: GET /session/5dd02ced34a05cc82551188db4a752d4/element/f.2A9B76482B7011523197029A34881C34.d.A284C732CD1BC700E95AC9791BAC96FE.e.346/text - {}
RESULT: {}
COMMAND: POST /session/5dd02ced34a05cc82551188db4a752d4/element/f.2A9B76482B7011523197029A34881C34.d.A284C732CD1BC700E95AC9791BAC96FE.e.360/click - {}
RESULT: {}
COMMAND: POST /session/5dd02ced34a05cc82551188db4a752d4/element/f.2A9B76482B7011523197029A34881C34.d.A284C732CD1BC700E95AC9791BAC96FE.e.361/click - {}
RESULT: {}
]]></system-out>
    </testcase>
    <testcase classname="chrome.144_0_7559_133.windows.Signup_and_manage_approvals" name="Signup As User and check user approval flow as Admin" time="16.849">
      <system-out><![CDATA[
COMMAND: POST /session/5dd02ced34a05cc82551188db4a752d4/window/maximize - {}
RESULT: {}
COMMAND: POST /session/5dd02ced34a05cc82551188db4a752d4/element/f.2A9B76482B7011523197029A34881C34.d.EDE10934905FAE59BB4702B6541E42F2.e.370/click - {}
RESULT: {}
COMMAND: POST /session/5dd02ced34a05cc82551188db4a752d4/element/f.2A9B76482B7011523197029A34881C34.d.EDE10934905FAE59BB4702B6541E42F2.e.381/click - {}
RESULT: {}
COMMAND: POST /session/5dd02ced34a05cc82551188db4a752d4/element/f.2A9B76482B7011523197029A34881C34.d.EDE10934905FAE59BB4702B6541E42F2.e.382/click - {}
RESULT: {}
COMMAND: POST /session/5dd02ced34a05cc82551188db4a752d4/element/f.2A9B76482B7011523197029A34881C34.d.EDE10934905FAE59BB4702B6541E42F2.e.399/click - {}
RESULT: {}
COMMAND: POST /session/5dd02ced34a05cc82551188db4a752d4/element/f.2A9B76482B7011523197029A34881C34.d.EDE10934905FAE59BB4702B6541E42F2.e.400/click - {}
RESULT: {}
COMMAND: POST /session/5dd02ced34a05cc82551188db4a752d4/element/f.2A9B76482B7011523197029A34881C34.d.EDE10934905FAE59BB4702B6541E42F2.e.389/clear - {}
RESULT: {}
COMMAND: POST /session/5dd02ced34a05cc82551188db4a752d4/element/f.2A9B76482B7011523197029A34881C34.d.EDE10934905FAE59BB4702B6541E42F2.e.389/value - {"text":"Test User 5141"}
RESULT: {"text":"Test User 5141"}
COMMAND: POST /session/5dd02ced34a05cc82551188db4a752d4/element/f.2A9B76482B7011523197029A34881C34.d.EDE10934905FAE59BB4702B6541E42F2.e.390/clear - {}
RESULT: {}
COMMAND: POST /session/5dd02ced34a05cc82551188db4a752d4/element/f.2A9B76482B7011523197029A34881C34.d.EDE10934905FAE59BB4702B6541E42F2.e.390/value - {"text":"Tester 5141"}
RESULT: {"text":"Tester 5141"}
COMMAND: POST /session/5dd02ced34a05cc82551188db4a752d4/element/f.2A9B76482B7011523197029A34881C34.d.EDE10934905FAE59BB4702B6541E42F2.e.404/click - {}
RESULT: {}
COMMAND: POST /session/5dd02ced34a05cc82551188db4a752d4/actions - {"actions":[{"id":"key6","type":"key","parameters":{},"actions":[{"type":"keyDown","value":"A"},{"type":"keyDown","value":""},{"type":"pause","duration":10},{"type":"keyUp","value":"A"},{"type":"keyUp","value":""}]}]}
RESULT: {"actions":[{"id":"key6","type":"key","parameters":{},"actions":[{"type":"keyDown","value":"A"},{"type":"keyDown","value":""},{"type":"pause","duration":10},{"type":"keyUp","value":"A"},{"type":"keyUp","value":""}]}]}
COMMAND: POST /session/5dd02ced34a05cc82551188db4a752d4/element/f.2A9B76482B7011523197029A34881C34.d.EDE10934905FAE59BB4702B6541E42F2.e.391/clear - {}
RESULT: {}
COMMAND: POST /session/5dd02ced34a05cc82551188db4a752d4/element/f.2A9B76482B7011523197029A34881C34.d.EDE10934905FAE59BB4702B6541E42F2.e.391/value - {"text":"+919072222776"}
RESULT: {"text":"+919072222776"}
COMMAND: POST /session/5dd02ced34a05cc82551188db4a752d4/element/f.2A9B76482B7011523197029A34881C34.d.EDE10934905FAE59BB4702B6541E42F2.e.392/clear - {}
RESULT: {}
COMMAND: POST /session/5dd02ced34a05cc82551188db4a752d4/element/f.2A9B76482B7011523197029A34881C34.d.EDE10934905FAE59BB4702B6541E42F2.e.392/value - {"text":"auto_1771072222776@yopmail.com"}
RESULT: {"text":"auto_1771072222776@yopmail.com"}
COMMAND: POST /session/5dd02ced34a05cc82551188db4a752d4/element/f.2A9B76482B7011523197029A34881C34.d.EDE10934905FAE59BB4702B6541E42F2.e.394/clear - {}
RESULT: {}
COMMAND: POST /session/5dd02ced34a05cc82551188db4a752d4/element/f.2A9B76482B7011523197029A34881C34.d.EDE10934905FAE59BB4702B6541E42F2.e.394/value - {"text":"TEST@123"}
RESULT: {"text":"TEST@123"}
COMMAND: POST /session/5dd02ced34a05cc82551188db4a752d4/element/f.2A9B76482B7011523197029A34881C34.d.EDE10934905FAE59BB4702B6541E42F2.e.395/clear - {}
RESULT: {}
COMMAND: POST /session/5dd02ced34a05cc82551188db4a752d4/element/f.2A9B76482B7011523197029A34881C34.d.EDE10934905FAE59BB4702B6541E42F2.e.395/value - {"text":"TEST@123"}
RESULT: {"text":"TEST@123"}
COMMAND: POST /session/5dd02ced34a05cc82551188db4a752d4/element/f.2A9B76482B7011523197029A34881C34.d.EDE10934905FAE59BB4702B6541E42F2.e.385/click - {}
RESULT: {}
COMMAND: POST /session/5dd02ced34a05cc82551188db4a752d4/element/f.2A9B76482B7011523197029A34881C34.d.EDE10934905FAE59BB4702B6541E42F2.e.416/click - {}
RESULT: {}
COMMAND: POST /session/5dd02ced34a05cc82551188db4a752d4/element/f.2A9B76482B7011523197029A34881C34.d.EDE10934905FAE59BB4702B6541E42F2.e.419/click - {}
RESULT: {}
COMMAND: POST /session/5dd02ced34a05cc82551188db4a752d4/element/f.2A9B76482B7011523197029A34881C34.d.EDE10934905FAE59BB4702B6541E42F2.e.414/clear - {}
RESULT: {}
COMMAND: POST /session/5dd02ced34a05cc82551188db4a752d4/element/f.2A9B76482B7011523197029A34881C34.d.EDE10934905FAE59BB4702B6541E42F2.e.414/value - {"text":"aip.admin@niairport.in"}
RESULT: {"text":"aip.admin@niairport.in"}
COMMAND: POST /session/5dd02ced34a05cc82551188db4a752d4/element/f.2A9B76482B7011523197029A34881C34.d.EDE10934905FAE59BB4702B6541E42F2.e.415/clear - {}
RESULT: {}
COMMAND: POST /session/5dd02ced34a05cc82551188db4a752d4/element/f.2A9B76482B7011523197029A34881C34.d.EDE10934905FAE59BB4702B6541E42F2.e.415/value - {"text":"MSI@Admin123"}
RESULT: {"text":"MSI@Admin123"}
COMMAND: GET /session/5dd02ced34a05cc82551188db4a752d4/element/f.2A9B76482B7011523197029A34881C34.d.EDE10934905FAE59BB4702B6541E42F2.e.418/enabled - {}
RESULT: {}
COMMAND: GET /session/5dd02ced34a05cc82551188db4a752d4/element/f.2A9B76482B7011523197029A34881C34.d.EDE10934905FAE59BB4702B6541E42F2.e.424/text - {}
RESULT: {}
COMMAND: POST /session/5dd02ced34a05cc82551188db4a752d4/element/f.2A9B76482B7011523197029A34881C34.d.EDE10934905FAE59BB4702B6541E42F2.e.418/click - {}
RESULT: {}
COMMAND: GET /session/5dd02ced34a05cc82551188db4a752d4/element/f.2A9B76482B7011523197029A34881C34.d.EDE10934905FAE59BB4702B6541E42F2.e.427/text - {}
RESULT: {}
COMMAND: GET /session/5dd02ced34a05cc82551188db4a752d4/element/f.2A9B76482B7011523197029A34881C34.d.EDE10934905FAE59BB4702B6541E42F2.e.428/text - {}
RESULT: {}
COMMAND: POST /session/5dd02ced34a05cc82551188db4a752d4/element/f.2A9B76482B7011523197029A34881C34.d.EDE10934905FAE59BB4702B6541E42F2.e.434/click - {}
RESULT: {}
COMMAND: POST /session/5dd02ced34a05cc82551188db4a752d4/element/f.2A9B76482B7011523197029A34881C34.d.EDE10934905FAE59BB4702B6541E42F2.e.436/click - {}
RESULT: {}
COMMAND: GET /session/5dd02ced34a05cc82551188db4a752d4/element/f.2A9B76482B7011523197029A34881C34.d.EDE10934905FAE59BB4702B6541E42F2.e.460/rect - {}
RESULT: {}
COMMAND: GET /session/5dd02ced34a05cc82551188db4a752d4/window/rect - {}
RESULT: {}
COMMAND: POST /session/5dd02ced34a05cc82551188db4a752d4/actions - {"actions":[{"id":"wheel9","type":"wheel","parameters":{},"actions":[{"type":"scroll","x":-123,"y":-402,"deltaX":0,"deltaY":0,"duration":0,"origin":{"element-6066-11e4-a52e-4f735466cecf":"f.2A9B76482B7011523197029A34881C34.d.EDE10934905FAE59BB4702B6541E42F2.e.460"}}]}]}
RESULT: {"actions":[{"id":"wheel9","type":"wheel","parameters":{},"actions":[{"type":"scroll","x":-123,"y":-402,"deltaX":0,"deltaY":0,"duration":0,"origin":{"element-6066-11e4-a52e-4f735466cecf":"f.2A9B76482B7011523197029A34881C34.d.EDE10934905FAE59BB4702B6541E42F2.e.460"}}]}]}
COMMAND: DELETE /session/5dd02ced34a05cc82551188db4a752d4/actions - {}
RESULT: {}
COMMAND: GET /session/5dd02ced34a05cc82551188db4a752d4/element/f.2A9B76482B7011523197029A34881C34.d.EDE10934905FAE59BB4702B6541E42F2.e.463/text - {}
RESULT: {}
COMMAND: GET /session/5dd02ced34a05cc82551188db4a752d4/element/f.2A9B76482B7011523197029A34881C34.d.EDE10934905FAE59BB4702B6541E42F2.e.470/text - {}
RESULT: {}
COMMAND: GET /session/5dd02ced34a05cc82551188db4a752d4/element/f.2A9B76482B7011523197029A34881C34.d.EDE10934905FAE59BB4702B6541E42F2.e.463/text - {}
RESULT: {}
COMMAND: GET /session/5dd02ced34a05cc82551188db4a752d4/element/f.2A9B76482B7011523197029A34881C34.d.EDE10934905FAE59BB4702B6541E42F2.e.462/name - {}
RESULT: {}
COMMAND: POST /session/5dd02ced34a05cc82551188db4a752d4/element/f.2A9B76482B7011523197029A34881C34.d.EDE10934905FAE59BB4702B6541E42F2.e.462/element - {"using":"xpath","value":".//button[normalize-space()='Approve']"}
RESULT: {"using":"xpath","value":".//button[normalize-space()='Approve']"}
COMMAND: POST /session/5dd02ced34a05cc82551188db4a752d4/element/f.2A9B76482B7011523197029A34881C34.d.EDE10934905FAE59BB4702B6541E42F2.e.462/elements - {"using":"xpath","value":".//button[normalize-space()='Approve']"}
RESULT: {"using":"xpath","value":".//button[normalize-space()='Approve']"}
COMMAND: GET /session/5dd02ced34a05cc82551188db4a752d4/element/f.2A9B76482B7011523197029A34881C34.d.EDE10934905FAE59BB4702B6541E42F2.e.472/text - {}
RESULT: {}
COMMAND: GET /session/5dd02ced34a05cc82551188db4a752d4/element/f.2A9B76482B7011523197029A34881C34.d.EDE10934905FAE59BB4702B6541E42F2.e.472/rect - {}
RESULT: {}
COMMAND: GET /session/5dd02ced34a05cc82551188db4a752d4/window/rect - {}
RESULT: {}
COMMAND: POST /session/5dd02ced34a05cc82551188db4a752d4/actions - {"actions":[{"id":"wheel10","type":"wheel","parameters":{},"actions":[{"type":"scroll","x":-106,"y":-398,"deltaX":0,"deltaY":0,"duration":0,"origin":{"element-6066-11e4-a52e-4f735466cecf":"f.2A9B76482B7011523197029A34881C34.d.EDE10934905FAE59BB4702B6541E42F2.e.472"}}]}]}
RESULT: {"actions":[{"id":"wheel10","type":"wheel","parameters":{},"actions":[{"type":"scroll","x":-106,"y":-398,"deltaX":0,"deltaY":0,"duration":0,"origin":{"element-6066-11e4-a52e-4f735466cecf":"f.2A9B76482B7011523197029A34881C34.d.EDE10934905FAE59BB4702B6541E42F2.e.472"}}]}]}
COMMAND: DELETE /session/5dd02ced34a05cc82551188db4a752d4/actions - {}
RESULT: {}
COMMAND: POST /session/5dd02ced34a05cc82551188db4a752d4/element/f.2A9B76482B7011523197029A34881C34.d.EDE10934905FAE59BB4702B6541E42F2.e.472/click - {}
RESULT: {}
COMMAND: POST /session/5dd02ced34a05cc82551188db4a752d4/element/f.2A9B76482B7011523197029A34881C34.d.EDE10934905FAE59BB4702B6541E42F2.e.461/element - {"using":"xpath","value":".//tr[contains(., 'Test User 5141')]"}
RESULT: {"using":"xpath","value":".//tr[contains(., 'Test User 5141')]"}
COMMAND: POST /session/5dd02ced34a05cc82551188db4a752d4/element/f.2A9B76482B7011523197029A34881C34.d.EDE10934905FAE59BB4702B6541E42F2.e.461/elements - {"using":"xpath","value":".//tr[contains(., 'Test User 5141')]"}
RESULT: {"using":"xpath","value":".//tr[contains(., 'Test User 5141')]"}
COMMAND: GET /session/5dd02ced34a05cc82551188db4a752d4/element/f.2A9B76482B7011523197029A34881C34.d.EDE10934905FAE59BB4702B6541E42F2.e.470/text - {}
RESULT: {}
COMMAND: POST /session/5dd02ced34a05cc82551188db4a752d4/element/f.2A9B76482B7011523197029A34881C34.d.EDE10934905FAE59BB4702B6541E42F2.e.461/element - {"using":"xpath","value":".//tr[contains(., 'Test User 5141')]"}
RESULT: {"using":"xpath","value":".//tr[contains(., 'Test User 5141')]"}
COMMAND: POST /session/5dd02ced34a05cc82551188db4a752d4/element/f.2A9B76482B7011523197029A34881C34.d.EDE10934905FAE59BB4702B6541E42F2.e.461/elements - {"using":"xpath","value":".//tr[contains(., 'Test User 5141')]"}
RESULT: {"using":"xpath","value":".//tr[contains(., 'Test User 5141')]"}
COMMAND: GET /session/5dd02ced34a05cc82551188db4a752d4/element/f.2A9B76482B7011523197029A34881C34.d.EDE10934905FAE59BB4702B6541E42F2.e.470/text - {}
RESULT: {}
COMMAND: POST /session/5dd02ced34a05cc82551188db4a752d4/element/f.2A9B76482B7011523197029A34881C34.d.EDE10934905FAE59BB4702B6541E42F2.e.461/element - {"using":"xpath","value":".//tr[contains(., 'Test User 5141')]"}
RESULT: {"using":"xpath","value":".//tr[contains(., 'Test User 5141')]"}
COMMAND: POST /session/5dd02ced34a05cc82551188db4a752d4/element/f.2A9B76482B7011523197029A34881C34.d.EDE10934905FAE59BB4702B6541E42F2.e.461/elements - {"using":"xpath","value":".//tr[contains(., 'Test User 5141')]"}
RESULT: {"using":"xpath","value":".//tr[contains(., 'Test User 5141')]"}
COMMAND: GET /session/5dd02ced34a05cc82551188db4a752d4/element/f.2A9B76482B7011523197029A34881C34.d.EDE10934905FAE59BB4702B6541E42F2.e.470/text - {}
RESULT: {}
COMMAND: POST /session/5dd02ced34a05cc82551188db4a752d4/element/f.2A9B76482B7011523197029A34881C34.d.EDE10934905FAE59BB4702B6541E42F2.e.461/element - {"using":"xpath","value":".//tr[contains(., 'Test User 5141')]"}
RESULT: {"using":"xpath","value":".//tr[contains(., 'Test User 5141')]"}
COMMAND: POST /session/5dd02ced34a05cc82551188db4a752d4/element/f.2A9B76482B7011523197029A34881C34.d.EDE10934905FAE59BB4702B6541E42F2.e.461/elements - {"using":"xpath","value":".//tr[contains(., 'Test User 5141')]"}
RESULT: {"using":"xpath","value":".//tr[contains(., 'Test User 5141')]"}
COMMAND: GET /session/5dd02ced34a05cc82551188db4a752d4/element/f.2A9B76482B7011523197029A34881C34.d.EDE10934905FAE59BB4702B6541E42F2.e.470/text - {}
RESULT: {}
COMMAND: POST /session/5dd02ced34a05cc82551188db4a752d4/element/f.2A9B76482B7011523197029A34881C34.d.EDE10934905FAE59BB4702B6541E42F2.e.461/element - {"using":"xpath","value":".//tr[contains(., 'Test User 5141')]"}
RESULT: {"using":"xpath","value":".//tr[contains(., 'Test User 5141')]"}
COMMAND: POST /session/5dd02ced34a05cc82551188db4a752d4/element/f.2A9B76482B7011523197029A34881C34.d.EDE10934905FAE59BB4702B6541E42F2.e.461/elements - {"using":"xpath","value":".//tr[contains(., 'Test User 5141')]"}
RESULT: {"using":"xpath","value":".//tr[contains(., 'Test User 5141')]"}
COMMAND: GET /session/5dd02ced34a05cc82551188db4a752d4/element/f.2A9B76482B7011523197029A34881C34.d.EDE10934905FAE59BB4702B6541E42F2.e.470/text - {}
RESULT: {}
COMMAND: POST /session/5dd02ced34a05cc82551188db4a752d4/element/f.2A9B76482B7011523197029A34881C34.d.EDE10934905FAE59BB4702B6541E42F2.e.461/element - {"using":"xpath","value":".//tr[contains(., 'Test User 5141')]"}
RESULT: {"using":"xpath","value":".//tr[contains(., 'Test User 5141')]"}
COMMAND: POST /session/5dd02ced34a05cc82551188db4a752d4/element/f.2A9B76482B7011523197029A34881C34.d.EDE10934905FAE59BB4702B6541E42F2.e.461/elements - {"using":"xpath","value":".//tr[contains(., 'Test User 5141')]"}
RESULT: {"using":"xpath","value":".//tr[contains(., 'Test User 5141')]"}
COMMAND: GET /session/5dd02ced34a05cc82551188db4a752d4/element/f.2A9B76482B7011523197029A34881C34.d.EDE10934905FAE59BB4702B6541E42F2.e.470/text - {}
RESULT: {}
COMMAND: POST /session/5dd02ced34a05cc82551188db4a752d4/element/f.2A9B76482B7011523197029A34881C34.d.EDE10934905FAE59BB4702B6541E42F2.e.461/element - {"using":"xpath","value":".//tr[contains(., 'Test User 5141')]"}
RESULT: {"using":"xpath","value":".//tr[contains(., 'Test User 5141')]"}
COMMAND: POST /session/5dd02ced34a05cc82551188db4a752d4/element/f.2A9B76482B7011523197029A34881C34.d.EDE10934905FAE59BB4702B6541E42F2.e.461/elements - {"using":"xpath","value":".//tr[contains(., 'Test User 5141')]"}
RESULT: {"using":"xpath","value":".//tr[contains(., 'Test User 5141')]"}
COMMAND: GET /session/5dd02ced34a05cc82551188db4a752d4/element/f.2A9B76482B7011523197029A34881C34.d.EDE10934905FAE59BB4702B6541E42F2.e.470/text - {}
RESULT: {}
COMMAND: POST /session/5dd02ced34a05cc82551188db4a752d4/element/f.2A9B76482B7011523197029A34881C34.d.EDE10934905FAE59BB4702B6541E42F2.e.461/element - {"using":"xpath","value":".//tr[contains(., 'Test User 5141')]"}
RESULT: {"using":"xpath","value":".//tr[contains(., 'Test User 5141')]"}
COMMAND: POST /session/5dd02ced34a05cc82551188db4a752d4/element/f.2A9B76482B7011523197029A34881C34.d.EDE10934905FAE59BB4702B6541E42F2.e.461/elements - {"using":"xpath","value":".//tr[contains(., 'Test User 5141')]"}
RESULT: {"using":"xpath","value":".//tr[contains(., 'Test User 5141')]"}
COMMAND: GET /session/5dd02ced34a05cc82551188db4a752d4/element/f.2A9B76482B7011523197029A34881C34.d.EDE10934905FAE59BB4702B6541E42F2.e.470/text - {}
RESULT: {}
COMMAND: GET /session/5dd02ced34a05cc82551188db4a752d4/element/f.2A9B76482B7011523197029A34881C34.d.EDE10934905FAE59BB4702B6541E42F2.e.463/text - {}
RESULT: {}
COMMAND: GET /session/5dd02ced34a05cc82551188db4a752d4/element/f.2A9B76482B7011523197029A34881C34.d.EDE10934905FAE59BB4702B6541E42F2.e.470/text - {}
RESULT: {}
COMMAND: GET /session/5dd02ced34a05cc82551188db4a752d4/element/f.2A9B76482B7011523197029A34881C34.d.EDE10934905FAE59BB4702B6541E42F2.e.460/rect - {}
RESULT: {}
COMMAND: GET /session/5dd02ced34a05cc82551188db4a752d4/window/rect - {}
RESULT: {}
COMMAND: POST /session/5dd02ced34a05cc82551188db4a752d4/actions - {"actions":[{"id":"wheel11","type":"wheel","parameters":{},"actions":[{"type":"scroll","x":-123,"y":-402,"deltaX":0,"deltaY":0,"duration":0,"origin":{"element-6066-11e4-a52e-4f735466cecf":"f.2A9B76482B7011523197029A34881C34.d.EDE10934905FAE59BB4702B6541E42F2.e.460"}}]}]}
RESULT: {"actions":[{"id":"wheel11","type":"wheel","parameters":{},"actions":[{"type":"scroll","x":-123,"y":-402,"deltaX":0,"deltaY":0,"duration":0,"origin":{"element-6066-11e4-a52e-4f735466cecf":"f.2A9B76482B7011523197029A34881C34.d.EDE10934905FAE59BB4702B6541E42F2.e.460"}}]}]}
COMMAND: DELETE /session/5dd02ced34a05cc82551188db4a752d4/actions - {}
RESULT: {}
COMMAND: GET /session/5dd02ced34a05cc82551188db4a752d4/element/f.2A9B76482B7011523197029A34881C34.d.EDE10934905FAE59BB4702B6541E42F2.e.463/text - {}
RESULT: {}
COMMAND: GET /session/5dd02ced34a05cc82551188db4a752d4/element/f.2A9B76482B7011523197029A34881C34.d.EDE10934905FAE59BB4702B6541E42F2.e.470/text - {}
RESULT: {}
COMMAND: GET /session/5dd02ced34a05cc82551188db4a752d4/element/f.2A9B76482B7011523197029A34881C34.d.EDE10934905FAE59BB4702B6541E42F2.e.463/text - {}
RESULT: {}
COMMAND: GET /session/5dd02ced34a05cc82551188db4a752d4/element/f.2A9B76482B7011523197029A34881C34.d.EDE10934905FAE59BB4702B6541E42F2.e.470/text - {}
RESULT: {}
COMMAND: POST /session/5dd02ced34a05cc82551188db4a752d4/element/f.2A9B76482B7011523197029A34881C34.d.EDE10934905FAE59BB4702B6541E42F2.e.476/click - {}
RESULT: {}
COMMAND: POST /session/5dd02ced34a05cc82551188db4a752d4/element/f.2A9B76482B7011523197029A34881C34.d.EDE10934905FAE59BB4702B6541E42F2.e.478/click - {}
RESULT: {}
]]></system-out>
    </testcase>
    <testcase classname="chrome.144_0_7559_133.windows.Signup_and_manage_approvals" name="Signup As Manager and check manager approval flow and delete manager functionality as Admin" time="14.301">
      <system-out><![CDATA[
COMMAND: POST /session/5dd02ced34a05cc82551188db4a752d4/window/maximize - {}
RESULT: {}
COMMAND: POST /session/5dd02ced34a05cc82551188db4a752d4/element/f.2A9B76482B7011523197029A34881C34.d.405A1BB3BD20C07B0870A831E6ED3E22.e.487/click - {}
RESULT: {}
COMMAND: POST /session/5dd02ced34a05cc82551188db4a752d4/element/f.2A9B76482B7011523197029A34881C34.d.405A1BB3BD20C07B0870A831E6ED3E22.e.498/click - {}
RESULT: {}
COMMAND: POST /session/5dd02ced34a05cc82551188db4a752d4/actions - {"actions":[{"id":"key7","type":"key","parameters":{},"actions":[{"type":"keyDown","value":"M"},{"type":"keyDown","value":""},{"type":"pause","duration":10},{"type":"keyUp","value":"M"},{"type":"keyUp","value":""}]}]}
RESULT: {"actions":[{"id":"key7","type":"key","parameters":{},"actions":[{"type":"keyDown","value":"M"},{"type":"keyDown","value":""},{"type":"pause","duration":10},{"type":"keyUp","value":"M"},{"type":"keyUp","value":""}]}]}
COMMAND: GET /session/5dd02ced34a05cc82551188db4a752d4/element/f.2A9B76482B7011523197029A34881C34.d.405A1BB3BD20C07B0870A831E6ED3E22.e.510/text - {}
RESULT: {}
COMMAND: POST /session/5dd02ced34a05cc82551188db4a752d4/element/f.2A9B76482B7011523197029A34881C34.d.405A1BB3BD20C07B0870A831E6ED3E22.e.500/clear - {}
RESULT: {}
COMMAND: POST /session/5dd02ced34a05cc82551188db4a752d4/element/f.2A9B76482B7011523197029A34881C34.d.405A1BB3BD20C07B0870A831E6ED3E22.e.500/value - {"text":"Test User 5684"}
RESULT: {"text":"Test User 5684"}
COMMAND: POST /session/5dd02ced34a05cc82551188db4a752d4/element/f.2A9B76482B7011523197029A34881C34.d.405A1BB3BD20C07B0870A831E6ED3E22.e.501/clear - {}
RESULT: {}
COMMAND: POST /session/5dd02ced34a05cc82551188db4a752d4/element/f.2A9B76482B7011523197029A34881C34.d.405A1BB3BD20C07B0870A831E6ED3E22.e.501/value - {"text":"Tester 5684"}
RESULT: {"text":"Tester 5684"}
COMMAND: POST /session/5dd02ced34a05cc82551188db4a752d4/element/f.2A9B76482B7011523197029A34881C34.d.405A1BB3BD20C07B0870A831E6ED3E22.e.515/click - {}
RESULT: {}
COMMAND: POST /session/5dd02ced34a05cc82551188db4a752d4/actions - {"actions":[{"id":"key8","type":"key","parameters":{},"actions":[{"type":"keyDown","value":"A"},{"type":"keyDown","value":""},{"type":"pause","duration":10},{"type":"keyUp","value":"A"},{"type":"keyUp","value":""}]}]}
RESULT: {"actions":[{"id":"key8","type":"key","parameters":{},"actions":[{"type":"keyDown","value":"A"},{"type":"keyDown","value":""},{"type":"pause","duration":10},{"type":"keyUp","value":"A"},{"type":"keyUp","value":""}]}]}
COMMAND: POST /session/5dd02ced34a05cc82551188db4a752d4/element/f.2A9B76482B7011523197029A34881C34.d.405A1BB3BD20C07B0870A831E6ED3E22.e.502/clear - {}
RESULT: {}
COMMAND: POST /session/5dd02ced34a05cc82551188db4a752d4/element/f.2A9B76482B7011523197029A34881C34.d.405A1BB3BD20C07B0870A831E6ED3E22.e.502/value - {"text":"+919072239624"}
RESULT: {"text":"+919072239624"}
COMMAND: POST /session/5dd02ced34a05cc82551188db4a752d4/element/f.2A9B76482B7011523197029A34881C34.d.405A1BB3BD20C07B0870A831E6ED3E22.e.503/clear - {}
RESULT: {}
COMMAND: POST /session/5dd02ced34a05cc82551188db4a752d4/element/f.2A9B76482B7011523197029A34881C34.d.405A1BB3BD20C07B0870A831E6ED3E22.e.503/value - {"text":"auto_1771072239624@yopmail.com"}
RESULT: {"text":"auto_1771072239624@yopmail.com"}
COMMAND: POST /session/5dd02ced34a05cc82551188db4a752d4/element/f.2A9B76482B7011523197029A34881C34.d.405A1BB3BD20C07B0870A831E6ED3E22.e.504/clear - {}
RESULT: {}
COMMAND: POST /session/5dd02ced34a05cc82551188db4a752d4/element/f.2A9B76482B7011523197029A34881C34.d.405A1BB3BD20C07B0870A831E6ED3E22.e.504/value - {"text":"TEST@123"}
RESULT: {"text":"TEST@123"}
COMMAND: POST /session/5dd02ced34a05cc82551188db4a752d4/element/f.2A9B76482B7011523197029A34881C34.d.405A1BB3BD20C07B0870A831E6ED3E22.e.505/clear - {}
RESULT: {}
COMMAND: POST /session/5dd02ced34a05cc82551188db4a752d4/element/f.2A9B76482B7011523197029A34881C34.d.405A1BB3BD20C07B0870A831E6ED3E22.e.505/value - {"text":"TEST@123"}
RESULT: {"text":"TEST@123"}
COMMAND: POST /session/5dd02ced34a05cc82551188db4a752d4/element/f.2A9B76482B7011523197029A34881C34.d.405A1BB3BD20C07B0870A831E6ED3E22.e.508/click - {}
RESULT: {}
COMMAND: POST /session/5dd02ced34a05cc82551188db4a752d4/element/f.2A9B76482B7011523197029A34881C34.d.405A1BB3BD20C07B0870A831E6ED3E22.e.530/click - {}
RESULT: {}
COMMAND: POST /session/5dd02ced34a05cc82551188db4a752d4/element/f.2A9B76482B7011523197029A34881C34.d.405A1BB3BD20C07B0870A831E6ED3E22.e.533/click - {}
RESULT: {}
COMMAND: POST /session/5dd02ced34a05cc82551188db4a752d4/element/f.2A9B76482B7011523197029A34881C34.d.405A1BB3BD20C07B0870A831E6ED3E22.e.528/clear - {}
RESULT: {}
COMMAND: POST /session/5dd02ced34a05cc82551188db4a752d4/element/f.2A9B76482B7011523197029A34881C34.d.405A1BB3BD20C07B0870A831E6ED3E22.e.528/value - {"text":"aip.admin@niairport.in"}
RESULT: {"text":"aip.admin@niairport.in"}
COMMAND: POST /session/5dd02ced34a05cc82551188db4a752d4/element/f.2A9B76482B7011523197029A34881C34.d.405A1BB3BD20C07B0870A831E6ED3E22.e.529/clear - {}
RESULT: {}
COMMAND: POST /session/5dd02ced34a05cc82551188db4a752d4/element/f.2A9B76482B7011523197029A34881C34.d.405A1BB3BD20C07B0870A831E6ED3E22.e.529/value - {"text":"MSI@Admin123"}
RESULT: {"text":"MSI@Admin123"}
COMMAND: GET /session/5dd02ced34a05cc82551188db4a752d4/element/f.2A9B76482B7011523197029A34881C34.d.405A1BB3BD20C07B0870A831E6ED3E22.e.532/enabled - {}
RESULT: {}
COMMAND: GET /session/5dd02ced34a05cc82551188db4a752d4/element/f.2A9B76482B7011523197029A34881C34.d.405A1BB3BD20C07B0870A831E6ED3E22.e.538/text - {}
RESULT: {}
COMMAND: POST /session/5dd02ced34a05cc82551188db4a752d4/element/f.2A9B76482B7011523197029A34881C34.d.405A1BB3BD20C07B0870A831E6ED3E22.e.532/click - {}
RESULT: {}
COMMAND: GET /session/5dd02ced34a05cc82551188db4a752d4/element/f.2A9B76482B7011523197029A34881C34.d.405A1BB3BD20C07B0870A831E6ED3E22.e.541/text - {}
RESULT: {}
COMMAND: GET /session/5dd02ced34a05cc82551188db4a752d4/element/f.2A9B76482B7011523197029A34881C34.d.405A1BB3BD20C07B0870A831E6ED3E22.e.542/text - {}
RESULT: {}
COMMAND: POST /session/5dd02ced34a05cc82551188db4a752d4/element/f.2A9B76482B7011523197029A34881C34.d.405A1BB3BD20C07B0870A831E6ED3E22.e.543/click - {}
RESULT: {}
COMMAND: POST /session/5dd02ced34a05cc82551188db4a752d4/element/f.2A9B76482B7011523197029A34881C34.d.405A1BB3BD20C07B0870A831E6ED3E22.e.550/click - {}
RESULT: {}
COMMAND: GET /session/5dd02ced34a05cc82551188db4a752d4/element/f.2A9B76482B7011523197029A34881C34.d.405A1BB3BD20C07B0870A831E6ED3E22.e.552/rect - {}
RESULT: {}
COMMAND: GET /session/5dd02ced34a05cc82551188db4a752d4/window/rect - {}
RESULT: {}
COMMAND: POST /session/5dd02ced34a05cc82551188db4a752d4/actions - {"actions":[{"id":"wheel12","type":"wheel","parameters":{},"actions":[{"type":"scroll","x":-160,"y":-402,"deltaX":0,"deltaY":0,"duration":0,"origin":{"element-6066-11e4-a52e-4f735466cecf":"f.2A9B76482B7011523197029A34881C34.d.405A1BB3BD20C07B0870A831E6ED3E22.e.552"}}]}]}
RESULT: {"actions":[{"id":"wheel12","type":"wheel","parameters":{},"actions":[{"type":"scroll","x":-160,"y":-402,"deltaX":0,"deltaY":0,"duration":0,"origin":{"element-6066-11e4-a52e-4f735466cecf":"f.2A9B76482B7011523197029A34881C34.d.405A1BB3BD20C07B0870A831E6ED3E22.e.552"}}]}]}
COMMAND: POST /session/5dd02ced34a05cc82551188db4a752d4/element/f.2A9B76482B7011523197029A34881C34.d.405A1BB3BD20C07B0870A831E6ED3E22.e.575/element - {"using":"xpath","value":".//tr[contains(., 'Test User 5684')]"}
RESULT: {"using":"xpath","value":".//tr[contains(., 'Test User 5684')]"}
COMMAND: POST /session/5dd02ced34a05cc82551188db4a752d4/element/f.2A9B76482B7011523197029A34881C34.d.405A1BB3BD20C07B0870A831E6ED3E22.e.575/elements - {"using":"xpath","value":".//tr[contains(., 'Test User 5684')]"}
RESULT: {"using":"xpath","value":".//tr[contains(., 'Test User 5684')]"}
COMMAND: POST /session/5dd02ced34a05cc82551188db4a752d4/element/f.2A9B76482B7011523197029A34881C34.d.405A1BB3BD20C07B0870A831E6ED3E22.e.575/elements - {"using":"xpath","value":".//tr[contains(., 'Test User 5684')]"}
RESULT: {"using":"xpath","value":".//tr[contains(., 'Test User 5684')]"}
COMMAND: GET /session/5dd02ced34a05cc82551188db4a752d4/element/f.2A9B76482B7011523197029A34881C34.d.405A1BB3BD20C07B0870A831E6ED3E22.e.583/text - {}
RESULT: {}
COMMAND: POST /session/5dd02ced34a05cc82551188db4a752d4/element/f.2A9B76482B7011523197029A34881C34.d.405A1BB3BD20C07B0870A831E6ED3E22.e.575/elements - {"using":"xpath","value":".//tr[contains(., 'Test User 5684')]"}
RESULT: {"using":"xpath","value":".//tr[contains(., 'Test User 5684')]"}
COMMAND: GET /session/5dd02ced34a05cc82551188db4a752d4/element/f.2A9B76482B7011523197029A34881C34.d.405A1BB3BD20C07B0870A831E6ED3E22.e.576/name - {}
RESULT: {}
COMMAND: POST /session/5dd02ced34a05cc82551188db4a752d4/element/f.2A9B76482B7011523197029A34881C34.d.405A1BB3BD20C07B0870A831E6ED3E22.e.576/element - {"using":"xpath","value":".//button[normalize-space()='Approve']"}
RESULT: {"using":"xpath","value":".//button[normalize-space()='Approve']"}
COMMAND: POST /session/5dd02ced34a05cc82551188db4a752d4/element/f.2A9B76482B7011523197029A34881C34.d.405A1BB3BD20C07B0870A831E6ED3E22.e.576/elements - {"using":"xpath","value":".//button[normalize-space()='Approve']"}
RESULT: {"using":"xpath","value":".//button[normalize-space()='Approve']"}
COMMAND: GET /session/5dd02ced34a05cc82551188db4a752d4/element/f.2A9B76482B7011523197029A34881C34.d.405A1BB3BD20C07B0870A831E6ED3E22.e.585/text - {}
RESULT: {}
COMMAND: GET /session/5dd02ced34a05cc82551188db4a752d4/element/f.2A9B76482B7011523197029A34881C34.d.405A1BB3BD20C07B0870A831E6ED3E22.e.585/text - {}
RESULT: {}
COMMAND: GET /session/5dd02ced34a05cc82551188db4a752d4/element/f.2A9B76482B7011523197029A34881C34.d.405A1BB3BD20C07B0870A831E6ED3E22.e.585/rect - {}
RESULT: {}
COMMAND: GET /session/5dd02ced34a05cc82551188db4a752d4/window/rect - {}
[...]
RESULT: {}
COMMAND: GET /session/5dd02ced34a05cc82551188db4a752d4/element/f.2A9B76482B7011523197029A34881C34.d.75BEBFA75F1997722940D4DB223F4E72.e.852/text - {}
RESULT: {}
COMMAND: GET /session/5dd02ced34a05cc82551188db4a752d4/element/f.2A9B76482B7011523197029A34881C34.d.75BEBFA75F1997722940D4DB223F4E72.e.859/text - {}
RESULT: {}
COMMAND: GET /session/5dd02ced34a05cc82551188db4a752d4/element/f.2A9B76482B7011523197029A34881C34.d.75BEBFA75F1997722940D4DB223F4E72.e.829/rect - {}
RESULT: {}
COMMAND: GET /session/5dd02ced34a05cc82551188db4a752d4/window/rect - {}
RESULT: {}
COMMAND: POST /session/5dd02ced34a05cc82551188db4a752d4/actions - {"actions":[{"id":"wheel19","type":"wheel","parameters":{},"actions":[{"type":"scroll","x":-123,"y":-402,"deltaX":0,"deltaY":0,"duration":0,"origin":{"element-6066-11e4-a52e-4f735466cecf":"f.2A9B76482B7011523197029A34881C34.d.75BEBFA75F1997722940D4DB223F4E72.e.829"}}]}]}
RESULT: {"actions":[{"id":"wheel19","type":"wheel","parameters":{},"actions":[{"type":"scroll","x":-123,"y":-402,"deltaX":0,"deltaY":0,"duration":0,"origin":{"element-6066-11e4-a52e-4f735466cecf":"f.2A9B76482B7011523197029A34881C34.d.75BEBFA75F1997722940D4DB223F4E72.e.829"}}]}]}
COMMAND: GET /session/5dd02ced34a05cc82551188db4a752d4/element/f.2A9B76482B7011523197029A34881C34.d.75BEBFA75F1997722940D4DB223F4E72.e.852/text - {}
RESULT: {}
COMMAND: GET /session/5dd02ced34a05cc82551188db4a752d4/element/f.2A9B76482B7011523197029A34881C34.d.75BEBFA75F1997722940D4DB223F4E72.e.859/text - {}
RESULT: {}
COMMAND: GET /session/5dd02ced34a05cc82551188db4a752d4/element/f.2A9B76482B7011523197029A34881C34.d.75BEBFA75F1997722940D4DB223F4E72.e.852/text - {}
RESULT: {}
COMMAND: GET /session/5dd02ced34a05cc82551188db4a752d4/element/f.2A9B76482B7011523197029A34881C34.d.75BEBFA75F1997722940D4DB223F4E72.e.859/text - {}
RESULT: {}
COMMAND: POST /session/5dd02ced34a05cc82551188db4a752d4/element/f.2A9B76482B7011523197029A34881C34.d.75BEBFA75F1997722940D4DB223F4E72.e.867/click - {}
RESULT: {}
COMMAND: POST /session/5dd02ced34a05cc82551188db4a752d4/element/f.2A9B76482B7011523197029A34881C34.d.75BEBFA75F1997722940D4DB223F4E72.e.868/click - {}
RESULT: {}
]]></system-out>
    </testcase>
    <testcase classname="chrome.144_0_7559_133.windows.Signup_and_manage_approvals" name="Signup As User and check user approval flow as Manager" time="17.132">
      <system-out><![CDATA[
COMMAND: POST /session/5dd02ced34a05cc82551188db4a752d4/window/maximize - {}
RESULT: {}
COMMAND: POST /session/5dd02ced34a05cc82551188db4a752d4/element/f.2A9B76482B7011523197029A34881C34.d.327846864F71881740323784445C9798.e.877/click - {}
RESULT: {}
COMMAND: POST /session/5dd02ced34a05cc82551188db4a752d4/element/f.2A9B76482B7011523197029A34881C34.d.327846864F71881740323784445C9798.e.888/click - {}
RESULT: {}
COMMAND: POST /session/5dd02ced34a05cc82551188db4a752d4/element/f.2A9B76482B7011523197029A34881C34.d.327846864F71881740323784445C9798.e.889/click - {}
RESULT: {}
COMMAND: POST /session/5dd02ced34a05cc82551188db4a752d4/element/f.2A9B76482B7011523197029A34881C34.d.327846864F71881740323784445C9798.e.906/click - {}
RESULT: {}
COMMAND: POST /session/5dd02ced34a05cc82551188db4a752d4/element/f.2A9B76482B7011523197029A34881C34.d.327846864F71881740323784445C9798.e.907/click - {}
RESULT: {}
COMMAND: POST /session/5dd02ced34a05cc82551188db4a752d4/element/f.2A9B76482B7011523197029A34881C34.d.327846864F71881740323784445C9798.e.896/clear - {}
RESULT: {}
COMMAND: POST /session/5dd02ced34a05cc82551188db4a752d4/element/f.2A9B76482B7011523197029A34881C34.d.327846864F71881740323784445C9798.e.896/value - {"text":"Test User 2394"}
RESULT: {"text":"Test User 2394"}
COMMAND: POST /session/5dd02ced34a05cc82551188db4a752d4/element/f.2A9B76482B7011523197029A34881C34.d.327846864F71881740323784445C9798.e.897/clear - {}
RESULT: {}
COMMAND: POST /session/5dd02ced34a05cc82551188db4a752d4/element/f.2A9B76482B7011523197029A34881C34.d.327846864F71881740323784445C9798.e.897/value - {"text":"Tester 2394"}
RESULT: {"text":"Tester 2394"}
COMMAND: POST /session/5dd02ced34a05cc82551188db4a752d4/element/f.2A9B76482B7011523197029A34881C34.d.327846864F71881740323784445C9798.e.913/click - {}
RESULT: {}
COMMAND: POST /session/5dd02ced34a05cc82551188db4a752d4/actions - {"actions":[{"id":"key11","type":"key","parameters":{},"actions":[{"type":"keyDown","value":"A"},{"type":"keyDown","value":""},{"type":"pause","duration":10},{"type":"keyUp","value":"A"},{"type":"keyUp","value":""}]}]}
RESULT: {"actions":[{"id":"key11","type":"key","parameters":{},"actions":[{"type":"keyDown","value":"A"},{"type":"keyDown","value":""},{"type":"pause","duration":10},{"type":"keyUp","value":"A"},{"type":"keyUp","value":""}]}]}
COMMAND: POST /session/5dd02ced34a05cc82551188db4a752d4/element/f.2A9B76482B7011523197029A34881C34.d.327846864F71881740323784445C9798.e.898/clear - {}
RESULT: {}
COMMAND: POST /session/5dd02ced34a05cc82551188db4a752d4/element/f.2A9B76482B7011523197029A34881C34.d.327846864F71881740323784445C9798.e.898/value - {"text":"+919072290976"}
RESULT: {"text":"+919072290976"}
COMMAND: POST /session/5dd02ced34a05cc82551188db4a752d4/element/f.2A9B76482B7011523197029A34881C34.d.327846864F71881740323784445C9798.e.899/clear - {}
RESULT: {}
COMMAND: POST /session/5dd02ced34a05cc82551188db4a752d4/element/f.2A9B76482B7011523197029A34881C34.d.327846864F71881740323784445C9798.e.899/value - {"text":"auto_1771072290976@yopmail.com"}
RESULT: {"text":"auto_1771072290976@yopmail.com"}
COMMAND: POST /session/5dd02ced34a05cc82551188db4a752d4/element/f.2A9B76482B7011523197029A34881C34.d.327846864F71881740323784445C9798.e.901/clear - {}
RESULT: {}
COMMAND: POST /session/5dd02ced34a05cc82551188db4a752d4/element/f.2A9B76482B7011523197029A34881C34.d.327846864F71881740323784445C9798.e.901/value - {"text":"TEST@123"}
RESULT: {"text":"TEST@123"}
COMMAND: POST /session/5dd02ced34a05cc82551188db4a752d4/element/f.2A9B76482B7011523197029A34881C34.d.327846864F71881740323784445C9798.e.902/clear - {}
RESULT: {}
COMMAND: POST /session/5dd02ced34a05cc82551188db4a752d4/element/f.2A9B76482B7011523197029A34881C34.d.327846864F71881740323784445C9798.e.902/value - {"text":"TEST@123"}
RESULT: {"text":"TEST@123"}
COMMAND: POST /session/5dd02ced34a05cc82551188db4a752d4/element/f.2A9B76482B7011523197029A34881C34.d.327846864F71881740323784445C9798.e.892/click - {}
RESULT: {}
COMMAND: POST /session/5dd02ced34a05cc82551188db4a752d4/element/f.2A9B76482B7011523197029A34881C34.d.327846864F71881740323784445C9798.e.925/click - {}
RESULT: {}
COMMAND: POST /session/5dd02ced34a05cc82551188db4a752d4/element/f.2A9B76482B7011523197029A34881C34.d.327846864F71881740323784445C9798.e.928/click - {}
RESULT: {}
COMMAND: POST /session/5dd02ced34a05cc82551188db4a752d4/element/f.2A9B76482B7011523197029A34881C34.d.327846864F71881740323784445C9798.e.923/clear - {}
RESULT: {}
COMMAND: POST /session/5dd02ced34a05cc82551188db4a752d4/element/f.2A9B76482B7011523197029A34881C34.d.327846864F71881740323784445C9798.e.923/value - {"text":"subrat@sourceintegreta.com"}
RESULT: {"text":"subrat@sourceintegreta.com"}
COMMAND: POST /session/5dd02ced34a05cc82551188db4a752d4/element/f.2A9B76482B7011523197029A34881C34.d.327846864F71881740323784445C9798.e.924/clear - {}
RESULT: {}
COMMAND: POST /session/5dd02ced34a05cc82551188db4a752d4/element/f.2A9B76482B7011523197029A34881C34.d.327846864F71881740323784445C9798.e.924/value - {"text":"Bubun@1245"}
RESULT: {"text":"Bubun@1245"}
COMMAND: GET /session/5dd02ced34a05cc82551188db4a752d4/element/f.2A9B76482B7011523197029A34881C34.d.327846864F71881740323784445C9798.e.927/enabled - {}
RESULT: {}
COMMAND: GET /session/5dd02ced34a05cc82551188db4a752d4/element/f.2A9B76482B7011523197029A34881C34.d.327846864F71881740323784445C9798.e.933/text - {}
RESULT: {}
COMMAND: POST /session/5dd02ced34a05cc82551188db4a752d4/element/f.2A9B76482B7011523197029A34881C34.d.327846864F71881740323784445C9798.e.927/click - {}
RESULT: {}
COMMAND: GET /session/5dd02ced34a05cc82551188db4a752d4/element/f.2A9B76482B7011523197029A34881C34.d.327846864F71881740323784445C9798.e.936/text - {}
RESULT: {}
COMMAND: GET /session/5dd02ced34a05cc82551188db4a752d4/element/f.2A9B76482B7011523197029A34881C34.d.327846864F71881740323784445C9798.e.937/text - {}
RESULT: {}
COMMAND: POST /session/5dd02ced34a05cc82551188db4a752d4/element/f.2A9B76482B7011523197029A34881C34.d.327846864F71881740323784445C9798.e.943/click - {}
RESULT: {}
COMMAND: POST /session/5dd02ced34a05cc82551188db4a752d4/element/f.2A9B76482B7011523197029A34881C34.d.327846864F71881740323784445C9798.e.947/click - {}
RESULT: {}
COMMAND: GET /session/5dd02ced34a05cc82551188db4a752d4/element/f.2A9B76482B7011523197029A34881C34.d.327846864F71881740323784445C9798.e.949/rect - {}
RESULT: {}
COMMAND: GET /session/5dd02ced34a05cc82551188db4a752d4/window/rect - {}
RESULT: {}
COMMAND: POST /session/5dd02ced34a05cc82551188db4a752d4/actions - {"actions":[{"id":"wheel20","type":"wheel","parameters":{},"actions":[{"type":"scroll","x":-123,"y":-402,"deltaX":0,"deltaY":0,"duration":0,"origin":{"element-6066-11e4-a52e-4f735466cecf":"f.2A9B76482B7011523197029A34881C34.d.327846864F71881740323784445C9798.e.949"}}]}]}
RESULT: {"actions":[{"id":"wheel20","type":"wheel","parameters":{},"actions":[{"type":"scroll","x":-123,"y":-402,"deltaX":0,"deltaY":0,"duration":0,"origin":{"element-6066-11e4-a52e-4f735466cecf":"f.2A9B76482B7011523197029A34881C34.d.327846864F71881740323784445C9798.e.949"}}]}]}
COMMAND: GET /session/5dd02ced34a05cc82551188db4a752d4/element/f.2A9B76482B7011523197029A34881C34.d.327846864F71881740323784445C9798.e.971/text - {}
RESULT: {}
COMMAND: GET /session/5dd02ced34a05cc82551188db4a752d4/element/f.2A9B76482B7011523197029A34881C34.d.327846864F71881740323784445C9798.e.978/text - {}
RESULT: {}
COMMAND: GET /session/5dd02ced34a05cc82551188db4a752d4/element/f.2A9B76482B7011523197029A34881C34.d.327846864F71881740323784445C9798.e.971/text - {}
RESULT: {}
COMMAND: GET /session/5dd02ced34a05cc82551188db4a752d4/element/f.2A9B76482B7011523197029A34881C34.d.327846864F71881740323784445C9798.e.970/name - {}
RESULT: {}
COMMAND: POST /session/5dd02ced34a05cc82551188db4a752d4/element/f.2A9B76482B7011523197029A34881C34.d.327846864F71881740323784445C9798.e.970/element - {"using":"xpath","value":".//button[normalize-space()='Approve']"}
RESULT: {"using":"xpath","value":".//button[normalize-space()='Approve']"}
COMMAND: POST /session/5dd02ced34a05cc82551188db4a752d4/element/f.2A9B76482B7011523197029A34881C34.d.327846864F71881740323784445C9798.e.970/elements - {"using":"xpath","value":".//button[normalize-space()='Approve']"}
RESULT: {"using":"xpath","value":".//button[normalize-space()='Approve']"}
COMMAND: GET /session/5dd02ced34a05cc82551188db4a752d4/element/f.2A9B76482B7011523197029A34881C34.d.327846864F71881740323784445C9798.e.980/text - {}
RESULT: {}
COMMAND: GET /session/5dd02ced34a05cc82551188db4a752d4/element/f.2A9B76482B7011523197029A34881C34.d.327846864F71881740323784445C9798.e.980/rect - {}
RESULT: {}
COMMAND: GET /session/5dd02ced34a05cc82551188db4a752d4/window/rect - {}
RESULT: {}
COMMAND: POST /session/5dd02ced34a05cc82551188db4a752d4/actions - {"actions":[{"id":"wheel21","type":"wheel","parameters":{},"actions":[{"type":"scroll","x":-106,"y":-398,"deltaX":0,"deltaY":0,"duration":0,"origin":{"element-6066-11e4-a52e-4f735466cecf":"f.2A9B76482B7011523197029A34881C34.d.327846864F71881740323784445C9798.e.980"}}]}]}
RESULT: {"actions":[{"id":"wheel21","type":"wheel","parameters":{},"actions":[{"type":"scroll","x":-106,"y":-398,"deltaX":0,"deltaY":0,"duration":0,"origin":{"element-6066-11e4-a52e-4f735466cecf":"f.2A9B76482B7011523197029A34881C34.d.327846864F71881740323784445C9798.e.980"}}]}]}
COMMAND: POST /session/5dd02ced34a05cc82551188db4a752d4/element/f.2A9B76482B7011523197029A34881C34.d.327846864F71881740323784445C9798.e.980/click - {}
RESULT: {}
COMMAND: POST /session/5dd02ced34a05cc82551188db4a752d4/element/f.2A9B76482B7011523197029A34881C34.d.327846864F71881740323784445C9798.e.968/element - {"using":"xpath","value":".//tr[contains(., 'Test User 2394')]"}
RESULT: {"using":"xpath","value":".//tr[contains(., 'Test User 2394')]"}
COMMAND: POST /session/5dd02ced34a05cc82551188db4a752d4/element/f.2A9B76482B7011523197029A34881C34.d.327846864F71881740323784445C9798.e.968/elements - {"using":"xpath","value":".//tr[contains(., 'Test User 2394')]"}
RESULT: {"using":"xpath","value":".//tr[contains(., 'Test User 2394')]"}
COMMAND: GET /session/5dd02ced34a05cc82551188db4a752d4/element/f.2A9B76482B7011523197029A34881C34.d.327846864F71881740323784445C9798.e.978/text - {}
RESULT: {}
COMMAND: POST /session/5dd02ced34a05cc82551188db4a752d4/element/f.2A9B76482B7011523197029A34881C34.d.327846864F71881740323784445C9798.e.968/element - {"using":"xpath","value":".//tr[contains(., 'Test User 2394')]"}
RESULT: {"using":"xpath","value":".//tr[contains(., 'Test User 2394')]"}
COMMAND: POST /session/5dd02ced34a05cc82551188db4a752d4/element/f.2A9B76482B7011523197029A34881C34.d.327846864F71881740323784445C9798.e.968/elements - {"using":"xpath","value":".//tr[contains(., 'Test User 2394')]"}
RESULT: {"using":"xpath","value":".//tr[contains(., 'Test User 2394')]"}
COMMAND: GET /session/5dd02ced34a05cc82551188db4a752d4/element/f.2A9B76482B7011523197029A34881C34.d.327846864F71881740323784445C9798.e.978/text - {}
RESULT: {}
COMMAND: POST /session/5dd02ced34a05cc82551188db4a752d4/element/f.2A9B76482B7011523197029A34881C34.d.327846864F71881740323784445C9798.e.968/element - {"using":"xpath","value":".//tr[contains(., 'Test User 2394')]"}
RESULT: {"using":"xpath","value":".//tr[contains(., 'Test User 2394')]"}
COMMAND: POST /session/5dd02ced34a05cc82551188db4a752d4/element/f.2A9B76482B7011523197029A34881C34.d.327846864F71881740323784445C9798.e.968/elements - {"using":"xpath","value":".//tr[contains(., 'Test User 2394')]"}
RESULT: {"using":"xpath","value":".//tr[contains(., 'Test User 2394')]"}
COMMAND: GET /session/5dd02ced34a05cc82551188db4a752d4/element/f.2A9B76482B7011523197029A34881C34.d.327846864F71881740323784445C9798.e.978/text - {}
RESULT: {}
COMMAND: POST /session/5dd02ced34a05cc82551188db4a752d4/element/f.2A9B76482B7011523197029A34881C34.d.327846864F71881740323784445C9798.e.968/element - {"using":"xpath","value":".//tr[contains(., 'Test User 2394')]"}
RESULT: {"using":"xpath","value":".//tr[contains(., 'Test User 2394')]"}
COMMAND: POST /session/5dd02ced34a05cc82551188db4a752d4/element/f.2A9B76482B7011523197029A34881C34.d.327846864F71881740323784445C9798.e.968/elements - {"using":"xpath","value":".//tr[contains(., 'Test User 2394')]"}
RESULT: {"using":"xpath","value":".//tr[contains(., 'Test User 2394')]"}
COMMAND: GET /session/5dd02ced34a05cc82551188db4a752d4/element/f.2A9B76482B7011523197029A34881C34.d.327846864F71881740323784445C9798.e.978/text - {}
RESULT: {}
COMMAND: POST /session/5dd02ced34a05cc82551188db4a752d4/element/f.2A9B76482B7011523197029A34881C34.d.327846864F71881740323784445C9798.e.968/element - {"using":"xpath","value":".//tr[contains(., 'Test User 2394')]"}
RESULT: {"using":"xpath","value":".//tr[contains(., 'Test User 2394')]"}
COMMAND: POST /session/5dd02ced34a05cc82551188db4a752d4/element/f.2A9B76482B7011523197029A34881C34.d.327846864F71881740323784445C9798.e.968/elements - {"using":"xpath","value":".//tr[contains(., 'Test User 2394')]"}
RESULT: {"using":"xpath","value":".//tr[contains(., 'Test User 2394')]"}
COMMAND: GET /session/5dd02ced34a05cc82551188db4a752d4/element/f.2A9B76482B7011523197029A34881C34.d.327846864F71881740323784445C9798.e.978/text - {}
RESULT: {}
COMMAND: POST /session/5dd02ced34a05cc82551188db4a752d4/element/f.2A9B76482B7011523197029A34881C34.d.327846864F71881740323784445C9798.e.968/element - {"using":"xpath","value":".//tr[contains(., 'Test User 2394')]"}
RESULT: {"using":"xpath","value":".//tr[contains(., 'Test User 2394')]"}
COMMAND: POST /session/5dd02ced34a05cc82551188db4a752d4/element/f.2A9B76482B7011523197029A34881C34.d.327846864F71881740323784445C9798.e.968/elements - {"using":"xpath","value":".//tr[contains(., 'Test User 2394')]"}
RESULT: {"using":"xpath","value":".//tr[contains(., 'Test User 2394')]"}
COMMAND: GET /session/5dd02ced34a05cc82551188db4a752d4/element/f.2A9B76482B7011523197029A34881C34.d.327846864F71881740323784445C9798.e.978/text - {}
RESULT: {}
COMMAND: POST /session/5dd02ced34a05cc82551188db4a752d4/element/f.2A9B76482B7011523197029A34881C34.d.327846864F71881740323784445C9798.e.968/element - {"using":"xpath","value":".//tr[contains(., 'Test User 2394')]"}
RESULT: {"using":"xpath","value":".//tr[contains(., 'Test User 2394')]"}
COMMAND: POST /session/5dd02ced34a05cc82551188db4a752d4/element/f.2A9B76482B7011523197029A34881C34.d.327846864F71881740323784445C9798.e.968/elements - {"using":"xpath","value":".//tr[contains(., 'Test User 2394')]"}
RESULT: {"using":"xpath","value":".//tr[contains(., 'Test User 2394')]"}
COMMAND: GET /session/5dd02ced34a05cc82551188db4a752d4/element/f.2A9B76482B7011523197029A34881C34.d.327846864F71881740323784445C9798.e.978/text - {}
RESULT: {}
COMMAND: POST /session/5dd02ced34a05cc82551188db4a752d4/element/f.2A9B76482B7011523197029A34881C34.d.327846864F71881740323784445C9798.e.968/element - {"using":"xpath","value":".//tr[contains(., 'Test User 2394')]"}
RESULT: {"using":"xpath","value":".//tr[contains(., 'Test User 2394')]"}
COMMAND: POST /session/5dd02ced34a05cc82551188db4a752d4/element/f.2A9B76482B7011523197029A34881C34.d.327846864F71881740323784445C9798.e.968/elements - {"using":"xpath","value":".//tr[contains(., 'Test User 2394')]"}
RESULT: {"using":"xpath","value":".//tr[contains(., 'Test User 2394')]"}
COMMAND: GET /session/5dd02ced34a05cc82551188db4a752d4/element/f.2A9B76482B7011523197029A34881C34.d.327846864F71881740323784445C9798.e.978/text - {}
RESULT: {}
COMMAND: GET /session/5dd02ced34a05cc82551188db4a752d4/element/f.2A9B76482B7011523197029A34881C34.d.327846864F71881740323784445C9798.e.971/text - {}
RESULT: {}
COMMAND: GET /session/5dd02ced34a05cc82551188db4a752d4/element/f.2A9B76482B7011523197029A34881C34.d.327846864F71881740323784445C9798.e.978/text - {}
RESULT: {}
COMMAND: GET /session/5dd02ced34a05cc82551188db4a752d4/element/f.2A9B76482B7011523197029A34881C34.d.327846864F71881740323784445C9798.e.949/rect - {}
RESULT: {}
COMMAND: GET /session/5dd02ced34a05cc82551188db4a752d4/window/rect - {}
RESULT: {}
COMMAND: POST /session/5dd02ced34a05cc82551188db4a752d4/actions - {"actions":[{"id":"wheel22","type":"wheel","parameters":{},"actions":[{"type":"scroll","x":-123,"y":-402,"deltaX":0,"deltaY":0,"duration":0,"origin":{"element-6066-11e4-a52e-4f735466cecf":"f.2A9B76482B7011523197029A34881C34.d.327846864F71881740323784445C9798.e.949"}}]}]}
RESULT: {"actions":[{"id":"wheel22","type":"wheel","parameters":{},"actions":[{"type":"scroll","x":-123,"y":-402,"deltaX":0,"deltaY":0,"duration":0,"origin":{"element-6066-11e4-a52e-4f735466cecf":"f.2A9B76482B7011523197029A34881C34.d.327846864F71881740323784445C9798.e.949"}}]}]}
COMMAND: GET /session/5dd02ced34a05cc82551188db4a752d4/element/f.2A9B76482B7011523197029A34881C34.d.327846864F71881740323784445C9798.e.971/text - {}
RESULT: {}
COMMAND: GET /session/5dd02ced34a05cc82551188db4a752d4/element/f.2A9B76482B7011523197029A34881C34.d.327846864F71881740323784445C9798.e.978/text - {}
RESULT: {}
COMMAND: GET /session/5dd02ced34a05cc82551188db4a752d4/element/f.2A9B76482B7011523197029A34881C34.d.327846864F71881740323784445C9798.e.971/text - {}
RESULT: {}
COMMAND: GET /session/5dd02ced34a05cc82551188db4a752d4/element/f.2A9B76482B7011523197029A34881C34.d.327846864F71881740323784445C9798.e.978/text - {}
RESULT: {}
COMMAND: POST /session/5dd02ced34a05cc82551188db4a752d4/element/f.2A9B76482B7011523197029A34881C34.d.327846864F71881740323784445C9798.e.984/click - {}
RESULT: {}
COMMAND: POST /session/5dd02ced34a05cc82551188db4a752d4/element/f.2A9B76482B7011523197029A34881C34.d.327846864F71881740323784445C9798.e.986/click - {}
RESULT: {}
COMMAND: DELETE /session/5dd02ced34a05cc82551188db4a752d4 - {}
RESULT: {}
]]></system-out>
    </testcase>
  </testsuite>
</testsuites>