<?xml version="1.0" encoding="UTF-8"?>
<testsuites tests="1" failures="1" errors="0" skipped="0">
  <testsuite name="Dashboard Page Test Suite" timestamp="2026-02-16T16:57:54" time="4.606" tests="1" failures="1" errors="0" skipped="0">
    <properties>
      <property name="specId" value="0"/>
      <property name="suiteName" value="Dashboard Page Test Suite"/>
      <property name="capabilities" value="chrome.144_0_7559_133.windows"/>
      <property name="file" value="file:///C:/Users/subra/OneDrive%20-%20ICAD%20Airports%20Pvt%20Ltd/Desktop/AIP%20Sentinel%20Automation%2005-10-2025/test/specs/dashboardpage_test.e2e.ts"/>
    </properties>
    <testcase classname="chrome.144_0_7559_133.windows.Dashboard_Page_Test_Suite" name="should verify dashboard elements are displayed after login" time="4.599">
      <failure message="headerElem.parent is not a function"/>
      <system-out><![CDATA[
COMMAND: POST /session/aacdd8b1fbc79a19130ea7001c934601/window/maximize - {}
RESULT: {}
COMMAND: POST /session/aacdd8b1fbc79a19130ea7001c934601/element/f.9F1BAD51503E3EFB0E6A99DADEFFB47D.d.BA9A08439B3C3FB582FD1AC5FC12FD9B.e.8/click - {}
RESULT: {}
COMMAND: POST /session/aacdd8b1fbc79a19130ea7001c934601/element/f.9F1BAD51503E3EFB0E6A99DADEFFB47D.d.BA9A08439B3C3FB582FD1AC5FC12FD9B.e.12/click - {}
RESULT: {}
COMMAND: POST /session/aacdd8b1fbc79a19130ea7001c934601/element/f.9F1BAD51503E3EFB0E6A99DADEFFB47D.d.BA9A08439B3C3FB582FD1AC5FC12FD9B.e.6/clear - {}
RESULT: {}
COMMAND: POST /session/aacdd8b1fbc79a19130ea7001c934601/element/f.9F1BAD51503E3EFB0E6A99DADEFFB47D.d.BA9A08439B3C3FB582FD1AC5FC12FD9B.e.6/value - {"text":"aip.admin@niairport.in"}
RESULT: {"text":"aip.admin@niairport.in"}
COMMAND: POST /session/aacdd8b1fbc79a19130ea7001c934601/element/f.9F1BAD51503E3EFB0E6A99DADEFFB47D.d.BA9A08439B3C3FB582FD1AC5FC12FD9B.e.7/clear - {}
RESULT: {}
COMMAND: POST /session/aacdd8b1fbc79a19130ea7001c934601/element/f.9F1BAD51503E3EFB0E6A99DADEFFB47D.d.BA9A08439B3C3FB582FD1AC5FC12FD9B.e.7/value - {"text":"MSI@Admin123"}
RESULT: {"text":"MSI@Admin123"}
COMMAND: GET /session/aacdd8b1fbc79a19130ea7001c934601/element/f.9F1BAD51503E3EFB0E6A99DADEFFB47D.d.BA9A08439B3C3FB582FD1AC5FC12FD9B.e.9/enabled - {}
RESULT: {}
COMMAND: GET /session/aacdd8b1fbc79a19130ea7001c934601/element/f.9F1BAD51503E3EFB0E6A99DADEFFB47D.d.BA9A08439B3C3FB582FD1AC5FC12FD9B.e.17/text - {}
RESULT: {}
COMMAND: POST /session/aacdd8b1fbc79a19130ea7001c934601/element/f.9F1BAD51503E3EFB0E6A99DADEFFB47D.d.BA9A08439B3C3FB582FD1AC5FC12FD9B.e.9/click - {}
RESULT: {}
COMMAND: GET /session/aacdd8b1fbc79a19130ea7001c934601/element/f.9F1BAD51503E3EFB0E6A99DADEFFB47D.d.BA9A08439B3C3FB582FD1AC5FC12FD9B.e.20/text - {}
RESULT: {}
COMMAND: GET /session/aacdd8b1fbc79a19130ea7001c934601/element/f.9F1BAD51503E3EFB0E6A99DADEFFB47D.d.BA9A08439B3C3FB582FD1AC5FC12FD9B.e.21/text - {}
RESULT: {}
COMMAND: GET /session/aacdd8b1fbc79a19130ea7001c934601/element/f.9F1BAD51503E3EFB0E6A99DADEFFB47D.d.BA9A08439B3C3FB582FD1AC5FC12FD9B.e.26/text - {}
RESULT: {}
COMMAND: GET /session/aacdd8b1fbc79a19130ea7001c934601/element/f.9F1BAD51503E3EFB0E6A99DADEFFB47D.d.BA9A08439B3C3FB582FD1AC5FC12FD9B.e.27/text - {}
RESULT: {}
COMMAND: GET /session/aacdd8b1fbc79a19130ea7001c934601/element/f.9F1BAD51503E3EFB0E6A99DADEFFB47D.d.BA9A08439B3C3FB582FD1AC5FC12FD9B.e.28/text - {}
RESULT: {}
COMMAND: GET /session/aacdd8b1fbc79a19130ea7001c934601/element/f.9F1BAD51503E3EFB0E6A99DADEFFB47D.d.BA9A08439B3C3FB582FD1AC5FC12FD9B.e.29/text - {}
RESULT: {}
COMMAND: GET /session/aacdd8b1fbc79a19130ea7001c934601/element/f.9F1BAD51503E3EFB0E6A99DADEFFB47D.d.BA9A08439B3C3FB582FD1AC5FC12FD9B.e.30/text - {}
RESULT: {}
COMMAND: GET /session/aacdd8b1fbc79a19130ea7001c934601/element/f.9F1BAD51503E3EFB0E6A99DADEFFB47D.d.BA9A08439B3C3FB582FD1AC5FC12FD9B.e.33/rect - {}
RESULT: {}
COMMAND: GET /session/aacdd8b1fbc79a19130ea7001c934601/window/rect - {}
RESULT: {}
COMMAND: POST /session/aacdd8b1fbc79a19130ea7001c934601/actions - {"actions":[{"id":"wheel1","type":"wheel","parameters":{},"actions":[{"type":"scroll","x":-1409,"y":-24,"deltaX":0,"deltaY":0,"duration":0,"origin":{"element-6066-11e4-a52e-4f735466cecf":"f.9F1BAD51503E3EFB0E6A99DADEFFB47D.d.BA9A08439B3C3FB582FD1AC5FC12FD9B.e.33"}}]}]}
RESULT: {"actions":[{"id":"wheel1","type":"wheel","parameters":{},"actions":[{"type":"scroll","x":-1409,"y":-24,"deltaX":0,"deltaY":0,"duration":0,"origin":{"element-6066-11e4-a52e-4f735466cecf":"f.9F1BAD51503E3EFB0E6A99DADEFFB47D.d.BA9A08439B3C3FB582FD1AC5FC12FD9B.e.33"}}]}]}
COMMAND: GET /session/aacdd8b1fbc79a19130ea7001c934601/element/f.9F1BAD51503E3EFB0E6A99DADEFFB47D.d.BA9A08439B3C3FB582FD1AC5FC12FD9B.e.32/text - {}
RESULT: {}
COMMAND: GET /session/aacdd8b1fbc79a19130ea7001c934601/element/f.9F1BAD51503E3EFB0E6A99DADEFFB47D.d.BA9A08439B3C3FB582FD1AC5FC12FD9B.e.38/rect - {}
RESULT: {}
COMMAND: GET /session/aacdd8b1fbc79a19130ea7001c934601/window/rect - {}
RESULT: {}
COMMAND: POST /session/aacdd8b1fbc79a19130ea7001c934601/actions - {"actions":[{"id":"wheel2","type":"wheel","parameters":{},"actions":[{"type":"scroll","x":-1496,"y":-24,"deltaX":0,"deltaY":0,"duration":0,"origin":{"element-6066-11e4-a52e-4f735466cecf":"f.9F1BAD51503E3EFB0E6A99DADEFFB47D.d.BA9A08439B3C3FB582FD1AC5FC12FD9B.e.38"}}]}]}
RESULT: {"actions":[{"id":"wheel2","type":"wheel","parameters":{},"actions":[{"type":"scroll","x":-1496,"y":-24,"deltaX":0,"deltaY":0,"duration":0,"origin":{"element-6066-11e4-a52e-4f735466cecf":"f.9F1BAD51503E3EFB0E6A99DADEFFB47D.d.BA9A08439B3C3FB582FD1AC5FC12FD9B.e.38"}}]}]}
COMMAND: GET /session/aacdd8b1fbc79a19130ea7001c934601/element/f.9F1BAD51503E3EFB0E6A99DADEFFB47D.d.BA9A08439B3C3FB582FD1AC5FC12FD9B.e.37/text - {}
RESULT: {}
COMMAND: DELETE /session/aacdd8b1fbc79a19130ea7001c934601 - {}
RESULT: {}
]]></system-out>
      <system-err><![CDATA[
TypeError: headerElem.parent is not a function
    at validateCategory (C:\Users\subra\OneDrive - ICAD Airports Pvt Ltd\Desktop\AIP Sentinel Automation 05-10-2025\test\pageobjects\dashboard.page.ts:231:50)
    at async DashboardPage.InfraCat (C:\Users\subra\OneDrive - ICAD Airports Pvt Ltd\Desktop\AIP Sentinel Automation 05-10-2025\test\pageobjects\dashboard.page.ts:266:9)
    at async Context.<anonymous> (C:\Users\subra\OneDrive - ICAD Airports Pvt Ltd\Desktop\AIP Sentinel Automation 05-10-2025\test\specs\dashboardpage_test.e2e.ts:15:9)
    at async Context.executeAsync (C:\Users\subra\OneDrive - ICAD Airports Pvt Ltd\Desktop\AIP Sentinel Automation 05-10-2025\node_modules\@wdio\utils\build\index.js:1108:20)
    at async Context.testFrameworkFnWrapper (C:\Users\subra\OneDrive - ICAD Airports Pvt Ltd\Desktop\AIP Sentinel Automation 05-10-2025\node_modules\@wdio\utils\build\index.js:1188:14)
]]></system-err>
    </testcase>
  </testsuite>
</testsuites>